Log file open, 11/28/16 21:34:07
LogInit:Display: Running engine for game: MirrorChamber
LogPlatformFile: Not using cached read wrapper
LogInit:Display: RandInit(1671713717) SRandInit(1671713718).
LogTaskGraph: Started task graph with 4 named threads and 7 total threads with 1 sets of task threads.
LogStats: Stats thread started at 0.084522
LogInit: Version: 4.12.5-3039270+++UE4+Release-4.12
LogInit: API Version: 2992821
LogInit: Net Version: 3039270
LogDevObjectVersion: Number of dev versions registered: 13
LogDevObjectVersion:   Dev-Blueprints (B0D832E4-1F89-4F0D-ACCF-7EB736FD4AA2): 3
LogDevObjectVersion:   Dev-Build (E1C64328-A22C-4D53-A36C-8E866417BD8C): 0
LogDevObjectVersion:   Dev-Core (375EC13C-06E4-48FB-B500-84F0262A717E): 1
LogDevObjectVersion:   Dev-Editor (E4B068ED-F494-42E9-A231-DA0B2E46BB41): 2
LogDevObjectVersion:   Dev-Framework (CFFC743F-43B0-4480-9391-14DF171D2073): 6
LogDevObjectVersion:   Dev-Mobile (B02B49B5-BB20-44E9-A304-32B752E40360): 0
LogDevObjectVersion:   Dev-Networking (A4E4105C-59A1-49B5-A7C5-40C4547EDFEE): 0
LogDevObjectVersion:   Dev-Online (39C831C9-5AE6-47DC-9A44-9C173E1C8E7C): 0
LogDevObjectVersion:   Dev-Physics (78F01B33-EBEA-4F98-B9B4-84EACCB95AA2): 0
LogDevObjectVersion:   Dev-Platform (6631380F-2D4D-43E0-8009-CF276956A95A): 0
LogDevObjectVersion:   Dev-Rendering (12F88B9F-8875-4AFC-A67C-D90C383ABD29): 2
LogDevObjectVersion:   Dev-Sequencer (7B5AE74C-D270-4C10-A958-57980B212A5A): 0
LogDevObjectVersion:   Dev-VR (D7296918-1DD6-4BDD-9DE2-64A83CC13884): 0
LogInit: Compiled (64-bit): Jul  6 2016 09:09:46
LogInit: Compiled with Visual C++: 19.00.23026.00
LogInit: Build Configuration: Development
LogInit: Branch Name: ++UE4+Release-4.12
LogInit: Command line:  
LogInit: Base directory: C:/Program Files (x86)/Epic Games/4.12/Engine/Binaries/Win64/
LogInit: Installed Engine Build: 1
LogInit: Using libcurl 7.41.0
LogInit:  - built for x86_64-pc-win32
LogInit:  - supports SSL with WinSSL
LogInit:  - other features:
LogInit:      CURL_VERSION_SSL
LogInit:      CURL_VERSION_IPV6
LogInit:      CURL_VERSION_ASYNCHDNS
LogInit:      CURL_VERSION_LARGEFILE
LogInit:      CURL_VERSION_IDN
LogInit:  CurlRequestOptions (configurable via config and command line):
LogInit:  - bVerifyPeer = true  - Libcurl will verify peer certificate
LogInit:  - bUseHttpProxy = false  - Libcurl will NOT use HTTP proxy
LogInit:  - bDontReuseConnections = false  - Libcurl will reuse connections
LogInit:  - CertBundlePath = nullptr  - Libcurl will use whatever was configured at build time.
LogInit: Presizing for max 8388607 objects, including 0 objects not considered by GC, pre-allocating 0 bytes for permanent pool.
LogInit: Object subsystem initialized
[2016.11.29-00.34.07:840][  0]LogInit: Selected Device Profile: [Windows]
[2016.11.29-00.34.07:840][  0]LogInit: Applying CVar settings loaded from the selected device profile: [Windows]
[2016.11.29-00.34.07:848][  0]LogInit: Computer: GUEKIVAC
[2016.11.29-00.34.07:848][  0]LogInit: User: Guekaware
[2016.11.29-00.34.07:848][  0]LogInit: CPU Page size=65536, Cores=4
[2016.11.29-00.34.07:848][  0]LogInit: High frequency timer resolution =2.531247 MHz
[2016.11.29-00.34.07:848][  0]LogMemory: Memory total: Physical=15.9GB (16GB approx)
[2016.11.29-00.34.07:848][  0]LogMemory: Platform Memory Stats for Windows
[2016.11.29-00.34.07:848][  0]LogMemory: Process Physical Memory: 190.28 MB used, 190.28 MB peak
[2016.11.29-00.34.07:848][  0]LogMemory: Process Virtual Memory: 195.43 MB used, 195.43 MB peak
[2016.11.29-00.34.07:848][  0]LogMemory: Physical Memory: 9116.37 MB used, 16283.44 MB total
[2016.11.29-00.34.07:848][  0]LogMemory: Virtual Memory: 539.54 MB used, 134217728.00 MB total
[2016.11.29-00.34.07:880][  0]LogTextLocalizationManager: No specific translations for ('en-US') exist, so ('en') translations will be used.
[2016.11.29-00.34.08:317][  0]LogD3D11RHI: D3D11 adapters:
[2016.11.29-00.34.08:353][  0]LogD3D11RHI:    0. 'NVIDIA GeForce GTX 970M' (Feature Level 11_0)
[2016.11.29-00.34.08:353][  0]LogD3D11RHI:       3037/0/8141 MB DedicatedVideo/DedicatedSystem/SharedSystem, Outputs:2, VendorId:0x10de
[2016.11.29-00.34.08:361][  0]LogD3D11RHI:    1. 'Intel(R) HD Graphics 530' (Feature Level 11_0)
[2016.11.29-00.34.08:361][  0]LogD3D11RHI:       128/0/8141 MB DedicatedVideo/DedicatedSystem/SharedSystem, Outputs:0, VendorId:0x8086
[2016.11.29-00.34.08:363][  0]LogD3D11RHI:    2. 'Microsoft Basic Render Driver' (Feature Level 11_0)
[2016.11.29-00.34.08:363][  0]LogD3D11RHI:       0/0/8141 MB DedicatedVideo/DedicatedSystem/SharedSystem, Outputs:0, VendorId:0x1414
[2016.11.29-00.34.08:363][  0]LogD3D11RHI: Chosen D3D11 Adapter: 0
[2016.11.29-00.34.08:369][  0]LogD3D11RHI: Creating new Direct3DDevice
[2016.11.29-00.34.08:369][  0]LogD3D11RHI:     GPU DeviceId: 0x13d8 (for the marketing name, search the web for "GPU Device Id")
[2016.11.29-00.34.08:369][  0]LogWindows: EnumDisplayDevices:
[2016.11.29-00.34.08:369][  0]LogWindows:    0. 'Intel(R) HD Graphics 530' (P:1 D:1)
[2016.11.29-00.34.08:369][  0]LogWindows:    1. 'Intel(R) HD Graphics 530' (P:0 D:0)
[2016.11.29-00.34.08:370][  0]LogWindows:    2. 'Intel(R) HD Graphics 530' (P:0 D:0)
[2016.11.29-00.34.08:370][  0]LogWindows:    3. 'NVIDIA GeForce GTX 970M' (P:0 D:1)
[2016.11.29-00.34.08:370][  0]LogWindows: DebugString: PrimaryIsNotTheChoosenAdapter PrimaryIsNotTheChoosenAdapter PrimaryIsNotTheChoosenAdapter 
[2016.11.29-00.34.08:370][  0]LogD3D11RHI:     Adapter Name: NVIDIA GeForce GTX 970M
[2016.11.29-00.34.08:370][  0]LogD3D11RHI:   Driver Version: 372.54 (internal:21.21.13.7254, unified:372.54)
[2016.11.29-00.34.08:370][  0]LogD3D11RHI:      Driver Date: 8-11-2016
[2016.11.29-00.34.08:370][  0]LogRHI: Texture pool is 1361 MB (70% of 1945 MB)
[2016.11.29-00.34.08:387][  0]LogD3D11RHI: Async texture creation enabled
[2016.11.29-00.34.08:398][  0]LogD3D11RHI: GPU Timing Frequency: 1000.000000 (Debug: 2 1)
[2016.11.29-00.34.08:398][  0]LogShaderCompilers: Guid format shader working directory is 16 characters bigger than the processId version (D:/Unreal Projects/MirrorChamber/Intermediate/Shaders/WorkingDirectory/15208/).
[2016.11.29-00.34.08:399][  0]LogShaderCompilers: Cleaned the shader compiler working directory 'C:/Users/GUEKAW~1/AppData/Local/Temp/UnrealShaderWorkingDir/B2B89FA7462C4434583FC6A11F0E9BEB/'.
[2016.11.29-00.34.08:399][  0]LogShaderCompilers:Display: Using Local Shader Compiler.
[2016.11.29-00.34.09:498][  0]LogTemp:Display: Loaded TP AllDesktopTargetPlatform
[2016.11.29-00.34.09:508][  0]LogTemp:Display: Loaded TP WindowsClientTargetPlatform
[2016.11.29-00.34.09:518][  0]LogTemp:Display: Loaded TP WindowsNoEditorTargetPlatform
[2016.11.29-00.34.09:529][  0]LogTemp:Display: Loaded TP WindowsServerTargetPlatform
[2016.11.29-00.34.09:539][  0]LogTemp:Display: Loaded TP WindowsTargetPlatform
[2016.11.29-00.34.09:547][  0]LogTemp:Display: Loaded TP AndroidTargetPlatform
[2016.11.29-00.34.09:557][  0]LogTemp:Display: Loaded TP Android_ASTCTargetPlatform
[2016.11.29-00.34.09:566][  0]LogTemp:Display: Loaded TP Android_ATCTargetPlatform
[2016.11.29-00.34.09:577][  0]LogTemp:Display: Loaded TP Android_DXTTargetPlatform
[2016.11.29-00.34.09:585][  0]LogTemp:Display: Loaded TP Android_ETC1TargetPlatform
[2016.11.29-00.34.09:594][  0]LogTemp:Display: Loaded TP Android_ETC2TargetPlatform
[2016.11.29-00.34.09:611][  0]LogTemp:Display: Loaded TP Android_MultiTargetPlatform
[2016.11.29-00.34.09:611][  0]LogTemp:Display: Loaded TP Android_PVRTCTargetPlatform
[2016.11.29-00.34.09:612][  0]LogTemp:Display: Loaded TP HTML5TargetPlatform
[2016.11.29-00.34.09:634][  0]LogTemp:Display: Loaded TP IOSTargetPlatform
[2016.11.29-00.34.09:642][  0]LogTemp:Display: Loaded TP TVOSTargetPlatform
[2016.11.29-00.34.09:650][  0]LogTemp:Display: Loaded TP LinuxNoEditorTargetPlatform
[2016.11.29-00.34.09:661][  0]LogTemp:Display: Loaded TP LinuxServerTargetPlatform
[2016.11.29-00.34.09:669][  0]LogTemp:Display: Loaded TP LinuxTargetPlatform
[2016.11.29-00.34.09:669][  0]LogTargetPlatformManager:Display: Building Assets For Windows
[2016.11.29-00.34.09:766][  0]LogDerivedDataCache:Display: Max Cache Size: 512 MB
[2016.11.29-00.34.09:916][  0]LogDerivedDataCache: Loaded boot cache 0.15s 48MB C:/Users/Guekaware/AppData/Local/UnrealEngine/4.12/DerivedDataCache/Boot.ddc.
[2016.11.29-00.34.09:916][  0]LogDerivedDataCache:Display: Loaded Boot cache: C:/Users/Guekaware/AppData/Local/UnrealEngine/4.12/DerivedDataCache/Boot.ddc
[2016.11.29-00.34.09:916][  0]LogDerivedDataCache: FDerivedDataBackendGraph:  Pak pak cache file D:/Unreal Projects/MirrorChamber/DerivedDataCache/DDC.ddp not found, will not use a pak cache.
[2016.11.29-00.34.09:916][  0]LogDerivedDataCache: Unable to find inner node Pak for hierarchical cache Hierarchy.
[2016.11.29-00.34.09:916][  0]LogDerivedDataCache: FDerivedDataBackendGraph:  CompressedPak pak cache file D:/Unreal Projects/MirrorChamber/DerivedDataCache/Compressed.ddp not found, will not use a pak cache.
[2016.11.29-00.34.09:916][  0]LogDerivedDataCache: Unable to find inner node CompressedPak for hierarchical cache Hierarchy.
[2016.11.29-00.34.09:935][  0]LogDerivedDataCache:Display: Pak cache opened for reading ../../../Engine/DerivedDataCache/Compressed.ddp.
[2016.11.29-00.34.09:946][  0]LogDerivedDataCache: Using Local data cache path C:/Users/Guekaware/AppData/Local/UnrealEngine/Common/DerivedDataCache: Writable
[2016.11.29-00.34.10:272][  0]LogInit: Selected Device Profile: [Windows]
[2016.11.29-00.34.10:274][  0]LogContentStreaming: Texture pool size is 0.00 MB
[2016.11.29-00.34.10:445][  0]LogMeshUtilities: No automatic mesh reduction module available
[2016.11.29-00.34.10:445][  0]LogMeshUtilities: No automatic mesh merging module available
[2016.11.29-00.34.10:445][  0]LogMeshUtilities: No distributed automatic mesh merging module available
[2016.11.29-00.34.10:702][  0]LogAssetRegistry: FAssetRegistry took 0.0212 seconds to start up
[2016.11.29-00.34.10:729][  0]LogPackageLocalizationCache: Processed 3 localized package path(s) for 2 prioritized culture(s) in 0.023063 seconds
[2016.11.29-00.34.10:734][  0]LogUObjectArray: 28739 objects as part of root set at end of initial load.
[2016.11.29-00.34.10:734][  0]LogUObjectAllocator: 5855624 out of 0 bytes used by permanent object pool.
[2016.11.29-00.34.10:734][  0]LogUObjectArray: CloseDisregardForGC: 0/0 objects in disregard for GC pool
[2016.11.29-00.34.10:744][  0]LogInit: WinSock: version 1.1 (2.2), MaxSocks=32767, MaxUdp=65467
[2016.11.29-00.34.10:965][  0]LogSlate: SlateFontCache - WITH_FREETYPE: 1, WITH_HARFBUZZ: 1
[2016.11.29-00.34.10:965][  0]LogSlate: SlateFontCache - WITH_FREETYPE: 1, WITH_HARFBUZZ: 1
[2016.11.29-00.34.12:242][  0]LogUdpMessaging: Initializing bridge on interface 0.0.0.0:0 to multicast group 230.0.0.1:6666.
[2016.11.29-00.34.12:501][  0]SourceControl: Info Source control is disabled
[2016.11.29-00.34.12:589][  0]SourceControl: Info Source control is disabled
[2016.11.29-00.34.12:599][  0]SourceControl: Info Source control is disabled
[2016.11.29-00.34.12:611][  0]SourceControl: Info Source control is disabled
[2016.11.29-00.34.12:681][  0]LogLinker:Warning: Can't find file '/Game/SideScrollerBP/SideScrollerOverview'
[2016.11.29-00.34.12:681][  0]LogLinker:Warning: Can't find file '/Game/SideScrollerBP/SideScrollerOverview'
[2016.11.29-00.34.12:681][  0]LogUObjectGlobals:Warning: Failed to find object 'Class /Game/SideScrollerBP/SideScrollerOverview.SideScrollerOverview_C'
[2016.11.29-00.34.12:868][  0]LogEngine: Initializing Engine...
[2016.11.29-00.34.12:872][  0]LogHMD: SteamVR failed to initialize.  Err: 110
[2016.11.29-00.34.12:872][  0]LogHMD: SteamVR failed to initialize.  Err: 110
[2016.11.29-00.34.13:018][  0]LogAIModule: Creating AISystem for world NewWorld
[2016.11.29-00.34.13:028][  0]LogInit: XAudio2 using 'Speakers (Sound Blaster Recon3Di)' : 2 channels at 48 kHz using 32 bits per sample (channel mask 0x3)
[2016.11.29-00.34.13:041][  0]LogInit: FAudioDevice initialized.
[2016.11.29-00.34.13:064][  0]LogDerivedDataCache: Saved boot cache 0.02s 48MB C:/Users/Guekaware/AppData/Local/UnrealEngine/4.12/DerivedDataCache/Boot.ddc.
[2016.11.29-00.34.13:068][  0]LogInit: Texture streaming: Enabled
[2016.11.29-00.34.13:103][  0]LogInit: Transaction tracking system initialized
[2016.11.29-00.34.13:134][  0]BlueprintLog: New page: Editor Load
[2016.11.29-00.34.13:235][  0]LocalizationService: Info Localization service is disabled
[2016.11.29-00.34.13:315][  0]LogConsoleResponse:Display: 
[2016.11.29-00.34.13:439][  0]LogCook:Display: Max memory allowance for cook 8192mb
[2016.11.29-00.34.13:439][  0]LogCook:Display: Mobile HDR setting 1
[2016.11.29-00.34.13:570][  0]LogFileCache: Scanning file cache for directory 'D:/Unreal Projects/MirrorChamber/Content/' took 0.01s
[2016.11.29-00.34.13:570][  0]SourceControl: Info Source control is disabled
[2016.11.29-00.34.13:570][  0]Cmd: MAP LOAD FILE="D:/Unreal Projects/MirrorChamber/Content/SideScrollerBP/Maps/SideScrollerExampleMap.umap" TEMPLATE=0 SHOWPROGRESS=1 FEATURELEVEL=3
[2016.11.29-00.34.13:570][  0]LogEditorServer:Warning: Can't find file 'D:/Unreal Projects/MirrorChamber/Content/SideScrollerBP/Maps/SideScrollerExampleMap.umap'
[2016.11.29-00.34.13:570][  0]Cmd: MAP CHECKDEP NOCLEARLOG
[2016.11.29-00.34.13:611][  0]MapCheck: Info Map check complete: 0 Error(s), 0 Warning(s), took 40.158ms to complete.
[2016.11.29-00.34.13:611][  0]LogFileHelpers: Loading map 'SideScrollerExampleMap' took 0.040
[2016.11.29-00.34.13:700][  0]LogCollectionManager: Loaded 0 collections in 0.002447 seconds
[2016.11.29-00.34.13:745][  0]LogFileCache: Scanning file cache for directory 'D:/Unreal Projects/MirrorChamber/Saved/Collections/' took 0.01s
[2016.11.29-00.34.13:745][  0]LogFileCache: Scanning file cache for directory 'D:/Unreal Projects/MirrorChamber/Content/Developers/Guekaware/Collections/' took 0.01s
[2016.11.29-00.34.13:745][  0]LogFileCache: Scanning file cache for directory 'D:/Unreal Projects/MirrorChamber/Content/Collections/' took 0.01s
[2016.11.29-00.34.13:745][  0]LogCollectionManager: Rebuilt the GUID cache for 0 collections in 0.000003 seconds
[2016.11.29-00.34.13:757][  0]LogContentBrowser: Native class hierarchy populated in 0.0116 seconds. Added 2047 classes and 369 folders.
[2016.11.29-00.34.13:764][  0]LogStats: UGameplayTagsManager::ConstructGameplayTagTree: Construct from data asset -  0.000 s
[2016.11.29-00.34.13:764][  0]LogStats: UGameplayTagsManager::ConstructGameplayTagTree: GameplayTagTreeChangedEvent.Broadcast -  0.000 s
[2016.11.29-00.34.13:765][  0]LogContentBrowser: Native class hierarchy updated for 'GameplayTags' in 0.0006 seconds. Added 12 classes and 0 folders.
[2016.11.29-00.34.13:770][  0]LogContentBrowser: Native class hierarchy updated for 'WidgetCarousel' in 0.0003 seconds. Added 0 classes and 0 folders.
[2016.11.29-00.34.13:888][  0]LogContentBrowser: Native class hierarchy updated for 'AddContentDialog' in 0.0004 seconds. Added 0 classes and 0 folders.
[2016.11.29-00.34.13:913][  0]LogContentBrowser: Native class hierarchy updated for 'SceneOutliner' in 0.0005 seconds. Added 1 classes and 2 folders.
[2016.11.29-00.34.13:961][  0]LogCrashTracker: Crashtracker disabled due to settings.
[2016.11.29-00.34.13:968][  0]LogUObjectGlobals:Warning: Failed to find object 'Class None.'
[2016.11.29-00.34.13:996][  0]LogContentBrowser: Native class hierarchy updated for 'HierarchicalLODOutliner' in 0.0004 seconds. Added 1 classes and 2 folders.
[2016.11.29-00.34.13:996][  0]LogLoad: Full Startup: 7.02 seconds (BP compile: 0.00 seconds)
[2016.11.29-00.34.13:996][  0]LogExternalProfiler: Found external profiler: VSPerf
[2016.11.29-00.34.13:996][  0]LogExternalProfiler: Using external profiler: VSPerf
[2016.11.29-00.34.14:014][  0]LogWindowsTextInputMethodSystem:Display: IME system now deactivated.
[2016.11.29-00.34.14:014][  0]LogOcInput: OculusInput pre-init called
[2016.11.29-00.34.14:035][  0]LogContentStreaming: Texture pool size now 1000 MB
[2016.11.29-00.34.14:212][  0]LogRenderer: Reallocating scene render targets to support 828x1012 (Frame:2).
[2016.11.29-00.34.14:295][  1]LogAssetRegistry: Asset discovery search completed in 3.6145 seconds
[2016.11.29-00.34.14:295][  1]LogCollectionManager: Rebuilt the object cache for 0 collections in 0.000000 seconds (found 0 objects)
[2016.11.29-00.34.14:295][  1]LogCollectionManager: Fixed up redirectors for 0 collections in 0.000019 seconds (updated 0 objects)
[2016.11.29-00.34.18:790][267]LogBlueprint:Error: Compiler Error This blueprint (self) is not a ActorComponent, therefore ' Target ' must have a connection.
[2016.11.29-00.34.18:790][267]LogBlueprint:Error: Compiler Error This blueprint (self) is not a ActorComponent, therefore ' Target ' must have a connection.
[2016.11.29-00.34.18:794][267]LogBlueprint:Warning: Compiler Warning [0011.81] Compile of ScenarioBP failed. 2 Fatal Issue(s) 0 Warning(s) [in 5 ms] (/Game/MirrorChamber/Blueprints/ScenarioBP.ScenarioBP)
[2016.11.29-00.34.18:794][267]LogBlueprint:Warning: Compiler Warning [0011.81] Compile of ScenarioBP failed. 2 Fatal Issue(s) 1 Warning(s) [in 0 ms] (/Game/MirrorChamber/Blueprints/ScenarioBP.ScenarioBP)
[2016.11.29-00.34.18:794][267]LogBlueprint:Warning: Compiler Warning [0011.81] Compile of ScenarioBP failed. 2 Fatal Issue(s) 2 Warning(s) [in 0 ms] (/Game/MirrorChamber/Blueprints/ScenarioBP.ScenarioBP)
[2016.11.29-00.34.19:221][267]LogContentBrowser: Native class hierarchy updated for 'BlueprintGraph' in 0.0007 seconds. Added 111 classes and 0 folders.
[2016.11.29-00.34.19:823][267]LogLinker:Warning: Can't resolve asset name
[2016.11.29-00.34.29:268][826]LogRenderer: Reallocating scene render targets to support 1044x1012 (Frame:726).
[2016.11.29-00.34.31:703][969]Cmd: OBJ SAVEPACKAGE PACKAGE="/Game/MirrorChamber/Blueprints/ScenarioBP" FILE="D:/Unreal Projects/MirrorChamber/Content/MirrorChamber/Blueprints/ScenarioBP.uasset" SILENT=true
[2016.11.29-00.34.31:802][969]LogSavePackage: Save=97.23ms
[2016.11.29-00.34.31:802][969]LogSavePackage: Moving 'D:/Unreal Projects/MirrorChamber/Saved/ScenarioBP81920E904D93949515083E866528D930.tmp' to 'D:/Unreal Projects/MirrorChamber/Content/MirrorChamber/Blueprints/ScenarioBP.uasset'
[2016.11.29-00.34.31:804][969]LogSavePackage:Display: Finished SavePackage D:/Unreal Projects/MirrorChamber/Content/MirrorChamber/Blueprints/ScenarioBP.uasset
[2016.11.29-00.34.32:253][996]BlueprintLog: New page: Compile ScenarioBP
[2016.11.29-00.34.32:490][996]BlueprintEditorCompileResults: Info [0025.51] Compile of ScenarioBP successful! [in 237 ms] (/Game/MirrorChamber/Blueprints/ScenarioBP.ScenarioBP)
[2016.11.29-00.34.38:479][222]LogAIModule: Creating AISystem for world DemoLevel
[2016.11.29-00.34.38:509][222]Cmd: MAP LOAD FILE="D:/Unreal Projects/MirrorChamber/Content/MirrorChamber/Maps/DemoLevel.umap" TEMPLATE=0 SHOWPROGRESS=1 FEATURELEVEL=3
[2016.11.29-00.34.38:509][222]LightingResults: New page: Lighting Build
[2016.11.29-00.34.38:512][222]LogContentBrowser: Native class hierarchy updated for 'StatsViewer' in 0.0004 seconds. Added 5 classes and 0 folders.
[2016.11.29-00.34.38:513][222]LoadErrors: New page: Loading map: DemoLevel.umap
[2016.11.29-00.34.38:513][222]MapCheck: New page: Map Check
[2016.11.29-00.34.38:513][222]LightingResults: New page: Lighting Build
[2016.11.29-00.34.38:600][222]LogEditorServer: Finished looking for orphan Actors (0.000 secs)
[2016.11.29-00.34.38:621][222]Cmd: MAP CHECKDEP NOCLEARLOG
[2016.11.29-00.34.38:664][222]MapCheck: Info Map check complete: 0 Error(s), 0 Warning(s), took 42.65ms to complete.
[2016.11.29-00.34.38:664][222]LogFileHelpers: Loading map 'DemoLevel' took 0.156
[2016.11.29-00.34.39:968][297]LogBlueprintUserMessages: Early PlayInEditor Detection: Level '/Game/MirrorChamber/Maps/DemoLevel.DemoLevel:PersistentLevel' has LevelScriptBlueprint '/Game/MirrorChamber/Maps/DemoLevel.DemoLevel:PersistentLevel.DemoLevel' with GeneratedClass '/Game/MirrorChamber/Maps/DemoLevel.DemoLevel_C' with ClassGeneratedBy '/Game/MirrorChamber/Maps/DemoLevel.DemoLevel:PersistentLevel.DemoLevel'
[2016.11.29-00.34.39:968][297]LogPlayLevel: PlayLevel: No blueprints needed recompiling
[2016.11.29-00.34.39:968][297]PIE: New page: PIE session: DemoLevel (Nov 28, 2016, 6:34:39 PM)
[2016.11.29-00.34.39:969][297]LogPlayLevel: Creating play world package: /Game/MirrorChamber/Maps/UEDPIE_0_DemoLevel
[2016.11.29-00.34.39:990][297]LogPlayLevel: PIE: StaticDuplicateObject took: (0.021194s)
[2016.11.29-00.34.39:990][297]LogAIModule: Creating AISystem for world DemoLevel
[2016.11.29-00.34.39:990][297]LogPlayLevel: PIE: World Init took: (0.000698s)
[2016.11.29-00.34.39:991][297]LogPlayLevel: PIE: Created PIE world by copying editor world from /Game/MirrorChamber/Maps/DemoLevel.DemoLevel to /Game/MirrorChamber/Maps/UEDPIE_0_DemoLevel.DemoLevel (0.022121s)
[2016.11.29-00.34.40:015][297]LogInit: XAudio2 using 'Speakers (Sound Blaster Recon3Di)' : 2 channels at 48 kHz using 32 bits per sample (channel mask 0x3)
[2016.11.29-00.34.40:024][297]LogInit: FAudioDevice initialized.
[2016.11.29-00.34.40:092][297]LogLinker:Warning: Can't find file '/Game/SideScrollerBP/Blueprints/SideScrollerGameMode'
[2016.11.29-00.34.40:092][297]LogLinker:Warning: Can't find file '/Game/SideScrollerBP/Blueprints/SideScrollerGameMode'
[2016.11.29-00.34.40:092][297]LogUObjectGlobals:Warning: Failed to find object 'Class /Game/SideScrollerBP/Blueprints/SideScrollerGameMode.SideScrollerGameMode_C'
[2016.11.29-00.34.40:092][297]LogWorld: Game class is 'GameMode'
[2016.11.29-00.34.40:096][297]LogWorld: Bringing World /Game/MirrorChamber/Maps/UEDPIE_0_DemoLevel.DemoLevel up for play (max tick rate 60) at 2016.11.28-21.34.40
[2016.11.29-00.34.40:096][297]LogWorld: Bringing up level for play took: 0.002655
[2016.11.29-00.34.40:100][297]LogContentBrowser: Native class hierarchy updated for 'MovieSceneCapture' in 0.0004 seconds. Added 11 classes and 0 folders.
[2016.11.29-00.34.40:100][297]PIE: Info Play in editor start time for /Game/MirrorChamber/Maps/UEDPIE_0_DemoLevel 1.094
[2016.11.29-00.34.40:100][297]LogBlueprintUserMessages: Late PlayInEditor Detection: Level '/Game/MirrorChamber/Maps/DemoLevel.DemoLevel:PersistentLevel' has LevelScriptBlueprint '/Game/MirrorChamber/Maps/DemoLevel.DemoLevel:PersistentLevel.DemoLevel' with GeneratedClass '/Game/MirrorChamber/Maps/DemoLevel.DemoLevel_C' with ClassGeneratedBy '/Game/MirrorChamber/Maps/DemoLevel.DemoLevel:PersistentLevel.DemoLevel'
[2016.11.29-00.34.41:219][361]LogBlueprintUserMessages: Early EndPlayMap Detection: Level '/Game/MirrorChamber/Maps/DemoLevel.DemoLevel:PersistentLevel' has LevelScriptBlueprint '/Game/MirrorChamber/Maps/DemoLevel.DemoLevel:PersistentLevel.DemoLevel' with GeneratedClass '/Game/MirrorChamber/Maps/DemoLevel.DemoLevel_C' with ClassGeneratedBy '/Game/MirrorChamber/Maps/DemoLevel.DemoLevel:PersistentLevel.DemoLevel'
[2016.11.29-00.34.41:257][361]LogBlueprintUserMessages: Late EndPlayMap Detection: Level '/Game/MirrorChamber/Maps/DemoLevel.DemoLevel:PersistentLevel' has LevelScriptBlueprint '/Game/MirrorChamber/Maps/DemoLevel.DemoLevel:PersistentLevel.DemoLevel' with GeneratedClass '/Game/MirrorChamber/Maps/DemoLevel.DemoLevel_C' with ClassGeneratedBy '/Game/MirrorChamber/Maps/DemoLevel.DemoLevel:PersistentLevel.DemoLevel'
[2016.11.29-00.34.42:221][416]LogLinker:Warning: Can't find file '/Game/SideScrollerBP/Blueprints/SideScrollerGameMode'
[2016.11.29-00.34.42:221][416]LogLinker:Warning: Can't find file '/Game/SideScrollerBP/Blueprints/SideScrollerGameMode'
[2016.11.29-00.34.42:221][416]LogUObjectGlobals:Warning: Failed to find object 'Object /Game/SideScrollerBP/Blueprints/SideScrollerGameMode.SideScrollerGameMode_C'
[2016.11.29-00.34.42:222][416]LogLinker:Warning: Can't find file '/Game/SideScrollerBP/Blueprints/SideScrollerGameMode'
[2016.11.29-00.34.42:222][416]LogUObjectGlobals:Warning: Failed to find object 'Object /Game/SideScrollerBP/Blueprints/SideScrollerGameMode.SideScrollerGameMode_C'
[2016.11.29-00.34.48:815][787]BlueprintLog: New page: Compile DemoLevel
[2016.11.29-00.34.48:908][787]BlueprintEditorCompileResults: Info [0041.93] Compile of PersistentLevel.DemoLevel successful! [in 92 ms] (/Game/MirrorChamber/Maps/DemoLevel.DemoLevel:PersistentLevel.DemoLevel)
[2016.11.29-00.34.49:888][844]LogBlueprintUserMessages: Early PlayInEditor Detection: Level '/Game/MirrorChamber/Maps/DemoLevel.DemoLevel:PersistentLevel' has LevelScriptBlueprint '/Game/MirrorChamber/Maps/DemoLevel.DemoLevel:PersistentLevel.DemoLevel' with GeneratedClass '/Game/MirrorChamber/Maps/DemoLevel.DemoLevel_C' with ClassGeneratedBy '/Game/MirrorChamber/Maps/DemoLevel.DemoLevel:PersistentLevel.DemoLevel'
[2016.11.29-00.34.49:888][844]LogPlayLevel: PlayLevel: No blueprints needed recompiling
[2016.11.29-00.34.49:888][844]PIE: New page: PIE session: DemoLevel (Nov 28, 2016, 6:34:49 PM)
[2016.11.29-00.34.49:888][844]LogPlayLevel: Creating play world package: /Game/MirrorChamber/Maps/UEDPIE_0_DemoLevel
[2016.11.29-00.34.49:908][844]LogPlayLevel: PIE: StaticDuplicateObject took: (0.020171s)
[2016.11.29-00.34.49:909][844]LogAIModule: Creating AISystem for world DemoLevel
[2016.11.29-00.34.49:910][844]LogPlayLevel: PIE: World Init took: (0.001184s)
[2016.11.29-00.34.49:910][844]LogPlayLevel: PIE: Created PIE world by copying editor world from /Game/MirrorChamber/Maps/DemoLevel.DemoLevel to /Game/MirrorChamber/Maps/UEDPIE_0_DemoLevel.DemoLevel (0.021653s)
[2016.11.29-00.34.49:940][844]LogInit: XAudio2 using 'Speakers (Sound Blaster Recon3Di)' : 2 channels at 48 kHz using 32 bits per sample (channel mask 0x3)
[2016.11.29-00.34.49:950][844]LogInit: FAudioDevice initialized.
[2016.11.29-00.34.50:000][844]LogLinker:Warning: Can't find file '/Game/SideScrollerBP/Blueprints/SideScrollerGameMode'
[2016.11.29-00.34.50:001][844]LogLinker:Warning: Can't find file '/Game/SideScrollerBP/Blueprints/SideScrollerGameMode'
[2016.11.29-00.34.50:001][844]LogUObjectGlobals:Warning: Failed to find object 'Class /Game/SideScrollerBP/Blueprints/SideScrollerGameMode.SideScrollerGameMode_C'
[2016.11.29-00.34.50:001][844]LogWorld: Game class is 'GameMode'
[2016.11.29-00.34.50:004][844]LogWorld: Bringing World /Game/MirrorChamber/Maps/UEDPIE_0_DemoLevel.DemoLevel up for play (max tick rate 60) at 2016.11.28-21.34.50
[2016.11.29-00.34.50:005][844]LogWorld: Bringing up level for play took: 0.002912
[2016.11.29-00.34.50:006][844]PIE: Info Play in editor start time for /Game/MirrorChamber/Maps/UEDPIE_0_DemoLevel 0.999
[2016.11.29-00.34.50:006][844]LogBlueprintUserMessages: Late PlayInEditor Detection: Level '/Game/MirrorChamber/Maps/DemoLevel.DemoLevel:PersistentLevel' has LevelScriptBlueprint '/Game/MirrorChamber/Maps/DemoLevel.DemoLevel:PersistentLevel.DemoLevel' with GeneratedClass '/Game/MirrorChamber/Maps/DemoLevel.DemoLevel_C' with ClassGeneratedBy '/Game/MirrorChamber/Maps/DemoLevel.DemoLevel:PersistentLevel.DemoLevel'
[2016.11.29-00.34.53:116][ 29]LogBlueprintUserMessages: Early EndPlayMap Detection: Level '/Game/MirrorChamber/Maps/DemoLevel.DemoLevel:PersistentLevel' has LevelScriptBlueprint '/Game/MirrorChamber/Maps/DemoLevel.DemoLevel:PersistentLevel.DemoLevel' with GeneratedClass '/Game/MirrorChamber/Maps/DemoLevel.DemoLevel_C' with ClassGeneratedBy '/Game/MirrorChamber/Maps/DemoLevel.DemoLevel:PersistentLevel.DemoLevel'
[2016.11.29-00.34.53:152][ 29]LogBlueprintUserMessages: Late EndPlayMap Detection: Level '/Game/MirrorChamber/Maps/DemoLevel.DemoLevel:PersistentLevel' has LevelScriptBlueprint '/Game/MirrorChamber/Maps/DemoLevel.DemoLevel:PersistentLevel.DemoLevel' with GeneratedClass '/Game/MirrorChamber/Maps/DemoLevel.DemoLevel_C' with ClassGeneratedBy '/Game/MirrorChamber/Maps/DemoLevel.DemoLevel:PersistentLevel.DemoLevel'
[2016.11.29-00.34.54:254][ 93]Cmd: SELECT NONE
[2016.11.29-00.35.00:028][436]Cmd: OBJ SAVEPACKAGE PACKAGE="/Game/MirrorChamber/Maps/DemoLevel" FILE="D:/Unreal Projects/MirrorChamber/Content/MirrorChamber/Maps/DemoLevel.umap" SILENT=true AUTOSAVING=false KEEPDIRTY=false
[2016.11.29-00.35.00:191][436]LogSavePackage: Save=142.84ms
[2016.11.29-00.35.00:191][436]LogSavePackage: Moving 'D:/Unreal Projects/MirrorChamber/Saved/DemoLevel8C6B15554FA551D9AB0351BECA0362DB.tmp' to 'D:/Unreal Projects/MirrorChamber/Content/MirrorChamber/Maps/DemoLevel.umap'
[2016.11.29-00.35.00:193][436]LogSavePackage:Display: Finished SavePackage D:/Unreal Projects/MirrorChamber/Content/MirrorChamber/Maps/DemoLevel.umap
[2016.11.29-00.35.03:291][619]LogEditorViewport: Clicking on Actor (LMB): ScenarioBP_C (Scenario)
[2016.11.29-00.35.10:867][ 67]Cmd: OBJ SAVEPACKAGE PACKAGE="/Game/MirrorChamber/Maps/DemoLevel" FILE="D:/Unreal Projects/MirrorChamber/Content/MirrorChamber/Maps/DemoLevel.umap" SILENT=true AUTOSAVING=false KEEPDIRTY=false
[2016.11.29-00.35.11:022][ 67]LogSavePackage: Save=133.74ms
[2016.11.29-00.35.11:023][ 67]LogSavePackage: Moving 'D:/Unreal Projects/MirrorChamber/Saved/DemoLevel4E04A5C9486F9DD20C5B7590C3DE06FC.tmp' to 'D:/Unreal Projects/MirrorChamber/Content/MirrorChamber/Maps/DemoLevel.umap'
[2016.11.29-00.35.11:025][ 67]LogSavePackage:Display: Finished SavePackage D:/Unreal Projects/MirrorChamber/Content/MirrorChamber/Maps/DemoLevel.umap
[2016.11.29-00.35.11:561][ 96]LogBlueprintUserMessages: Early PlayInEditor Detection: Level '/Game/MirrorChamber/Maps/DemoLevel.DemoLevel:PersistentLevel' has LevelScriptBlueprint '/Game/MirrorChamber/Maps/DemoLevel.DemoLevel:PersistentLevel.DemoLevel' with GeneratedClass '/Game/MirrorChamber/Maps/DemoLevel.DemoLevel_C' with ClassGeneratedBy '/Game/MirrorChamber/Maps/DemoLevel.DemoLevel:PersistentLevel.DemoLevel'
[2016.11.29-00.35.11:561][ 96]LogPlayLevel: PlayLevel: No blueprints needed recompiling
[2016.11.29-00.35.11:561][ 96]PIE: New page: PIE session: DemoLevel (Nov 28, 2016, 6:35:11 PM)
[2016.11.29-00.35.11:561][ 96]LogPlayLevel: Creating play world package: /Game/MirrorChamber/Maps/UEDPIE_0_DemoLevel
[2016.11.29-00.35.11:582][ 96]LogPlayLevel: PIE: StaticDuplicateObject took: (0.020580s)
[2016.11.29-00.35.11:583][ 96]LogAIModule: Creating AISystem for world DemoLevel
[2016.11.29-00.35.11:583][ 96]LogPlayLevel: PIE: World Init took: (0.000725s)
[2016.11.29-00.35.11:583][ 96]LogPlayLevel: PIE: Created PIE world by copying editor world from /Game/MirrorChamber/Maps/DemoLevel.DemoLevel to /Game/MirrorChamber/Maps/UEDPIE_0_DemoLevel.DemoLevel (0.021672s)
[2016.11.29-00.35.11:615][ 96]LogInit: XAudio2 using 'Speakers (Sound Blaster Recon3Di)' : 2 channels at 48 kHz using 32 bits per sample (channel mask 0x3)
[2016.11.29-00.35.11:623][ 96]LogInit: FAudioDevice initialized.
[2016.11.29-00.35.11:669][ 96]LogLinker:Warning: Can't find file '/Game/SideScrollerBP/Blueprints/SideScrollerGameMode'
[2016.11.29-00.35.11:669][ 96]LogLinker:Warning: Can't find file '/Game/SideScrollerBP/Blueprints/SideScrollerGameMode'
[2016.11.29-00.35.11:669][ 96]LogUObjectGlobals:Warning: Failed to find object 'Class /Game/SideScrollerBP/Blueprints/SideScrollerGameMode.SideScrollerGameMode_C'
[2016.11.29-00.35.11:669][ 96]LogWorld: Game class is 'GameMode'
[2016.11.29-00.35.11:674][ 96]LogWorld: Bringing World /Game/MirrorChamber/Maps/UEDPIE_0_DemoLevel.DemoLevel up for play (max tick rate 60) at 2016.11.28-21.35.11
[2016.11.29-00.35.11:674][ 96]LogWorld: Bringing up level for play took: 0.003481
[2016.11.29-00.35.11:675][ 96]PIE: Info Play in editor start time for /Game/MirrorChamber/Maps/UEDPIE_0_DemoLevel 0.669
[2016.11.29-00.35.11:675][ 96]LogBlueprintUserMessages: Late PlayInEditor Detection: Level '/Game/MirrorChamber/Maps/DemoLevel.DemoLevel:PersistentLevel' has LevelScriptBlueprint '/Game/MirrorChamber/Maps/DemoLevel.DemoLevel:PersistentLevel.DemoLevel' with GeneratedClass '/Game/MirrorChamber/Maps/DemoLevel.DemoLevel_C' with ClassGeneratedBy '/Game/MirrorChamber/Maps/DemoLevel.DemoLevel:PersistentLevel.DemoLevel'
[2016.11.29-00.35.17:086][419]LogBlueprintUserMessages: Early EndPlayMap Detection: Level '/Game/MirrorChamber/Maps/DemoLevel.DemoLevel:PersistentLevel' has LevelScriptBlueprint '/Game/MirrorChamber/Maps/DemoLevel.DemoLevel:PersistentLevel.DemoLevel' with GeneratedClass '/Game/MirrorChamber/Maps/DemoLevel.DemoLevel_C' with ClassGeneratedBy '/Game/MirrorChamber/Maps/DemoLevel.DemoLevel:PersistentLevel.DemoLevel'
[2016.11.29-00.35.17:129][419]LogBlueprintUserMessages: Late EndPlayMap Detection: Level '/Game/MirrorChamber/Maps/DemoLevel.DemoLevel:PersistentLevel' has LevelScriptBlueprint '/Game/MirrorChamber/Maps/DemoLevel.DemoLevel:PersistentLevel.DemoLevel' with GeneratedClass '/Game/MirrorChamber/Maps/DemoLevel.DemoLevel_C' with ClassGeneratedBy '/Game/MirrorChamber/Maps/DemoLevel.DemoLevel:PersistentLevel.DemoLevel'
[2016.11.29-00.35.22:389][731]BlueprintLog: New page: Compile DemoLevel
[2016.11.29-00.35.22:482][731]BlueprintEditorCompileResults: Info [0075.50] Compile of PersistentLevel.DemoLevel successful! [in 93 ms] (/Game/MirrorChamber/Maps/DemoLevel.DemoLevel:PersistentLevel.DemoLevel)
[2016.11.29-00.35.23:001][760]LogBlueprintUserMessages: Early PlayInEditor Detection: Level '/Game/MirrorChamber/Maps/DemoLevel.DemoLevel:PersistentLevel' has LevelScriptBlueprint '/Game/MirrorChamber/Maps/DemoLevel.DemoLevel:PersistentLevel.DemoLevel' with GeneratedClass '/Game/MirrorChamber/Maps/DemoLevel.DemoLevel_C' with ClassGeneratedBy '/Game/MirrorChamber/Maps/DemoLevel.DemoLevel:PersistentLevel.DemoLevel'
[2016.11.29-00.35.23:001][760]LogPlayLevel: PlayLevel: No blueprints needed recompiling
[2016.11.29-00.35.23:002][760]PIE: New page: PIE session: DemoLevel (Nov 28, 2016, 6:35:23 PM)
[2016.11.29-00.35.23:002][760]LogPlayLevel: Creating play world package: /Game/MirrorChamber/Maps/UEDPIE_0_DemoLevel
[2016.11.29-00.35.23:023][760]LogPlayLevel: PIE: StaticDuplicateObject took: (0.021788s)
[2016.11.29-00.35.23:024][760]LogAIModule: Creating AISystem for world DemoLevel
[2016.11.29-00.35.23:025][760]LogPlayLevel: PIE: World Init took: (0.000999s)
[2016.11.29-00.35.23:025][760]LogPlayLevel: PIE: Created PIE world by copying editor world from /Game/MirrorChamber/Maps/DemoLevel.DemoLevel to /Game/MirrorChamber/Maps/UEDPIE_0_DemoLevel.DemoLevel (0.023072s)
[2016.11.29-00.35.23:054][760]LogInit: XAudio2 using 'Speakers (Sound Blaster Recon3Di)' : 2 channels at 48 kHz using 32 bits per sample (channel mask 0x3)
[2016.11.29-00.35.23:063][760]LogInit: FAudioDevice initialized.
[2016.11.29-00.35.23:116][760]LogLinker:Warning: Can't find file '/Game/SideScrollerBP/Blueprints/SideScrollerGameMode'
[2016.11.29-00.35.23:116][760]LogLinker:Warning: Can't find file '/Game/SideScrollerBP/Blueprints/SideScrollerGameMode'
[2016.11.29-00.35.23:116][760]LogUObjectGlobals:Warning: Failed to find object 'Class /Game/SideScrollerBP/Blueprints/SideScrollerGameMode.SideScrollerGameMode_C'
[2016.11.29-00.35.23:116][760]LogWorld: Game class is 'GameMode'
[2016.11.29-00.35.23:119][760]LogWorld: Bringing World /Game/MirrorChamber/Maps/UEDPIE_0_DemoLevel.DemoLevel up for play (max tick rate 60) at 2016.11.28-21.35.23
[2016.11.29-00.35.23:120][760]LogWorld: Bringing up level for play took: 0.002646
[2016.11.29-00.35.23:121][760]PIE: Info Play in editor start time for /Game/MirrorChamber/Maps/UEDPIE_0_DemoLevel 0.114
[2016.11.29-00.35.23:121][760]LogBlueprintUserMessages: Late PlayInEditor Detection: Level '/Game/MirrorChamber/Maps/DemoLevel.DemoLevel:PersistentLevel' has LevelScriptBlueprint '/Game/MirrorChamber/Maps/DemoLevel.DemoLevel:PersistentLevel.DemoLevel' with GeneratedClass '/Game/MirrorChamber/Maps/DemoLevel.DemoLevel_C' with ClassGeneratedBy '/Game/MirrorChamber/Maps/DemoLevel.DemoLevel:PersistentLevel.DemoLevel'
[2016.11.29-00.35.27:412][ 16]LogBlueprintUserMessages: Early EndPlayMap Detection: Level '/Game/MirrorChamber/Maps/DemoLevel.DemoLevel:PersistentLevel' has LevelScriptBlueprint '/Game/MirrorChamber/Maps/DemoLevel.DemoLevel:PersistentLevel.DemoLevel' with GeneratedClass '/Game/MirrorChamber/Maps/DemoLevel.DemoLevel_C' with ClassGeneratedBy '/Game/MirrorChamber/Maps/DemoLevel.DemoLevel:PersistentLevel.DemoLevel'
[2016.11.29-00.35.27:455][ 16]LogBlueprintUserMessages: Late EndPlayMap Detection: Level '/Game/MirrorChamber/Maps/DemoLevel.DemoLevel:PersistentLevel' has LevelScriptBlueprint '/Game/MirrorChamber/Maps/DemoLevel.DemoLevel:PersistentLevel.DemoLevel' with GeneratedClass '/Game/MirrorChamber/Maps/DemoLevel.DemoLevel_C' with ClassGeneratedBy '/Game/MirrorChamber/Maps/DemoLevel.DemoLevel:PersistentLevel.DemoLevel'
[2016.11.29-00.36.23:401][348]LogEditorViewport: Clicking on Actor (LMB): TextRenderActor (TemplateLabel)
[2016.11.29-00.36.41:075][406]Cmd: TRANSACTION UNDO
[2016.11.29-00.36.41:075][406]LogEditorTransaction: Undo Move Actors
[2016.11.29-00.36.46:597][720]Cmd: OBJ SAVEPACKAGE PACKAGE="/Game/MirrorChamber/Maps/DemoLevel" FILE="D:/Unreal Projects/MirrorChamber/Content/MirrorChamber/Maps/DemoLevel.umap" SILENT=true AUTOSAVING=false KEEPDIRTY=false
[2016.11.29-00.36.46:777][720]LogSavePackage: Save=148.64ms
[2016.11.29-00.36.46:777][720]LogSavePackage: Moving 'D:/Unreal Projects/MirrorChamber/Saved/DemoLevel2A0B6FE54B63A2B66011E08726F0F04D.tmp' to 'D:/Unreal Projects/MirrorChamber/Content/MirrorChamber/Maps/DemoLevel.umap'
[2016.11.29-00.36.46:780][720]LogSavePackage:Display: Finished SavePackage D:/Unreal Projects/MirrorChamber/Content/MirrorChamber/Maps/DemoLevel.umap
[2016.11.29-00.36.47:467][758]LogBlueprintUserMessages: Early PlayInEditor Detection: Level '/Game/MirrorChamber/Maps/DemoLevel.DemoLevel:PersistentLevel' has LevelScriptBlueprint '/Game/MirrorChamber/Maps/DemoLevel.DemoLevel:PersistentLevel.DemoLevel' with GeneratedClass '/Game/MirrorChamber/Maps/DemoLevel.DemoLevel_C' with ClassGeneratedBy '/Game/MirrorChamber/Maps/DemoLevel.DemoLevel:PersistentLevel.DemoLevel'
[2016.11.29-00.36.47:467][758]LogPlayLevel: PlayLevel: No blueprints needed recompiling
[2016.11.29-00.36.47:467][758]PIE: New page: PIE session: DemoLevel (Nov 28, 2016, 6:36:47 PM)
[2016.11.29-00.36.47:467][758]LogPlayLevel: Creating play world package: /Game/MirrorChamber/Maps/UEDPIE_0_DemoLevel
[2016.11.29-00.36.47:488][758]LogPlayLevel: PIE: StaticDuplicateObject took: (0.020824s)
[2016.11.29-00.36.47:489][758]LogAIModule: Creating AISystem for world DemoLevel
[2016.11.29-00.36.47:489][758]LogPlayLevel: PIE: World Init took: (0.000998s)
[2016.11.29-00.36.47:490][758]LogPlayLevel: PIE: Created PIE world by copying editor world from /Game/MirrorChamber/Maps/DemoLevel.DemoLevel to /Game/MirrorChamber/Maps/UEDPIE_0_DemoLevel.DemoLevel (0.022135s)
[2016.11.29-00.36.47:521][758]LogInit: XAudio2 using 'Speakers (Sound Blaster Recon3Di)' : 2 channels at 48 kHz using 32 bits per sample (channel mask 0x3)
[2016.11.29-00.36.47:530][758]LogInit: FAudioDevice initialized.
[2016.11.29-00.36.47:579][758]LogLinker:Warning: Can't find file '/Game/SideScrollerBP/Blueprints/SideScrollerGameMode'
[2016.11.29-00.36.47:579][758]LogLinker:Warning: Can't find file '/Game/SideScrollerBP/Blueprints/SideScrollerGameMode'
[2016.11.29-00.36.47:579][758]LogUObjectGlobals:Warning: Failed to find object 'Class /Game/SideScrollerBP/Blueprints/SideScrollerGameMode.SideScrollerGameMode_C'
[2016.11.29-00.36.47:579][758]LogWorld: Game class is 'GameMode'
[2016.11.29-00.36.47:582][758]LogWorld: Bringing World /Game/MirrorChamber/Maps/UEDPIE_0_DemoLevel.DemoLevel up for play (max tick rate 60) at 2016.11.28-21.36.47
[2016.11.29-00.36.47:582][758]LogWorld: Bringing up level for play took: 0.002174
[2016.11.29-00.36.47:583][758]PIE: Info Play in editor start time for /Game/MirrorChamber/Maps/UEDPIE_0_DemoLevel 0.576
[2016.11.29-00.36.47:583][758]LogBlueprintUserMessages: Late PlayInEditor Detection: Level '/Game/MirrorChamber/Maps/DemoLevel.DemoLevel:PersistentLevel' has LevelScriptBlueprint '/Game/MirrorChamber/Maps/DemoLevel.DemoLevel:PersistentLevel.DemoLevel' with GeneratedClass '/Game/MirrorChamber/Maps/DemoLevel.DemoLevel_C' with ClassGeneratedBy '/Game/MirrorChamber/Maps/DemoLevel.DemoLevel:PersistentLevel.DemoLevel'
[2016.11.29-00.36.50:060][905]LogBlueprintUserMessages: Early EndPlayMap Detection: Level '/Game/MirrorChamber/Maps/DemoLevel.DemoLevel:PersistentLevel' has LevelScriptBlueprint '/Game/MirrorChamber/Maps/DemoLevel.DemoLevel:PersistentLevel.DemoLevel' with GeneratedClass '/Game/MirrorChamber/Maps/DemoLevel.DemoLevel_C' with ClassGeneratedBy '/Game/MirrorChamber/Maps/DemoLevel.DemoLevel:PersistentLevel.DemoLevel'
[2016.11.29-00.36.50:103][905]LogBlueprintUserMessages: Late EndPlayMap Detection: Level '/Game/MirrorChamber/Maps/DemoLevel.DemoLevel:PersistentLevel' has LevelScriptBlueprint '/Game/MirrorChamber/Maps/DemoLevel.DemoLevel:PersistentLevel.DemoLevel' with GeneratedClass '/Game/MirrorChamber/Maps/DemoLevel.DemoLevel_C' with ClassGeneratedBy '/Game/MirrorChamber/Maps/DemoLevel.DemoLevel:PersistentLevel.DemoLevel'
[2016.11.29-00.36.55:268][211]Cmd: OBJ SAVEPACKAGE PACKAGE="/Game/MirrorChamber/Maps/DemoLevel" FILE="D:/Unreal Projects/MirrorChamber/Content/MirrorChamber/Maps/DemoLevel.umap" SILENT=true AUTOSAVING=false KEEPDIRTY=false
[2016.11.29-00.36.55:427][211]LogSavePackage: Save=140.45ms
[2016.11.29-00.36.55:427][211]LogSavePackage: Moving 'D:/Unreal Projects/MirrorChamber/Saved/DemoLevel3BE670D9459EE33F4D26F78A61468ECF.tmp' to 'D:/Unreal Projects/MirrorChamber/Content/MirrorChamber/Maps/DemoLevel.umap'
[2016.11.29-00.36.55:430][211]LogSavePackage:Display: Finished SavePackage D:/Unreal Projects/MirrorChamber/Content/MirrorChamber/Maps/DemoLevel.umap
[2016.11.29-00.36.56:091][248]LogBlueprintUserMessages: Early PlayInEditor Detection: Level '/Game/MirrorChamber/Maps/DemoLevel.DemoLevel:PersistentLevel' has LevelScriptBlueprint '/Game/MirrorChamber/Maps/DemoLevel.DemoLevel:PersistentLevel.DemoLevel' with GeneratedClass '/Game/MirrorChamber/Maps/DemoLevel.DemoLevel_C' with ClassGeneratedBy '/Game/MirrorChamber/Maps/DemoLevel.DemoLevel:PersistentLevel.DemoLevel'
[2016.11.29-00.36.56:091][248]LogPlayLevel: PlayLevel: No blueprints needed recompiling
[2016.11.29-00.36.56:091][248]PIE: New page: PIE session: DemoLevel (Nov 28, 2016, 6:36:56 PM)
[2016.11.29-00.36.56:091][248]LogPlayLevel: Creating play world package: /Game/MirrorChamber/Maps/UEDPIE_0_DemoLevel
[2016.11.29-00.36.56:112][248]LogPlayLevel: PIE: StaticDuplicateObject took: (0.020171s)
[2016.11.29-00.36.56:112][248]LogAIModule: Creating AISystem for world DemoLevel
[2016.11.29-00.36.56:113][248]LogPlayLevel: PIE: World Init took: (0.000948s)
[2016.11.29-00.36.56:113][248]LogPlayLevel: PIE: Created PIE world by copying editor world from /Game/MirrorChamber/Maps/DemoLevel.DemoLevel to /Game/MirrorChamber/Maps/UEDPIE_0_DemoLevel.DemoLevel (0.021382s)
[2016.11.29-00.36.56:145][248]LogInit: XAudio2 using 'Speakers (Sound Blaster Recon3Di)' : 2 channels at 48 kHz using 32 bits per sample (channel mask 0x3)
[2016.11.29-00.36.56:155][248]LogInit: FAudioDevice initialized.
[2016.11.29-00.36.56:204][248]LogLinker:Warning: Can't find file '/Game/SideScrollerBP/Blueprints/SideScrollerGameMode'
[2016.11.29-00.36.56:205][248]LogLinker:Warning: Can't find file '/Game/SideScrollerBP/Blueprints/SideScrollerGameMode'
[2016.11.29-00.36.56:205][248]LogUObjectGlobals:Warning: Failed to find object 'Class /Game/SideScrollerBP/Blueprints/SideScrollerGameMode.SideScrollerGameMode_C'
[2016.11.29-00.36.56:205][248]LogWorld: Game class is 'GameMode'
[2016.11.29-00.36.56:209][248]LogWorld: Bringing World /Game/MirrorChamber/Maps/UEDPIE_0_DemoLevel.DemoLevel up for play (max tick rate 60) at 2016.11.28-21.36.56
[2016.11.29-00.36.56:210][248]LogWorld: Bringing up level for play took: 0.003108
[2016.11.29-00.36.56:211][248]PIE: Info Play in editor start time for /Game/MirrorChamber/Maps/UEDPIE_0_DemoLevel -0.796
[2016.11.29-00.36.56:211][248]LogBlueprintUserMessages: Late PlayInEditor Detection: Level '/Game/MirrorChamber/Maps/DemoLevel.DemoLevel:PersistentLevel' has LevelScriptBlueprint '/Game/MirrorChamber/Maps/DemoLevel.DemoLevel:PersistentLevel.DemoLevel' with GeneratedClass '/Game/MirrorChamber/Maps/DemoLevel.DemoLevel_C' with ClassGeneratedBy '/Game/MirrorChamber/Maps/DemoLevel.DemoLevel:PersistentLevel.DemoLevel'
[2016.11.29-00.36.59:484][443]LogBlueprintUserMessages: Early EndPlayMap Detection: Level '/Game/MirrorChamber/Maps/DemoLevel.DemoLevel:PersistentLevel' has LevelScriptBlueprint '/Game/MirrorChamber/Maps/DemoLevel.DemoLevel:PersistentLevel.DemoLevel' with GeneratedClass '/Game/MirrorChamber/Maps/DemoLevel.DemoLevel_C' with ClassGeneratedBy '/Game/MirrorChamber/Maps/DemoLevel.DemoLevel:PersistentLevel.DemoLevel'
[2016.11.29-00.36.59:525][443]LogBlueprintUserMessages: Late EndPlayMap Detection: Level '/Game/MirrorChamber/Maps/DemoLevel.DemoLevel:PersistentLevel' has LevelScriptBlueprint '/Game/MirrorChamber/Maps/DemoLevel.DemoLevel:PersistentLevel.DemoLevel' with GeneratedClass '/Game/MirrorChamber/Maps/DemoLevel.DemoLevel_C' with ClassGeneratedBy '/Game/MirrorChamber/Maps/DemoLevel.DemoLevel:PersistentLevel.DemoLevel'
[2016.11.29-00.37.03:467][674]LogBlueprintUserMessages: Early PlayInEditor Detection: Level '/Game/MirrorChamber/Maps/DemoLevel.DemoLevel:PersistentLevel' has LevelScriptBlueprint '/Game/MirrorChamber/Maps/DemoLevel.DemoLevel:PersistentLevel.DemoLevel' with GeneratedClass '/Game/MirrorChamber/Maps/DemoLevel.DemoLevel_C' with ClassGeneratedBy '/Game/MirrorChamber/Maps/DemoLevel.DemoLevel:PersistentLevel.DemoLevel'
[2016.11.29-00.37.03:467][674]LogPlayLevel: PlayLevel: No blueprints needed recompiling
[2016.11.29-00.37.03:467][674]PIE: New page: PIE session: DemoLevel (Nov 28, 2016, 6:37:03 PM)
[2016.11.29-00.37.03:467][674]LogPlayLevel: Creating play world package: /Game/MirrorChamber/Maps/UEDPIE_0_DemoLevel
[2016.11.29-00.37.03:485][674]LogPlayLevel: PIE: StaticDuplicateObject took: (0.018548s)
[2016.11.29-00.37.03:486][674]LogAIModule: Creating AISystem for world DemoLevel
[2016.11.29-00.37.03:487][674]LogPlayLevel: PIE: World Init took: (0.000959s)
[2016.11.29-00.37.03:487][674]LogPlayLevel: PIE: Created PIE world by copying editor world from /Game/MirrorChamber/Maps/DemoLevel.DemoLevel to /Game/MirrorChamber/Maps/UEDPIE_0_DemoLevel.DemoLevel (0.019795s)
[2016.11.29-00.37.03:517][674]LogInit: XAudio2 using 'Speakers (Sound Blaster Recon3Di)' : 2 channels at 48 kHz using 32 bits per sample (channel mask 0x3)
[2016.11.29-00.37.03:526][674]LogInit: FAudioDevice initialized.
[2016.11.29-00.37.03:577][674]LogLinker:Warning: Can't find file '/Game/SideScrollerBP/Blueprints/SideScrollerGameMode'
[2016.11.29-00.37.03:577][674]LogLinker:Warning: Can't find file '/Game/SideScrollerBP/Blueprints/SideScrollerGameMode'
[2016.11.29-00.37.03:577][674]LogUObjectGlobals:Warning: Failed to find object 'Class /Game/SideScrollerBP/Blueprints/SideScrollerGameMode.SideScrollerGameMode_C'
[2016.11.29-00.37.03:577][674]LogWorld: Game class is 'GameMode'
[2016.11.29-00.37.03:580][674]LogWorld: Bringing World /Game/MirrorChamber/Maps/UEDPIE_0_DemoLevel.DemoLevel up for play (max tick rate 60) at 2016.11.28-21.37.03
[2016.11.29-00.37.03:581][674]LogWorld: Bringing up level for play took: 0.002174
[2016.11.29-00.37.03:582][674]PIE: Info Play in editor start time for /Game/MirrorChamber/Maps/UEDPIE_0_DemoLevel 0.575
[2016.11.29-00.37.03:582][674]LogBlueprintUserMessages: Late PlayInEditor Detection: Level '/Game/MirrorChamber/Maps/DemoLevel.DemoLevel:PersistentLevel' has LevelScriptBlueprint '/Game/MirrorChamber/Maps/DemoLevel.DemoLevel:PersistentLevel.DemoLevel' with GeneratedClass '/Game/MirrorChamber/Maps/DemoLevel.DemoLevel_C' with ClassGeneratedBy '/Game/MirrorChamber/Maps/DemoLevel.DemoLevel:PersistentLevel.DemoLevel'
[2016.11.29-00.37.09:442][ 24]LogBlueprintUserMessages: Early EndPlayMap Detection: Level '/Game/MirrorChamber/Maps/DemoLevel.DemoLevel:PersistentLevel' has LevelScriptBlueprint '/Game/MirrorChamber/Maps/DemoLevel.DemoLevel:PersistentLevel.DemoLevel' with GeneratedClass '/Game/MirrorChamber/Maps/DemoLevel.DemoLevel_C' with ClassGeneratedBy '/Game/MirrorChamber/Maps/DemoLevel.DemoLevel:PersistentLevel.DemoLevel'
[2016.11.29-00.37.09:490][ 24]LogBlueprintUserMessages: Late EndPlayMap Detection: Level '/Game/MirrorChamber/Maps/DemoLevel.DemoLevel:PersistentLevel' has LevelScriptBlueprint '/Game/MirrorChamber/Maps/DemoLevel.DemoLevel:PersistentLevel.DemoLevel' with GeneratedClass '/Game/MirrorChamber/Maps/DemoLevel.DemoLevel_C' with ClassGeneratedBy '/Game/MirrorChamber/Maps/DemoLevel.DemoLevel:PersistentLevel.DemoLevel'
[2016.11.29-00.37.14:556][323]Cmd: EDIT CUT
[2016.11.29-00.37.14:565][323]LogEditorActor: Deleted Actor: TextRenderActor
[2016.11.29-00.37.14:583][323]LogEditorActor: Deleted 1 Actors (0.019 secs)
[2016.11.29-00.37.16:969][462]Cmd: OBJ SAVEPACKAGE PACKAGE="/Game/MirrorChamber/Maps/DemoLevel" FILE="D:/Unreal Projects/MirrorChamber/Content/MirrorChamber/Maps/DemoLevel.umap" SILENT=true AUTOSAVING=false KEEPDIRTY=false
[2016.11.29-00.37.17:125][462]LogSavePackage: Save=138.92ms
[2016.11.29-00.37.17:125][462]LogSavePackage: Moving 'D:/Unreal Projects/MirrorChamber/Saved/DemoLevelDFA2F00F4AD8672C205FAEB993B95368.tmp' to 'D:/Unreal Projects/MirrorChamber/Content/MirrorChamber/Maps/DemoLevel.umap'
[2016.11.29-00.37.17:130][462]LogSavePackage:Display: Finished SavePackage D:/Unreal Projects/MirrorChamber/Content/MirrorChamber/Maps/DemoLevel.umap
[2016.11.29-00.37.17:150][462]LogFileHelpers: Saving map 'DemoLevel' took 0.223
[2016.11.29-00.37.47:164][ 57]Cmd: TRANSACTION UNDO
[2016.11.29-00.37.47:164][ 57]LogEditorTransaction: Undo Rename Component Variable
[2016.11.29-00.38.28:461][497]BlueprintLog: New page: Compile ScenarioBP
[2016.11.29-00.38.28:845][497]BlueprintEditorCompileResults: Info [0261.86] Compile of ScenarioBP successful! [in 384 ms] (/Game/MirrorChamber/Blueprints/ScenarioBP.ScenarioBP)
[2016.11.29-00.38.29:203][515]Cmd: OBJ SAVEPACKAGE PACKAGE="/Game/MirrorChamber/Blueprints/ScenarioBP" FILE="D:/Unreal Projects/MirrorChamber/Content/MirrorChamber/Blueprints/ScenarioBP.uasset" SILENT=true
[2016.11.29-00.38.29:229][515]LogSavePackage: Save=22.45ms
[2016.11.29-00.38.29:230][515]LogSavePackage: Moving 'D:/Unreal Projects/MirrorChamber/Saved/ScenarioBP4D137DC845CCB071946E1492C327EA9D.tmp' to 'D:/Unreal Projects/MirrorChamber/Content/MirrorChamber/Blueprints/ScenarioBP.uasset'
[2016.11.29-00.38.29:231][515]LogSavePackage:Display: Finished SavePackage D:/Unreal Projects/MirrorChamber/Content/MirrorChamber/Blueprints/ScenarioBP.uasset
[2016.11.29-00.38.35:362][875]BlueprintLog: New page: Compile ScenarioBP
[2016.11.29-00.38.35:463][875]BlueprintEditorCompileResults: Info [0268.48] Compile of ScenarioBP successful! [in 100 ms] (/Game/MirrorChamber/Blueprints/ScenarioBP.ScenarioBP)
[2016.11.29-00.38.36:995][964]LogBlueprintUserMessages: Early PlayInEditor Detection: Level '/Game/MirrorChamber/Maps/DemoLevel.DemoLevel:PersistentLevel' has LevelScriptBlueprint '/Game/MirrorChamber/Maps/DemoLevel.DemoLevel:PersistentLevel.DemoLevel' with GeneratedClass '/Game/MirrorChamber/Maps/DemoLevel.DemoLevel_C' with ClassGeneratedBy '/Game/MirrorChamber/Maps/DemoLevel.DemoLevel:PersistentLevel.DemoLevel'
[2016.11.29-00.38.36:995][964]LogPlayLevel: PlayLevel: No blueprints needed recompiling
[2016.11.29-00.38.36:995][964]PIE: New page: PIE session: DemoLevel (Nov 28, 2016, 6:38:36 PM)
[2016.11.29-00.38.36:995][964]LogPlayLevel: Creating play world package: /Game/MirrorChamber/Maps/UEDPIE_0_DemoLevel
[2016.11.29-00.38.37:014][964]LogPlayLevel: PIE: StaticDuplicateObject took: (0.019125s)
[2016.11.29-00.38.37:015][964]LogAIModule: Creating AISystem for world DemoLevel
[2016.11.29-00.38.37:015][964]LogPlayLevel: PIE: World Init took: (0.000962s)
[2016.11.29-00.38.37:015][964]LogPlayLevel: PIE: Created PIE world by copying editor world from /Game/MirrorChamber/Maps/DemoLevel.DemoLevel to /Game/MirrorChamber/Maps/UEDPIE_0_DemoLevel.DemoLevel (0.020392s)
[2016.11.29-00.38.37:044][964]LogInit: XAudio2 using 'Speakers (Sound Blaster Recon3Di)' : 2 channels at 48 kHz using 32 bits per sample (channel mask 0x3)
[2016.11.29-00.38.37:054][964]LogInit: FAudioDevice initialized.
[2016.11.29-00.38.37:109][964]LogLinker:Warning: Can't find file '/Game/SideScrollerBP/Blueprints/SideScrollerGameMode'
[2016.11.29-00.38.37:109][964]LogLinker:Warning: Can't find file '/Game/SideScrollerBP/Blueprints/SideScrollerGameMode'
[2016.11.29-00.38.37:109][964]LogUObjectGlobals:Warning: Failed to find object 'Class /Game/SideScrollerBP/Blueprints/SideScrollerGameMode.SideScrollerGameMode_C'
[2016.11.29-00.38.37:109][964]LogWorld: Game class is 'GameMode'
[2016.11.29-00.38.37:113][964]LogWorld: Bringing World /Game/MirrorChamber/Maps/UEDPIE_0_DemoLevel.DemoLevel up for play (max tick rate 60) at 2016.11.28-21.38.37
[2016.11.29-00.38.37:114][964]LogWorld: Bringing up level for play took: 0.002861
[2016.11.29-00.38.37:114][964]PIE: Info Play in editor start time for /Game/MirrorChamber/Maps/UEDPIE_0_DemoLevel 0.108
[2016.11.29-00.38.37:115][964]LogBlueprintUserMessages: Late PlayInEditor Detection: Level '/Game/MirrorChamber/Maps/DemoLevel.DemoLevel:PersistentLevel' has LevelScriptBlueprint '/Game/MirrorChamber/Maps/DemoLevel.DemoLevel:PersistentLevel.DemoLevel' with GeneratedClass '/Game/MirrorChamber/Maps/DemoLevel.DemoLevel_C' with ClassGeneratedBy '/Game/MirrorChamber/Maps/DemoLevel.DemoLevel:PersistentLevel.DemoLevel'
[2016.11.29-00.38.53:097][921]LogBlueprintUserMessages: Early EndPlayMap Detection: Level '/Game/MirrorChamber/Maps/DemoLevel.DemoLevel:PersistentLevel' has LevelScriptBlueprint '/Game/MirrorChamber/Maps/DemoLevel.DemoLevel:PersistentLevel.DemoLevel' with GeneratedClass '/Game/MirrorChamber/Maps/DemoLevel.DemoLevel_C' with ClassGeneratedBy '/Game/MirrorChamber/Maps/DemoLevel.DemoLevel:PersistentLevel.DemoLevel'
[2016.11.29-00.38.53:131][921]LogBlueprintUserMessages: Late EndPlayMap Detection: Level '/Game/MirrorChamber/Maps/DemoLevel.DemoLevel:PersistentLevel' has LevelScriptBlueprint '/Game/MirrorChamber/Maps/DemoLevel.DemoLevel:PersistentLevel.DemoLevel' with GeneratedClass '/Game/MirrorChamber/Maps/DemoLevel.DemoLevel_C' with ClassGeneratedBy '/Game/MirrorChamber/Maps/DemoLevel.DemoLevel:PersistentLevel.DemoLevel'
[2016.11.29-00.39.23:848][746]BlueprintLog: New page: Compile ScenarioBP
[2016.11.29-00.39.23:968][746]BlueprintEditorCompileResults: Info [0316.99] Compile of ScenarioBP successful! [in 119 ms] (/Game/MirrorChamber/Blueprints/ScenarioBP.ScenarioBP)
[2016.11.29-00.39.24:426][770]Cmd: OBJ SAVEPACKAGE PACKAGE="/Game/MirrorChamber/Blueprints/ScenarioBP" FILE="D:/Unreal Projects/MirrorChamber/Content/MirrorChamber/Blueprints/ScenarioBP.uasset" SILENT=true
[2016.11.29-00.39.24:722][770]LogSavePackage: Save=293.33ms
[2016.11.29-00.39.24:722][770]LogSavePackage: Moving 'D:/Unreal Projects/MirrorChamber/Saved/ScenarioBPBC6991AC45D1AEC91193C1AB7E19FC1B.tmp' to 'D:/Unreal Projects/MirrorChamber/Content/MirrorChamber/Blueprints/ScenarioBP.uasset'
[2016.11.29-00.39.24:724][770]LogSavePackage:Display: Finished SavePackage D:/Unreal Projects/MirrorChamber/Content/MirrorChamber/Blueprints/ScenarioBP.uasset
[2016.11.29-00.39.25:637][824]LogBlueprintUserMessages: Early PlayInEditor Detection: Level '/Game/MirrorChamber/Maps/DemoLevel.DemoLevel:PersistentLevel' has LevelScriptBlueprint '/Game/MirrorChamber/Maps/DemoLevel.DemoLevel:PersistentLevel.DemoLevel' with GeneratedClass '/Game/MirrorChamber/Maps/DemoLevel.DemoLevel_C' with ClassGeneratedBy '/Game/MirrorChamber/Maps/DemoLevel.DemoLevel:PersistentLevel.DemoLevel'
[2016.11.29-00.39.25:638][824]LogPlayLevel: PlayLevel: No blueprints needed recompiling
[2016.11.29-00.39.25:638][824]PIE: New page: PIE session: DemoLevel (Nov 28, 2016, 6:39:25 PM)
[2016.11.29-00.39.25:638][824]LogPlayLevel: Creating play world package: /Game/MirrorChamber/Maps/UEDPIE_0_DemoLevel
[2016.11.29-00.39.25:658][824]LogPlayLevel: PIE: StaticDuplicateObject took: (0.020669s)
[2016.11.29-00.39.25:659][824]LogAIModule: Creating AISystem for world DemoLevel
[2016.11.29-00.39.25:659][824]LogPlayLevel: PIE: World Init took: (0.000982s)
[2016.11.29-00.39.25:660][824]LogPlayLevel: PIE: Created PIE world by copying editor world from /Game/MirrorChamber/Maps/DemoLevel.DemoLevel to /Game/MirrorChamber/Maps/UEDPIE_0_DemoLevel.DemoLevel (0.022023s)
[2016.11.29-00.39.25:690][824]LogInit: XAudio2 using 'Speakers (Sound Blaster Recon3Di)' : 2 channels at 48 kHz using 32 bits per sample (channel mask 0x3)
[2016.11.29-00.39.25:699][824]LogInit: FAudioDevice initialized.
[2016.11.29-00.39.25:746][824]LogLinker:Warning: Can't find file '/Game/SideScrollerBP/Blueprints/SideScrollerGameMode'
[2016.11.29-00.39.25:747][824]LogLinker:Warning: Can't find file '/Game/SideScrollerBP/Blueprints/SideScrollerGameMode'
[2016.11.29-00.39.25:747][824]LogUObjectGlobals:Warning: Failed to find object 'Class /Game/SideScrollerBP/Blueprints/SideScrollerGameMode.SideScrollerGameMode_C'
[2016.11.29-00.39.25:747][824]LogWorld: Game class is 'GameMode'
[2016.11.29-00.39.25:751][824]LogWorld: Bringing World /Game/MirrorChamber/Maps/UEDPIE_0_DemoLevel.DemoLevel up for play (max tick rate 60) at 2016.11.28-21.39.25
[2016.11.29-00.39.25:751][824]LogWorld: Bringing up level for play took: 0.003102
[2016.11.29-00.39.25:752][824]PIE: Info Play in editor start time for /Game/MirrorChamber/Maps/UEDPIE_0_DemoLevel 0.745
[2016.11.29-00.39.25:752][824]LogBlueprintUserMessages: Late PlayInEditor Detection: Level '/Game/MirrorChamber/Maps/DemoLevel.DemoLevel:PersistentLevel' has LevelScriptBlueprint '/Game/MirrorChamber/Maps/DemoLevel.DemoLevel:PersistentLevel.DemoLevel' with GeneratedClass '/Game/MirrorChamber/Maps/DemoLevel.DemoLevel_C' with ClassGeneratedBy '/Game/MirrorChamber/Maps/DemoLevel.DemoLevel:PersistentLevel.DemoLevel'
[2016.11.29-00.39.32:128][205]LogBlueprintUserMessages: Early EndPlayMap Detection: Level '/Game/MirrorChamber/Maps/DemoLevel.DemoLevel:PersistentLevel' has LevelScriptBlueprint '/Game/MirrorChamber/Maps/DemoLevel.DemoLevel:PersistentLevel.DemoLevel' with GeneratedClass '/Game/MirrorChamber/Maps/DemoLevel.DemoLevel_C' with ClassGeneratedBy '/Game/MirrorChamber/Maps/DemoLevel.DemoLevel:PersistentLevel.DemoLevel'
[2016.11.29-00.39.32:162][205]LogBlueprintUserMessages: Late EndPlayMap Detection: Level '/Game/MirrorChamber/Maps/DemoLevel.DemoLevel:PersistentLevel' has LevelScriptBlueprint '/Game/MirrorChamber/Maps/DemoLevel.DemoLevel:PersistentLevel.DemoLevel' with GeneratedClass '/Game/MirrorChamber/Maps/DemoLevel.DemoLevel_C' with ClassGeneratedBy '/Game/MirrorChamber/Maps/DemoLevel.DemoLevel:PersistentLevel.DemoLevel'
[2016.11.29-00.39.33:704][293]LogBlueprintUserMessages: Early PlayInEditor Detection: Level '/Game/MirrorChamber/Maps/DemoLevel.DemoLevel:PersistentLevel' has LevelScriptBlueprint '/Game/MirrorChamber/Maps/DemoLevel.DemoLevel:PersistentLevel.DemoLevel' with GeneratedClass '/Game/MirrorChamber/Maps/DemoLevel.DemoLevel_C' with ClassGeneratedBy '/Game/MirrorChamber/Maps/DemoLevel.DemoLevel:PersistentLevel.DemoLevel'
[2016.11.29-00.39.33:704][293]LogPlayLevel: PlayLevel: No blueprints needed recompiling
[2016.11.29-00.39.33:704][293]PIE: New page: PIE session: DemoLevel (Nov 28, 2016, 6:39:33 PM)
[2016.11.29-00.39.33:704][293]LogPlayLevel: Creating play world package: /Game/MirrorChamber/Maps/UEDPIE_0_DemoLevel
[2016.11.29-00.39.33:720][293]LogPlayLevel: PIE: StaticDuplicateObject took: (0.015533s)
[2016.11.29-00.39.33:721][293]LogAIModule: Creating AISystem for world DemoLevel
[2016.11.29-00.39.33:721][293]LogPlayLevel: PIE: World Init took: (0.000825s)
[2016.11.29-00.39.33:721][293]LogPlayLevel: PIE: Created PIE world by copying editor world from /Game/MirrorChamber/Maps/DemoLevel.DemoLevel to /Game/MirrorChamber/Maps/UEDPIE_0_DemoLevel.DemoLevel (0.016695s)
[2016.11.29-00.39.33:765][293]LogInit: XAudio2 using 'Speakers (Sound Blaster Recon3Di)' : 2 channels at 48 kHz using 32 bits per sample (channel mask 0x3)
[2016.11.29-00.39.33:774][293]LogInit: FAudioDevice initialized.
[2016.11.29-00.39.33:831][293]LogLinker:Warning: Can't find file '/Game/SideScrollerBP/Blueprints/SideScrollerGameMode'
[2016.11.29-00.39.33:832][293]LogLinker:Warning: Can't find file '/Game/SideScrollerBP/Blueprints/SideScrollerGameMode'
[2016.11.29-00.39.33:832][293]LogUObjectGlobals:Warning: Failed to find object 'Class /Game/SideScrollerBP/Blueprints/SideScrollerGameMode.SideScrollerGameMode_C'
[2016.11.29-00.39.33:832][293]LogWorld: Game class is 'GameMode'
[2016.11.29-00.39.33:836][293]LogWorld: Bringing World /Game/MirrorChamber/Maps/UEDPIE_0_DemoLevel.DemoLevel up for play (max tick rate 60) at 2016.11.28-21.39.33
[2016.11.29-00.39.33:836][293]LogWorld: Bringing up level for play took: 0.002651
[2016.11.29-00.39.33:837][293]PIE: Info Play in editor start time for /Game/MirrorChamber/Maps/UEDPIE_0_DemoLevel 0.83
[2016.11.29-00.39.33:837][293]LogBlueprintUserMessages: Late PlayInEditor Detection: Level '/Game/MirrorChamber/Maps/DemoLevel.DemoLevel:PersistentLevel' has LevelScriptBlueprint '/Game/MirrorChamber/Maps/DemoLevel.DemoLevel:PersistentLevel.DemoLevel' with GeneratedClass '/Game/MirrorChamber/Maps/DemoLevel.DemoLevel_C' with ClassGeneratedBy '/Game/MirrorChamber/Maps/DemoLevel.DemoLevel:PersistentLevel.DemoLevel'
[2016.11.29-00.39.36:720][464]LogBlueprintUserMessages: Early EndPlayMap Detection: Level '/Game/MirrorChamber/Maps/DemoLevel.DemoLevel:PersistentLevel' has LevelScriptBlueprint '/Game/MirrorChamber/Maps/DemoLevel.DemoLevel:PersistentLevel.DemoLevel' with GeneratedClass '/Game/MirrorChamber/Maps/DemoLevel.DemoLevel_C' with ClassGeneratedBy '/Game/MirrorChamber/Maps/DemoLevel.DemoLevel:PersistentLevel.DemoLevel'
[2016.11.29-00.39.36:757][464]LogBlueprintUserMessages: Late EndPlayMap Detection: Level '/Game/MirrorChamber/Maps/DemoLevel.DemoLevel:PersistentLevel' has LevelScriptBlueprint '/Game/MirrorChamber/Maps/DemoLevel.DemoLevel:PersistentLevel.DemoLevel' with GeneratedClass '/Game/MirrorChamber/Maps/DemoLevel.DemoLevel_C' with ClassGeneratedBy '/Game/MirrorChamber/Maps/DemoLevel.DemoLevel:PersistentLevel.DemoLevel'
[2016.11.29-00.39.48:626][163]BlueprintLog: New page: Compile ScenarioBP
[2016.11.29-00.39.48:726][163]BlueprintEditorCompileResults: Info [0341.75] Compile of ScenarioBP successful! [in 99 ms] (/Game/MirrorChamber/Blueprints/ScenarioBP.ScenarioBP)
[2016.11.29-00.39.50:677][277]LogBlueprintUserMessages: Early PlayInEditor Detection: Level '/Game/MirrorChamber/Maps/DemoLevel.DemoLevel:PersistentLevel' has LevelScriptBlueprint '/Game/MirrorChamber/Maps/DemoLevel.DemoLevel:PersistentLevel.DemoLevel' with GeneratedClass '/Game/MirrorChamber/Maps/DemoLevel.DemoLevel_C' with ClassGeneratedBy '/Game/MirrorChamber/Maps/DemoLevel.DemoLevel:PersistentLevel.DemoLevel'
[2016.11.29-00.39.50:678][277]LogPlayLevel: PlayLevel: No blueprints needed recompiling
[2016.11.29-00.39.50:678][277]PIE: New page: PIE session: DemoLevel (Nov 28, 2016, 6:39:50 PM)
[2016.11.29-00.39.50:678][277]LogPlayLevel: Creating play world package: /Game/MirrorChamber/Maps/UEDPIE_0_DemoLevel
[2016.11.29-00.39.50:692][277]LogPlayLevel: PIE: StaticDuplicateObject took: (0.014348s)
[2016.11.29-00.39.50:693][277]LogAIModule: Creating AISystem for world DemoLevel
[2016.11.29-00.39.50:693][277]LogPlayLevel: PIE: World Init took: (0.000787s)
[2016.11.29-00.39.50:693][277]LogPlayLevel: PIE: Created PIE world by copying editor world from /Game/MirrorChamber/Maps/DemoLevel.DemoLevel to /Game/MirrorChamber/Maps/UEDPIE_0_DemoLevel.DemoLevel (0.015495s)
[2016.11.29-00.39.50:725][277]LogInit: XAudio2 using 'Speakers (Sound Blaster Recon3Di)' : 2 channels at 48 kHz using 32 bits per sample (channel mask 0x3)
[2016.11.29-00.39.50:735][277]LogInit: FAudioDevice initialized.
[2016.11.29-00.39.50:784][277]LogLinker:Warning: Can't find file '/Game/SideScrollerBP/Blueprints/SideScrollerGameMode'
[2016.11.29-00.39.50:784][277]LogLinker:Warning: Can't find file '/Game/SideScrollerBP/Blueprints/SideScrollerGameMode'
[2016.11.29-00.39.50:784][277]LogUObjectGlobals:Warning: Failed to find object 'Class /Game/SideScrollerBP/Blueprints/SideScrollerGameMode.SideScrollerGameMode_C'
[2016.11.29-00.39.50:784][277]LogWorld: Game class is 'GameMode'
[2016.11.29-00.39.50:788][277]LogWorld: Bringing World /Game/MirrorChamber/Maps/UEDPIE_0_DemoLevel.DemoLevel up for play (max tick rate 60) at 2016.11.28-21.39.50
[2016.11.29-00.39.50:788][277]LogWorld: Bringing up level for play took: 0.002396
[2016.11.29-00.39.50:789][277]PIE: Info Play in editor start time for /Game/MirrorChamber/Maps/UEDPIE_0_DemoLevel -0.218
[2016.11.29-00.39.50:789][277]LogBlueprintUserMessages: Late PlayInEditor Detection: Level '/Game/MirrorChamber/Maps/DemoLevel.DemoLevel:PersistentLevel' has LevelScriptBlueprint '/Game/MirrorChamber/Maps/DemoLevel.DemoLevel:PersistentLevel.DemoLevel' with GeneratedClass '/Game/MirrorChamber/Maps/DemoLevel.DemoLevel_C' with ClassGeneratedBy '/Game/MirrorChamber/Maps/DemoLevel.DemoLevel:PersistentLevel.DemoLevel'
[2016.11.29-00.39.54:000][468]LogBlueprintUserMessages: Early EndPlayMap Detection: Level '/Game/MirrorChamber/Maps/DemoLevel.DemoLevel:PersistentLevel' has LevelScriptBlueprint '/Game/MirrorChamber/Maps/DemoLevel.DemoLevel:PersistentLevel.DemoLevel' with GeneratedClass '/Game/MirrorChamber/Maps/DemoLevel.DemoLevel_C' with ClassGeneratedBy '/Game/MirrorChamber/Maps/DemoLevel.DemoLevel:PersistentLevel.DemoLevel'
[2016.11.29-00.39.54:039][468]LogBlueprintUserMessages: Late EndPlayMap Detection: Level '/Game/MirrorChamber/Maps/DemoLevel.DemoLevel:PersistentLevel' has LevelScriptBlueprint '/Game/MirrorChamber/Maps/DemoLevel.DemoLevel:PersistentLevel.DemoLevel' with GeneratedClass '/Game/MirrorChamber/Maps/DemoLevel.DemoLevel_C' with ClassGeneratedBy '/Game/MirrorChamber/Maps/DemoLevel.DemoLevel:PersistentLevel.DemoLevel'
[2016.11.29-00.40.04:733][101]BlueprintLog: New page: Compile ScenarioBP
[2016.11.29-00.40.04:843][101]BlueprintEditorCompileResults: Info [0357.86] Compile of ScenarioBP successful! [in 109 ms] (/Game/MirrorChamber/Blueprints/ScenarioBP.ScenarioBP)
[2016.11.29-00.40.05:632][145]Cmd: OBJ SAVEPACKAGE PACKAGE="/Game/MirrorChamber/Blueprints/ScenarioBP" FILE="D:/Unreal Projects/MirrorChamber/Content/MirrorChamber/Blueprints/ScenarioBP.uasset" SILENT=true
[2016.11.29-00.40.05:656][145]LogSavePackage: Save=21.58ms
[2016.11.29-00.40.05:656][145]LogSavePackage: Moving 'D:/Unreal Projects/MirrorChamber/Saved/ScenarioBP11FB809C4F4A11796D98348F7A6083BA.tmp' to 'D:/Unreal Projects/MirrorChamber/Content/MirrorChamber/Blueprints/ScenarioBP.uasset'
[2016.11.29-00.40.05:658][145]LogSavePackage:Display: Finished SavePackage D:/Unreal Projects/MirrorChamber/Content/MirrorChamber/Blueprints/ScenarioBP.uasset
[2016.11.29-00.40.06:853][216]LogBlueprintUserMessages: Early PlayInEditor Detection: Level '/Game/MirrorChamber/Maps/DemoLevel.DemoLevel:PersistentLevel' has LevelScriptBlueprint '/Game/MirrorChamber/Maps/DemoLevel.DemoLevel:PersistentLevel.DemoLevel' with GeneratedClass '/Game/MirrorChamber/Maps/DemoLevel.DemoLevel_C' with ClassGeneratedBy '/Game/MirrorChamber/Maps/DemoLevel.DemoLevel:PersistentLevel.DemoLevel'
[2016.11.29-00.40.06:853][216]LogPlayLevel: PlayLevel: No blueprints needed recompiling
[2016.11.29-00.40.06:853][216]PIE: New page: PIE session: DemoLevel (Nov 28, 2016, 6:40:06 PM)
[2016.11.29-00.40.06:853][216]LogPlayLevel: Creating play world package: /Game/MirrorChamber/Maps/UEDPIE_0_DemoLevel
[2016.11.29-00.40.06:867][216]LogPlayLevel: PIE: StaticDuplicateObject took: (0.014564s)
[2016.11.29-00.40.06:868][216]LogAIModule: Creating AISystem for world DemoLevel
[2016.11.29-00.40.06:868][216]LogPlayLevel: PIE: World Init took: (0.000904s)
[2016.11.29-00.40.06:869][216]LogPlayLevel: PIE: Created PIE world by copying editor world from /Game/MirrorChamber/Maps/DemoLevel.DemoLevel to /Game/MirrorChamber/Maps/UEDPIE_0_DemoLevel.DemoLevel (0.015929s)
[2016.11.29-00.40.06:898][216]LogInit: XAudio2 using 'Speakers (Sound Blaster Recon3Di)' : 2 channels at 48 kHz using 32 bits per sample (channel mask 0x3)
[2016.11.29-00.40.06:908][216]LogInit: FAudioDevice initialized.
[2016.11.29-00.40.06:958][216]LogLinker:Warning: Can't find file '/Game/SideScrollerBP/Blueprints/SideScrollerGameMode'
[2016.11.29-00.40.06:958][216]LogLinker:Warning: Can't find file '/Game/SideScrollerBP/Blueprints/SideScrollerGameMode'
[2016.11.29-00.40.06:958][216]LogUObjectGlobals:Warning: Failed to find object 'Class /Game/SideScrollerBP/Blueprints/SideScrollerGameMode.SideScrollerGameMode_C'
[2016.11.29-00.40.06:959][216]LogWorld: Game class is 'GameMode'
[2016.11.29-00.40.06:962][216]LogWorld: Bringing World /Game/MirrorChamber/Maps/UEDPIE_0_DemoLevel.DemoLevel up for play (max tick rate 60) at 2016.11.28-21.40.06
[2016.11.29-00.40.06:962][216]LogWorld: Bringing up level for play took: 0.002668
[2016.11.29-00.40.06:963][216]PIE: Info Play in editor start time for /Game/MirrorChamber/Maps/UEDPIE_0_DemoLevel -0.044
[2016.11.29-00.40.06:963][216]LogBlueprintUserMessages: Late PlayInEditor Detection: Level '/Game/MirrorChamber/Maps/DemoLevel.DemoLevel:PersistentLevel' has LevelScriptBlueprint '/Game/MirrorChamber/Maps/DemoLevel.DemoLevel:PersistentLevel.DemoLevel' with GeneratedClass '/Game/MirrorChamber/Maps/DemoLevel.DemoLevel_C' with ClassGeneratedBy '/