Log file open, 11/17/16 21:32:59
LogInit:Display: Running engine for game: Plataformero
LogPlatformFile: Not using cached read wrapper
LogInit:Display: RandInit(1240219196) SRandInit(1240219198).
LogTaskGraph: Started task graph with 4 named threads and 7 total threads with 1 sets of task threads.
LogStats: Stats thread started at 0.081725
LogInit: Version: 4.12.5-3039270+++UE4+Release-4.12
LogInit: API Version: 2992821
LogInit: Net Version: 3039270
LogDevObjectVersion: Number of dev versions registered: 13
LogDevObjectVersion:   Dev-Blueprints (B0D832E4-1F89-4F0D-ACCF-7EB736FD4AA2): 3
LogDevObjectVersion:   Dev-Build (E1C64328-A22C-4D53-A36C-8E866417BD8C): 0
LogDevObjectVersion:   Dev-Core (375EC13C-06E4-48FB-B500-84F0262A717E): 1
LogDevObjectVersion:   Dev-Editor (E4B068ED-F494-42E9-A231-DA0B2E46BB41): 2
LogDevObjectVersion:   Dev-Framework (CFFC743F-43B0-4480-9391-14DF171D2073): 6
LogDevObjectVersion:   Dev-Mobile (B02B49B5-BB20-44E9-A304-32B752E40360): 0
LogDevObjectVersion:   Dev-Networking (A4E4105C-59A1-49B5-A7C5-40C4547EDFEE): 0
LogDevObjectVersion:   Dev-Online (39C831C9-5AE6-47DC-9A44-9C173E1C8E7C): 0
LogDevObjectVersion:   Dev-Physics (78F01B33-EBEA-4F98-B9B4-84EACCB95AA2): 0
LogDevObjectVersion:   Dev-Platform (6631380F-2D4D-43E0-8009-CF276956A95A): 0
LogDevObjectVersion:   Dev-Rendering (12F88B9F-8875-4AFC-A67C-D90C383ABD29): 2
LogDevObjectVersion:   Dev-Sequencer (7B5AE74C-D270-4C10-A958-57980B212A5A): 0
LogDevObjectVersion:   Dev-VR (D7296918-1DD6-4BDD-9DE2-64A83CC13884): 0
LogInit: Compiled (64-bit): Jul  6 2016 09:09:46
LogInit: Compiled with Visual C++: 19.00.23026.00
LogInit: Build Configuration: Development
LogInit: Branch Name: ++UE4+Release-4.12
LogInit: Command line: -EpicPortal 
LogInit: Base directory: C:/Program Files (x86)/Epic Games/4.12/Engine/Binaries/Win64/
LogInit: Installed Engine Build: 1
LogInit: Using libcurl 7.41.0
LogInit:  - built for x86_64-pc-win32
LogInit:  - supports SSL with WinSSL
LogInit:  - other features:
LogInit:      CURL_VERSION_SSL
LogInit:      CURL_VERSION_IPV6
LogInit:      CURL_VERSION_ASYNCHDNS
LogInit:      CURL_VERSION_LARGEFILE
LogInit:      CURL_VERSION_IDN
LogInit:  CurlRequestOptions (configurable via config and command line):
LogInit:  - bVerifyPeer = true  - Libcurl will verify peer certificate
LogInit:  - bUseHttpProxy = false  - Libcurl will NOT use HTTP proxy
LogInit:  - bDontReuseConnections = false  - Libcurl will reuse connections
LogInit:  - CertBundlePath = nullptr  - Libcurl will use whatever was configured at build time.
LogInit: Presizing for max 8388607 objects, including 0 objects not considered by GC, pre-allocating 0 bytes for permanent pool.
LogInit: Object subsystem initialized
[2016.11.18-00.32.59:673][  0]LogInit: Selected Device Profile: [Windows]
[2016.11.18-00.32.59:673][  0]LogInit: Applying CVar settings loaded from the selected device profile: [Windows]
[2016.11.18-00.32.59:685][  0]LogInit: Computer: GUEKIVAC
[2016.11.18-00.32.59:685][  0]LogInit: User: Guekaware
[2016.11.18-00.32.59:685][  0]LogInit: CPU Page size=65536, Cores=4
[2016.11.18-00.32.59:685][  0]LogInit: High frequency timer resolution =2.531250 MHz
[2016.11.18-00.32.59:685][  0]LogMemory: Memory total: Physical=15.9GB (16GB approx)
[2016.11.18-00.32.59:685][  0]LogMemory: Platform Memory Stats for Windows
[2016.11.18-00.32.59:685][  0]LogMemory: Process Physical Memory: 190.50 MB used, 190.50 MB peak
[2016.11.18-00.32.59:685][  0]LogMemory: Process Virtual Memory: 195.38 MB used, 195.38 MB peak
[2016.11.18-00.32.59:685][  0]LogMemory: Physical Memory: 7992.08 MB used, 16283.44 MB total
[2016.11.18-00.32.59:685][  0]LogMemory: Virtual Memory: 539.41 MB used, 134217728.00 MB total
[2016.11.18-00.32.59:715][  0]LogTextLocalizationManager: No specific translations for ('en-US') exist, so ('en') translations will be used.
[2016.11.18-00.33.00:104][  0]LogD3D11RHI: D3D11 adapters:
[2016.11.18-00.33.00:149][  0]LogD3D11RHI:    0. 'NVIDIA GeForce GTX 970M' (Feature Level 11_0)
[2016.11.18-00.33.00:149][  0]LogD3D11RHI:       3037/0/8141 MB DedicatedVideo/DedicatedSystem/SharedSystem, Outputs:1, VendorId:0x10de
[2016.11.18-00.33.00:156][  0]LogD3D11RHI:    1. 'Intel(R) HD Graphics 530' (Feature Level 11_0)
[2016.11.18-00.33.00:156][  0]LogD3D11RHI:       128/0/8141 MB DedicatedVideo/DedicatedSystem/SharedSystem, Outputs:0, VendorId:0x8086
[2016.11.18-00.33.00:157][  0]LogD3D11RHI:    2. 'Microsoft Basic Render Driver' (Feature Level 11_0)
[2016.11.18-00.33.00:157][  0]LogD3D11RHI:       0/0/8141 MB DedicatedVideo/DedicatedSystem/SharedSystem, Outputs:0, VendorId:0x1414
[2016.11.18-00.33.00:157][  0]LogD3D11RHI: Chosen D3D11 Adapter: 0
[2016.11.18-00.33.00:165][  0]LogD3D11RHI: Creating new Direct3DDevice
[2016.11.18-00.33.00:165][  0]LogD3D11RHI:     GPU DeviceId: 0x13d8 (for the marketing name, search the web for "GPU Device Id")
[2016.11.18-00.33.00:165][  0]LogWindows: EnumDisplayDevices:
[2016.11.18-00.33.00:165][  0]LogWindows:    0. 'Intel(R) HD Graphics 530' (P:1 D:1)
[2016.11.18-00.33.00:166][  0]LogWindows:    1. 'Intel(R) HD Graphics 530' (P:0 D:0)
[2016.11.18-00.33.00:166][  0]LogWindows:    2. 'Intel(R) HD Graphics 530' (P:0 D:0)
[2016.11.18-00.33.00:166][  0]LogWindows:    3. 'NVIDIA GeForce GTX 970M' (P:0 D:0)
[2016.11.18-00.33.00:167][  0]LogWindows: DebugString: PrimaryIsNotTheChoosenAdapter PrimaryIsNotTheChoosenAdapter PrimaryIsNotTheChoosenAdapter 
[2016.11.18-00.33.00:167][  0]LogD3D11RHI:     Adapter Name: NVIDIA GeForce GTX 970M
[2016.11.18-00.33.00:167][  0]LogD3D11RHI:   Driver Version: 372.54 (internal:21.21.13.7254, unified:372.54)
[2016.11.18-00.33.00:167][  0]LogD3D11RHI:      Driver Date: 8-11-2016
[2016.11.18-00.33.00:167][  0]LogRHI: Texture pool is 1361 MB (70% of 1945 MB)
[2016.11.18-00.33.00:185][  0]LogD3D11RHI: Async texture creation enabled
[2016.11.18-00.33.00:196][  0]LogD3D11RHI: GPU Timing Frequency: 1000.000000 (Debug: 2 1)
[2016.11.18-00.33.00:197][  0]LogShaderCompilers: Guid format shader working directory is 17 characters bigger than the processId version (D:/Unreal Projects/Plataformero/Intermediate/Shaders/WorkingDirectory/16012/).
[2016.11.18-00.33.00:197][  0]LogShaderCompilers: Cleaned the shader compiler working directory 'C:/Users/GUEKAW~1/AppData/Local/Temp/UnrealShaderWorkingDir/9F21FBBF435BBC8B152960BD896D8EE0/'.
[2016.11.18-00.33.00:197][  0]LogShaderCompilers:Display: Using Local Shader Compiler.
[2016.11.18-00.33.01:153][  0]LogTemp:Display: Loaded TP AllDesktopTargetPlatform
[2016.11.18-00.33.01:164][  0]LogTemp:Display: Loaded TP WindowsClientTargetPlatform
[2016.11.18-00.33.01:174][  0]LogTemp:Display: Loaded TP WindowsNoEditorTargetPlatform
[2016.11.18-00.33.01:185][  0]LogTemp:Display: Loaded TP WindowsServerTargetPlatform
[2016.11.18-00.33.01:195][  0]LogTemp:Display: Loaded TP WindowsTargetPlatform
[2016.11.18-00.33.01:202][  0]LogTemp:Display: Loaded TP AndroidTargetPlatform
[2016.11.18-00.33.01:210][  0]LogTemp:Display: Loaded TP Android_ASTCTargetPlatform
[2016.11.18-00.33.01:219][  0]LogTemp:Display: Loaded TP Android_ATCTargetPlatform
[2016.11.18-00.33.01:227][  0]LogTemp:Display: Loaded TP Android_DXTTargetPlatform
[2016.11.18-00.33.01:234][  0]LogTemp:Display: Loaded TP Android_ETC1TargetPlatform
[2016.11.18-00.33.01:242][  0]LogTemp:Display: Loaded TP Android_ETC2TargetPlatform
[2016.11.18-00.33.01:259][  0]LogTemp:Display: Loaded TP Android_MultiTargetPlatform
[2016.11.18-00.33.01:259][  0]LogTemp:Display: Loaded TP Android_PVRTCTargetPlatform
[2016.11.18-00.33.01:260][  0]LogTemp:Display: Loaded TP HTML5TargetPlatform
[2016.11.18-00.33.01:281][  0]LogTemp:Display: Loaded TP IOSTargetPlatform
[2016.11.18-00.33.01:289][  0]LogTemp:Display: Loaded TP TVOSTargetPlatform
[2016.11.18-00.33.01:297][  0]LogTemp:Display: Loaded TP LinuxNoEditorTargetPlatform
[2016.11.18-00.33.01:304][  0]LogTemp:Display: Loaded TP LinuxServerTargetPlatform
[2016.11.18-00.33.01:313][  0]LogTemp:Display: Loaded TP LinuxTargetPlatform
[2016.11.18-00.33.01:313][  0]LogTargetPlatformManager:Display: Building Assets For Windows
[2016.11.18-00.33.01:402][  0]LogDerivedDataCache:Display: Max Cache Size: 512 MB
[2016.11.18-00.33.01:457][  0]LogDerivedDataCache: Loaded boot cache 0.06s 48MB C:/Users/Guekaware/AppData/Local/UnrealEngine/4.12/DerivedDataCache/Boot.ddc.
[2016.11.18-00.33.01:458][  0]LogDerivedDataCache:Display: Loaded Boot cache: C:/Users/Guekaware/AppData/Local/UnrealEngine/4.12/DerivedDataCache/Boot.ddc
[2016.11.18-00.33.01:458][  0]LogDerivedDataCache: FDerivedDataBackendGraph:  Pak pak cache file D:/Unreal Projects/Plataformero/DerivedDataCache/DDC.ddp not found, will not use a pak cache.
[2016.11.18-00.33.01:458][  0]LogDerivedDataCache: Unable to find inner node Pak for hierarchical cache Hierarchy.
[2016.11.18-00.33.01:458][  0]LogDerivedDataCache: FDerivedDataBackendGraph:  CompressedPak pak cache file D:/Unreal Projects/Plataformero/DerivedDataCache/Compressed.ddp not found, will not use a pak cache.
[2016.11.18-00.33.01:458][  0]LogDerivedDataCache: Unable to find inner node CompressedPak for hierarchical cache Hierarchy.
[2016.11.18-00.33.01:476][  0]LogDerivedDataCache:Display: Pak cache opened for reading ../../../Engine/DerivedDataCache/Compressed.ddp.
[2016.11.18-00.33.01:489][  0]LogDerivedDataCache: Using Local data cache path C:/Users/Guekaware/AppData/Local/UnrealEngine/Common/DerivedDataCache: Writable
[2016.11.18-00.33.01:665][  0]LogInit: Selected Device Profile: [Windows]
[2016.11.18-00.33.01:666][  0]LogContentStreaming: Texture pool size is 0.00 MB
[2016.11.18-00.33.01:833][  0]LogMeshUtilities: No automatic mesh reduction module available
[2016.11.18-00.33.01:833][  0]LogMeshUtilities: No automatic mesh merging module available
[2016.11.18-00.33.01:833][  0]LogMeshUtilities: No distributed automatic mesh merging module available
[2016.11.18-00.33.02:089][  0]LogAssetRegistry: FAssetRegistry took 0.0214 seconds to start up
[2016.11.18-00.33.02:143][  0]LogPackageLocalizationCache: Processed 3 localized package path(s) for 2 prioritized culture(s) in 0.050773 seconds
[2016.11.18-00.33.02:148][  0]LogUObjectArray: 28739 objects as part of root set at end of initial load.
[2016.11.18-00.33.02:148][  0]LogUObjectAllocator: 5855632 out of 0 bytes used by permanent object pool.
[2016.11.18-00.33.02:148][  0]LogUObjectArray: CloseDisregardForGC: 0/0 objects in disregard for GC pool
[2016.11.18-00.33.02:156][  0]LogInit: WinSock: version 1.1 (2.2), MaxSocks=32767, MaxUdp=65467
[2016.11.18-00.33.02:345][  0]LogSlate: SlateFontCache - WITH_FREETYPE: 1, WITH_HARFBUZZ: 1
[2016.11.18-00.33.02:345][  0]LogSlate: SlateFontCache - WITH_FREETYPE: 1, WITH_HARFBUZZ: 1
[2016.11.18-00.33.02:972][  0]LogUdpMessaging: Initializing bridge on interface 0.0.0.0:0 to multicast group 230.0.0.1:6666.
[2016.11.18-00.33.03:199][  0]SourceControl: Info Source control is disabled
[2016.11.18-00.33.03:264][  0]SourceControl: Info Source control is disabled
[2016.11.18-00.33.03:273][  0]SourceControl: Info Source control is disabled
[2016.11.18-00.33.03:282][  0]SourceControl: Info Source control is disabled
[2016.11.18-00.33.03:513][  0]LogEngine: Initializing Engine...
[2016.11.18-00.33.03:514][  0]LogHMD: SteamVR failed to initialize.  Err: 110
[2016.11.18-00.33.03:515][  0]LogHMD: SteamVR failed to initialize.  Err: 110
[2016.11.18-00.33.03:660][  0]LogAIModule: Creating AISystem for world NewWorld
[2016.11.18-00.33.03:667][  0]LogInit: XAudio2 using 'Speakers (Sound Blaster Recon3Di)' : 2 channels at 48 kHz using 32 bits per sample (channel mask 0x3)
[2016.11.18-00.33.03:681][  0]LogInit: FAudioDevice initialized.
[2016.11.18-00.33.03:708][  0]LogDerivedDataCache: Saved boot cache 0.03s 48MB C:/Users/Guekaware/AppData/Local/UnrealEngine/4.12/DerivedDataCache/Boot.ddc.
[2016.11.18-00.33.03:712][  0]LogInit: Texture streaming: Enabled
[2016.11.18-00.33.03:741][  0]LogInit: Transaction tracking system initialized
[2016.11.18-00.33.03:770][  0]BlueprintLog: New page: Editor Load
[2016.11.18-00.33.03:867][  0]LocalizationService: Info Localization service is disabled
[2016.11.18-00.33.03:934][  0]LogConsoleResponse:Display: 
[2016.11.18-00.33.04:039][  0]LogCook:Display: Max memory allowance for cook 8192mb
[2016.11.18-00.33.04:039][  0]LogCook:Display: Mobile HDR setting 1
[2016.11.18-00.33.04:147][  0]LogFileCache: Scanning file cache for directory 'D:/Unreal Projects/Plataformero/Content/' took 0.01s
[2016.11.18-00.33.04:147][  0]SourceControl: Info Source control is disabled
[2016.11.18-00.33.04:147][  0]Cmd: MAP LOAD FILE="D:/Unreal Projects/Plataformero/Content/SideScrollerBP/Maps/SideScrollerExampleMap.umap" TEMPLATE=0 SHOWPROGRESS=1 FEATURELEVEL=3
[2016.11.18-00.33.04:148][  0]LightingResults: New page: Lighting Build
[2016.11.18-00.33.04:151][  0]MapCheck: New page: Map Check
[2016.11.18-00.33.04:151][  0]LightingResults: New page: Lighting Build
[2016.11.18-00.33.04:417][  0]LogAIModule: Creating AISystem for world SideScrollerExampleMap
[2016.11.18-00.33.04:425][  0]LogEditorServer: Finished looking for orphan Actors (0.000 secs)
[2016.11.18-00.33.04:426][  0]Cmd: MAP CHECKDEP NOCLEARLOG
[2016.11.18-00.33.04:468][  0]MapCheck: Info Map check complete: 0 Error(s), 0 Warning(s), took 42.874ms to complete.
[2016.11.18-00.33.04:468][  0]LogFileHelpers: Loading map 'SideScrollerExampleMap' took 0.322
[2016.11.18-00.33.04:546][  0]LogCollectionManager: Loaded 0 collections in 0.003187 seconds
[2016.11.18-00.33.04:586][  0]LogFileCache: Scanning file cache for directory 'D:/Unreal Projects/Plataformero/Saved/Collections/' took 0.01s
[2016.11.18-00.33.04:586][  0]LogFileCache: Scanning file cache for directory 'D:/Unreal Projects/Plataformero/Content/Developers/Guekaware/Collections/' took 0.01s
[2016.11.18-00.33.04:586][  0]LogFileCache: Scanning file cache for directory 'D:/Unreal Projects/Plataformero/Content/Collections/' took 0.01s
[2016.11.18-00.33.04:586][  0]LogCollectionManager: Rebuilt the GUID cache for 0 collections in 0.000002 seconds
[2016.11.18-00.33.04:596][  0]LogContentBrowser: Native class hierarchy populated in 0.0094 seconds. Added 2047 classes and 369 folders.
[2016.11.18-00.33.04:601][  0]LogStats: UGameplayTagsManager::ConstructGameplayTagTree: Construct from data asset -  0.000 s
[2016.11.18-00.33.04:601][  0]LogStats: UGameplayTagsManager::ConstructGameplayTagTree: GameplayTagTreeChangedEvent.Broadcast -  0.000 s
[2016.11.18-00.33.04:601][  0]LogContentBrowser: Native class hierarchy updated for 'GameplayTags' in 0.0004 seconds. Added 12 classes and 0 folders.
[2016.11.18-00.33.04:607][  0]LogContentBrowser: Native class hierarchy updated for 'WidgetCarousel' in 0.0003 seconds. Added 0 classes and 0 folders.
[2016.11.18-00.33.04:640][  0]LogContentBrowser: Native class hierarchy updated for 'AddContentDialog' in 0.0004 seconds. Added 0 classes and 0 folders.
[2016.11.18-00.33.04:665][  0]LogContentBrowser: Native class hierarchy updated for 'SceneOutliner' in 0.0004 seconds. Added 1 classes and 2 folders.
[2016.11.18-00.33.04:717][  0]LogCrashTracker: Crashtracker disabled due to settings.
[2016.11.18-00.33.04:723][  0]LogUObjectGlobals:Warning: Failed to find object 'Class None.'
[2016.11.18-00.33.04:749][  0]LogContentBrowser: Native class hierarchy updated for 'HierarchicalLODOutliner' in 0.0003 seconds. Added 1 classes and 2 folders.
[2016.11.18-00.33.04:749][  0]LogLoad: Full Startup: 6.25 seconds (BP compile: 0.06 seconds)
[2016.11.18-00.33.04:749][  0]LogExternalProfiler: Found external profiler: VSPerf
[2016.11.18-00.33.04:749][  0]LogExternalProfiler: Using external profiler: VSPerf
[2016.11.18-00.33.04:768][  0]LogWindowsTextInputMethodSystem:Display: IME system now deactivated.
[2016.11.18-00.33.04:768][  0]LogOcInput: OculusInput pre-init called
[2016.11.18-00.33.04:787][  0]LogContentStreaming: Texture pool size now 1000 MB
[2016.11.18-00.33.04:968][  0]LogRenderer: Reallocating scene render targets to support 984x1012 (Frame:2).
[2016.11.18-00.33.05:202][  2]LogAssetRegistry: Asset discovery search completed in 3.1341 seconds
[2016.11.18-00.33.05:202][  2]LogCollectionManager: Rebuilt the object cache for 0 collections in 0.000001 seconds (found 0 objects)
[2016.11.18-00.33.05:202][  2]LogCollectionManager: Fixed up redirectors for 0 collections in 0.000020 seconds (updated 0 objects)
[2016.11.18-00.33.10:121][276]LogContentBrowser: Native class hierarchy updated for 'BlueprintGraph' in 0.0007 seconds. Added 111 classes and 0 folders.
[2016.11.18-00.33.34:590][704]LogEditorViewport: Clicking Background
[2016.11.18-00.33.35:242][743]LogEditorViewport: Clicking on Actor (LMB): CubeBP_v2_C (CubeBP_v2)
[2016.11.18-00.33.35:419][752]LogEditorViewport: Clicking on Component (LMB): StaticMeshComponent (front)
[2016.11.18-00.33.37:111][852]LogEditorViewport: Clicking on Component (LMB): StaticMeshComponent (front)
[2016.11.18-00.33.37:206][857]LogEditorViewport: Clicking on Actor (double click): CubeBP_v2_C (CubeBP_v2)
[2016.11.18-00.33.40:370][ 26]LogRenderer: Reallocating scene render targets to support 1044x1012 (Frame:1974).
[2016.11.18-00.33.58:675][112]Cmd: OBJ SAVEPACKAGE PACKAGE="/Game/SideScrollerBP/Blueprints/CubeBP_v2" FILE="D:/Unreal Projects/Plataformero/Content/SideScrollerBP/Blueprints/CubeBP_v2.uasset" SILENT=true
[2016.11.18-00.33.58:848][112]LogSavePackage: Save=32.79ms
[2016.11.18-00.33.58:848][112]LogSavePackage: Moving 'D:/Unreal Projects/Plataformero/Saved/CubeBP_v208A273074EE886AD76A597A85548B9A4.tmp' to 'D:/Unreal Projects/Plataformero/Content/SideScrollerBP/Blueprints/CubeBP_v2.uasset'
[2016.11.18-00.33.58:849][112]LogFileManager:Warning: DeleteFile was unable to delete 'D:/Unreal Projects/Plataformero/Content/SideScrollerBP/Blueprints/CubeBP_v2.uasset', retrying in .5s...
[2016.11.18-00.33.59:349][112]LogFileManager:Error: Error deleting file 'D:/Unreal Projects/Plataformero/Content/SideScrollerBP/Blueprints/CubeBP_v2.uasset'.
[2016.11.18-00.33.59:349][112]LogSavePackage:Error: Error saving 'D:/Unreal Projects/Plataformero/Content/SideScrollerBP/Blueprints/CubeBP_v2.uasset'
[2016.11.18-00.33.59:351][112]LogSavePackage:Display: Finished SavePackage D:/Unreal Projects/Plataformero/Content/SideScrollerBP/Blueprints/CubeBP_v2.uasset
[2016.11.18-00.34.01:083][112]Cmd: OBJ SAVEPACKAGE PACKAGE="/Game/SideScrollerBP/Blueprints/CubeBP_v2" FILE="D:/Unreal Projects/Plataformero/Content/SideScrollerBP/Blueprints/CubeBP_v2.uasset" SILENT=true
[2016.11.18-00.34.01:100][112]LogSavePackage: Save=14.52ms
[2016.11.18-00.34.01:100][112]LogSavePackage: Moving 'D:/Unreal Projects/Plataformero/Saved/CubeBP_v2DF85C8C5413F41811C2C0FACBC114E34.tmp' to 'D:/Unreal Projects/Plataformero/Content/SideScrollerBP/Blueprints/CubeBP_v2.uasset'
[2016.11.18-00.34.01:100][112]LogFileManager:Warning: DeleteFile was unable to delete 'D:/Unreal Projects/Plataformero/Content/SideScrollerBP/Blueprints/CubeBP_v2.uasset', retrying in .5s...
[2016.11.18-00.34.01:601][112]LogFileManager:Error: Error deleting file 'D:/Unreal Projects/Plataformero/Content/SideScrollerBP/Blueprints/CubeBP_v2.uasset'.
[2016.11.18-00.34.01:601][112]LogSavePackage:Error: Error saving 'D:/Unreal Projects/Plataformero/Content/SideScrollerBP/Blueprints/CubeBP_v2.uasset'
[2016.11.18-00.34.01:603][112]LogSavePackage:Display: Finished SavePackage D:/Unreal Projects/Plataformero/Content/SideScrollerBP/Blueprints/CubeBP_v2.uasset
[2016.11.18-00.34.03:670][112]EditorErrors: New page: Save Output
[2016.11.18-00.34.03:670][112]EditorErrors:Warning: Warning Error saving 'D:/Unreal Projects/Plataformero/Content/SideScrollerBP/Blueprints/CubeBP_v2.uasset'
[2016.11.18-00.34.03:670][112]EditorErrors:Warning: Warning Error saving 'D:/Unreal Projects/Plataformero/Content/SideScrollerBP/Blueprints/CubeBP_v2.uasset'
[2016.11.18-00.34.06:561][285]BlueprintLog: New page: Compile CubeBP_v2
[2016.11.18-00.34.06:685][285]BlueprintEditorCompileResults: Info [0068.18] Compile of CubeBP_v2 successful! [in 123 ms] (/Game/SideScrollerBP/Blueprints/CubeBP_v2.CubeBP_v2)
[2016.11.18-00.34.07:857][351]Cmd: OBJ SAVEPACKAGE PACKAGE="/Game/SideScrollerBP/Blueprints/CubeBP_v2" FILE="D:/Unreal Projects/Plataformero/Content/SideScrollerBP/Blueprints/CubeBP_v2.uasset" SILENT=true
[2016.11.18-00.34.07:883][351]LogSavePackage: Save=23.55ms
[2016.11.18-00.34.07:883][351]LogSavePackage: Moving 'D:/Unreal Projects/Plataformero/Saved/CubeBP_v253A0261A46DA723115511DBC80A8F9AD.tmp' to 'D:/Unreal Projects/Plataformero/Content/SideScrollerBP/Blueprints/CubeBP_v2.uasset'
[2016.11.18-00.34.07:884][351]LogFileManager:Warning: DeleteFile was unable to delete 'D:/Unreal Projects/Plataformero/Content/SideScrollerBP/Blueprints/CubeBP_v2.uasset', retrying in .5s...
[2016.11.18-00.34.08:385][351]LogFileManager:Error: Error deleting file 'D:/Unreal Projects/Plataformero/Content/SideScrollerBP/Blueprints/CubeBP_v2.uasset'.
[2016.11.18-00.34.08:385][351]LogSavePackage:Error: Error saving 'D:/Unreal Projects/Plataformero/Content/SideScrollerBP/Blueprints/CubeBP_v2.uasset'
[2016.11.18-00.34.08:386][351]LogSavePackage:Display: Finished SavePackage D:/Unreal Projects/Plataformero/Content/SideScrollerBP/Blueprints/CubeBP_v2.uasset
[2016.11.18-00.34.10:602][351]Cmd: OBJ SAVEPACKAGE PACKAGE="/Game/SideScrollerBP/Blueprints/CubeBP_v2" FILE="D:/Unreal Projects/Plataformero/Content/SideScrollerBP/Blueprints/CubeBP_v2.uasset" SILENT=true
[2016.11.18-00.34.10:620][351]LogSavePackage: Save=14.29ms
[2016.11.18-00.34.10:620][351]LogSavePackage: Moving 'D:/Unreal Projects/Plataformero/Saved/CubeBP_v224EDAFF445696B231551ABA08AE6744E.tmp' to 'D:/Unreal Projects/Plataformero/Content/SideScrollerBP/Blueprints/CubeBP_v2.uasset'
[2016.11.18-00.34.10:620][351]LogFileManager:Warning: DeleteFile was unable to delete 'D:/Unreal Projects/Plataformero/Content/SideScrollerBP/Blueprints/CubeBP_v2.uasset', retrying in .5s...
[2016.11.18-00.34.11:121][351]LogFileManager:Error: Error deleting file 'D:/Unreal Projects/Plataformero/Content/SideScrollerBP/Blueprints/CubeBP_v2.uasset'.
[2016.11.18-00.34.11:121][351]LogSavePackage:Error: Error saving 'D:/Unreal Projects/Plataformero/Content/SideScrollerBP/Blueprints/CubeBP_v2.uasset'
[2016.11.18-00.34.11:122][351]LogSavePackage:Display: Finished SavePackage D:/Unreal Projects/Plataformero/Content/SideScrollerBP/Blueprints/CubeBP_v2.uasset
[2016.11.18-00.34.12:203][351]EditorErrors: New page: Save Output
[2016.11.18-00.34.12:203][351]EditorErrors:Warning: Warning Error saving 'D:/Unreal Projects/Plataformero/Content/SideScrollerBP/Blueprints/CubeBP_v2.uasset'
[2016.11.18-00.34.12:203][351]EditorErrors:Warning: Warning Error saving 'D:/Unreal Projects/Plataformero/Content/SideScrollerBP/Blueprints/CubeBP_v2.uasset'
[2016.11.18-00.34.17:210][531]LogActorComponent: UnregisterComponent: (/Engine/Transient.EditorFloorComp) Not registered. Aborting.
[2016.11.18-00.34.18:614][612]LogEditorViewport: Clicking on Actor (LMB): SideScrollerCharacter_C (SideScrollerCharacter)
[2016.11.18-00.35.00:988][145]LogBlueprintUserMessages: Early PlayInEditor Detection: Level '/Game/SideScrollerBP/Maps/SideScrollerExampleMap.SideScrollerExampleMap:PersistentLevel' has LevelScriptBlueprint '/Game/SideScrollerBP/Maps/SideScrollerExampleMap.SideScrollerExampleMap:PersistentLevel.SideScrollerExampleMap' with GeneratedClass '/Game/SideScrollerBP/Maps/SideScrollerExampleMap.SideScrollerExampleMap_C' with ClassGeneratedBy '/Game/SideScrollerBP/Maps/SideScrollerExampleMap.SideScrollerExampleMap:PersistentLevel.SideScrollerExampleMap'
[2016.11.18-00.35.00:988][145]LogPlayLevel: PlayLevel: No blueprints needed recompiling
[2016.11.18-00.35.00:989][145]PIE: New page: PIE session: SideScrollerExampleMap (Nov 17, 2016, 6:35:00 PM)
[2016.11.18-00.35.00:989][145]LogPlayLevel: Creating play world package: /Game/SideScrollerBP/Maps/UEDPIE_0_SideScrollerExampleMap
[2016.11.18-00.35.01:008][145]LogPlayLevel: PIE: StaticDuplicateObject took: (0.018369s)
[2016.11.18-00.35.01:009][145]LogAIModule: Creating AISystem for world SideScrollerExampleMap
[2016.11.18-00.35.01:009][145]LogPlayLevel: PIE: World Init took: (0.001173s)
[2016.11.18-00.35.01:010][145]LogPlayLevel: PIE: Created PIE world by copying editor world from /Game/SideScrollerBP/Maps/SideScrollerExampleMap.SideScrollerExampleMap to /Game/SideScrollerBP/Maps/UEDPIE_0_SideScrollerExampleMap.SideScrollerExampleMap (0.020028s)
[2016.11.18-00.35.01:038][145]LogInit: XAudio2 using 'Speakers (Sound Blaster Recon3Di)' : 2 channels at 48 kHz using 32 bits per sample (channel mask 0x3)
[2016.11.18-00.35.01:048][145]LogInit: FAudioDevice initialized.
[2016.11.18-00.35.01:118][145]LogWorld: Game class is 'SideScrollerGameMode_C'
[2016.11.18-00.35.01:123][145]LogWorld: Bringing World /Game/SideScrollerBP/Maps/UEDPIE_0_SideScrollerExampleMap.SideScrollerExampleMap up for play (max tick rate 60) at 2016.11.17-21.35.01
[2016.11.18-00.35.01:125][145]LogWorld: Bringing up level for play took: 0.004565
[2016.11.18-00.35.01:129][145]LogContentBrowser: Native class hierarchy updated for 'MovieSceneCapture' in 0.0004 seconds. Added 11 classes and 0 folders.
[2016.11.18-00.35.01:129][145]PIE: Info Play in editor start time for /Game/SideScrollerBP/Maps/UEDPIE_0_SideScrollerExampleMap 0.543
[2016.11.18-00.35.01:130][145]LogBlueprintUserMessages: Late PlayInEditor Detection: Level '/Game/SideScrollerBP/Maps/SideScrollerExampleMap.SideScrollerExampleMap:PersistentLevel' has LevelScriptBlueprint '/Game/SideScrollerBP/Maps/SideScrollerExampleMap.SideScrollerExampleMap:PersistentLevel.SideScrollerExampleMap' with GeneratedClass '/Game/SideScrollerBP/Maps/SideScrollerExampleMap.SideScrollerExampleMap_C' with ClassGeneratedBy '/Game/SideScrollerBP/Maps/SideScrollerExampleMap.SideScrollerExampleMap:PersistentLevel.SideScrollerExampleMap'
[2016.11.18-00.35.04:962][373]LogBlueprintUserMessages: Early EndPlayMap Detection: Level '/Game/SideScrollerBP/Maps/SideScrollerExampleMap.SideScrollerExampleMap:PersistentLevel' has LevelScriptBlueprint '/Game/SideScrollerBP/Maps/SideScrollerExampleMap.SideScrollerExampleMap:PersistentLevel.SideScrollerExampleMap' with GeneratedClass '/Game/SideScrollerBP/Maps/SideScrollerExampleMap.SideScrollerExampleMap_C' with ClassGeneratedBy '/Game/SideScrollerBP/Maps/SideScrollerExampleMap.SideScrollerExampleMap:PersistentLevel.SideScrollerExampleMap'
[2016.11.18-00.35.05:027][373]LogBlueprintUserMessages: Late EndPlayMap Detection: Level '/Game/SideScrollerBP/Maps/SideScrollerExampleMap.SideScrollerExampleMap:PersistentLevel' has LevelScriptBlueprint '/Game/SideScrollerBP/Maps/SideScrollerExampleMap.SideScrollerExampleMap:PersistentLevel.SideScrollerExampleMap' with GeneratedClass '/Game/SideScrollerBP/Maps/SideScrollerExampleMap.SideScrollerExampleMap_C' with ClassGeneratedBy '/Game/SideScrollerBP/Maps/SideScrollerExampleMap.SideScrollerExampleMap:PersistentLevel.SideScrollerExampleMap'
[2016.11.18-00.35.06:232][442]LogEditorViewport: Clicking on Actor (LMB): CubeBP_v2_C (CubeBP_v2)
[2016.11.18-00.35.07:338][507]LogEditorViewport: Clicking on Actor (LMB): SideScrollerCharacter_C (SideScrollerCharacter)
[2016.11.18-00.35.40:241][434]LogEditorViewport: Clicking on Actor (LMB): SphereReflectionCapture (SphereReflectionCapture)
[2016.11.18-00.36.03:635][834]LogEditorViewport: Clicking on Actor (LMB): SideScrollerCharacter_C (SideScrollerCharacter)
[2016.11.18-00.36.05:073][917]LogEditorViewport: Clicking on Actor (LMB): SideScrollerCharacter_C (SideScrollerCharacter2)
[2016.11.18-00.36.28:263][305]LogEditorViewport: Clicking on Actor (LMB): SideScrollerCharacter_C (SideScrollerCharacter)
[2016.11.18-00.36.30:499][436]LogEditorViewport: Clicking on Actor (LMB): CubeBP_v2_C (CubeBP_v2)
[2016.11.18-00.36.32:404][549]LogEditorViewport: Clicking on Actor (LMB): SideScrollerCharacter_C (SideScrollerCharacter)
[2016.11.18-00.36.46:783][408]LogEditorViewport: Clicking on Actor (LMB): SideScrollerCharacter_C (SideScrollerCharacter2)
[2016.11.18-00.36.49:992][597]LogEditorViewport: Clicking on Actor (LMB): SideScrollerCharacter_C (SideScrollerCharacter2)
[2016.11.18-00.36.51:485][686]LogEditorViewport: Clicking on Actor (LMB): SideScrollerCharacter_C (SideScrollerCharacter)
[2016.11.18-00.36.56:782][  0]LogEditorViewport: Clicking on Actor (LMB): SideScrollerCharacter_C (SideScrollerCharacter2)
[2016.11.18-00.37.01:881][302]LogEditorViewport: Clicking on Actor (LMB): SideScrollerCharacter_C (SideScrollerCharacter)
[2016.11.18-00.37.07:758][642]LogSavePackage: Save=108.90ms
[2016.11.18-00.37.07:758][642]LogSavePackage: Moving 'D:/Unreal Projects/Plataformero/Saved/SideScrollerExampleMapB81146404B555B980842ECBAD2DD3DBB.tmp' to 'D:/Unreal Projects/Plataformero/Content/SideScrollerBP/Maps/SideScrollerExampleMap.umap'
[2016.11.18-00.37.07:758][642]LogFileManager:Warning: DeleteFile was unable to delete 'D:/Unreal Projects/Plataformero/Content/SideScrollerBP/Maps/SideScrollerExampleMap.umap', retrying in .5s...
[2016.11.18-00.37.08:259][642]LogFileManager:Error: Error deleting file 'D:/Unreal Projects/Plataformero/Content/SideScrollerBP/Maps/SideScrollerExampleMap.umap'.
[2016.11.18-00.37.08:259][642]LogSavePackage:Error: Error saving 'D:/Unreal Projects/Plataformero/Content/SideScrollerBP/Maps/SideScrollerExampleMap.umap'
[2016.11.18-00.37.08:262][642]LogSavePackage:Display: Finished SavePackage D:/Unreal Projects/Plataformero/Content/SideScrollerBP/Maps/SideScrollerExampleMap.umap
[2016.11.18-00.37.08:264][642]EditorErrors: New page: Save Output
[2016.11.18-00.37.08:264][642]EditorErrors:Warning: Warning Error saving 'D:/Unreal Projects/Plataformero/Content/SideScrollerBP/Maps/SideScrollerExampleMap.umap'
[2016.11.18-00.37.13:075][929]LogBlueprintUserMessages: Early PlayInEditor Detection: Level '/Game/SideScrollerBP/Maps/SideScrollerExampleMap.SideScrollerExampleMap:PersistentLevel' has LevelScriptBlueprint '/Game/SideScrollerBP/Maps/SideScrollerExampleMap.SideScrollerExampleMap:PersistentLevel.SideScrollerExampleMap' with GeneratedClass '/Game/SideScrollerBP/Maps/SideScrollerExampleMap.SideScrollerExampleMap_C' with ClassGeneratedBy '/Game/SideScrollerBP/Maps/SideScrollerExampleMap.SideScrollerExampleMap:PersistentLevel.SideScrollerExampleMap'
[2016.11.18-00.37.13:075][929]LogPlayLevel: PlayLevel: No blueprints needed recompiling
[2016.11.18-00.37.13:075][929]PIE: New page: PIE session: SideScrollerExampleMap (Nov 17, 2016, 6:37:13 PM)
[2016.11.18-00.37.13:075][929]LogPlayLevel: Creating play world package: /Game/SideScrollerBP/Maps/UEDPIE_0_SideScrollerExampleMap
[2016.11.18-00.37.13:095][929]LogPlayLevel: PIE: StaticDuplicateObject took: (0.019768s)
[2016.11.18-00.37.13:096][929]LogAIModule: Creating AISystem for world SideScrollerExampleMap
[2016.11.18-00.37.13:096][929]LogPlayLevel: PIE: World Init took: (0.000855s)
[2016.11.18-00.37.13:096][929]LogPlayLevel: PIE: Created PIE world by copying editor world from /Game/SideScrollerBP/Maps/SideScrollerExampleMap.SideScrollerExampleMap to /Game/SideScrollerBP/Maps/UEDPIE_0_SideScrollerExampleMap.SideScrollerExampleMap (0.020943s)
[2016.11.18-00.37.13:124][929]LogInit: XAudio2 using 'Speakers (Sound Blaster Recon3Di)' : 2 channels at 48 kHz using 32 bits per sample (channel mask 0x3)
[2016.11.18-00.37.13:134][929]LogInit: FAudioDevice initialized.
[2016.11.18-00.37.13:185][929]LogWorld: Game class is 'SideScrollerGameMode_C'
[2016.11.18-00.37.13:189][929]LogWorld: Bringing World /Game/SideScrollerBP/Maps/UEDPIE_0_SideScrollerExampleMap.SideScrollerExampleMap up for play (max tick rate 60) at 2016.11.17-21.37.13
[2016.11.18-00.37.13:189][929]LogWorld: Bringing up level for play took: 0.003136
[2016.11.18-00.37.13:190][929]PIE: Info Play in editor start time for /Game/SideScrollerBP/Maps/UEDPIE_0_SideScrollerExampleMap 0.604
[2016.11.18-00.37.13:190][929]LogBlueprintUserMessages: Late PlayInEditor Detection: Level '/Game/SideScrollerBP/Maps/SideScrollerExampleMap.SideScrollerExampleMap:PersistentLevel' has LevelScriptBlueprint '/Game/SideScrollerBP/Maps/SideScrollerExampleMap.SideScrollerExampleMap:PersistentLevel.SideScrollerExampleMap' with GeneratedClass '/Game/SideScrollerBP/Maps/SideScrollerExampleMap.SideScrollerExampleMap_C' with ClassGeneratedBy '/Game/SideScrollerBP/Maps/SideScrollerExampleMap.SideScrollerExampleMap:PersistentLevel.SideScrollerExampleMap'
[2016.11.18-00.37.29:606][913]LogBlueprintUserMessages: Early EndPlayMap Detection: Level '/Game/SideScrollerBP/Maps/SideScrollerExampleMap.SideScrollerExampleMap:PersistentLevel' has LevelScriptBlueprint '/Game/SideScrollerBP/Maps/SideScrollerExampleMap.SideScrollerExampleMap:PersistentLevel.SideScrollerExampleMap' with GeneratedClass '/Game/SideScrollerBP/Maps/SideScrollerExampleMap.SideScrollerExampleMap_C' with ClassGeneratedBy '/Game/SideScrollerBP/Maps/SideScrollerExampleMap.SideScrollerExampleMap:PersistentLevel.SideScrollerExampleMap'
[2016.11.18-00.37.29:672][913]LogBlueprintUserMessages: Late EndPlayMap Detection: Level '/Game/SideScrollerBP/Maps/SideScrollerExampleMap.SideScrollerExampleMap:PersistentLevel' has LevelScriptBlueprint '/Game/SideScrollerBP/Maps/SideScrollerExampleMap.SideScrollerExampleMap:PersistentLevel.SideScrollerExampleMap' with GeneratedClass '/Game/SideScrollerBP/Maps/SideScrollerExampleMap.SideScrollerExampleMap_C' with ClassGeneratedBy '/Game/SideScrollerBP/Maps/SideScrollerExampleMap.SideScrollerExampleMap:PersistentLevel.SideScrollerExampleMap'
[2016.11.18-00.37.31:055][993]LogEditorViewport: Clicking on Actor (LMB): SideScrollerCharacter_C (SideScrollerCharacter2)
[2016.11.18-00.37.36:175][297]LogEditorViewport: Clicking on Actor (LMB): SideScrollerCharacter_C (SideScrollerCharacter)
[2016.11.18-00.37.39:399][487]LogEditorViewport: Clicking on Actor (LMB): SideScrollerCharacter_C (SideScrollerCharacter2)
[2016.11.18-00.38.43:387][322]LogBlueprintUserMessages: Early PlayInEditor Detection: Level '/Game/SideScrollerBP/Maps/SideScrollerExampleMap.SideScrollerExampleMap:PersistentLevel' has LevelScriptBlueprint '/Game/SideScrollerBP/Maps/SideScrollerExampleMap.SideScrollerExampleMap:PersistentLevel.SideScrollerExampleMap' with GeneratedClass '/Game/SideScrollerBP/Maps/SideScrollerExampleMap.SideScrollerExampleMap_C' with ClassGeneratedBy '/Game/SideScrollerBP/Maps/SideScrollerExampleMap.SideScrollerExampleMap:PersistentLevel.SideScrollerExampleMap'
[2016.11.18-00.38.43:387][322]LogPlayLevel: PlayLevel: No blueprints needed recompiling
[2016.11.18-00.38.43:387][322]PIE: New page: PIE session: SideScrollerExampleMap (Nov 17, 2016, 6:38:43 PM)
[2016.11.18-00.38.43:387][322]LogPlayLevel: Creating play world package: /Game/SideScrollerBP/Maps/UEDPIE_0_SideScrollerExampleMap
[2016.11.18-00.38.43:409][322]LogPlayLevel: PIE: StaticDuplicateObject took: (0.021647s)
[2016.11.18-00.38.43:410][322]LogAIModule: Creating AISystem for world SideScrollerExampleMap
[2016.11.18-00.38.43:410][322]LogPlayLevel: PIE: World Init took: (0.001054s)
[2016.11.18-00.38.43:410][322]LogPlayLevel: PIE: Created PIE world by copying editor world from /Game/SideScrollerBP/Maps/SideScrollerExampleMap.SideScrollerExampleMap to /Game/SideScrollerBP/Maps/UEDPIE_0_SideScrollerExampleMap.SideScrollerExampleMap (0.022993s)
[2016.11.18-00.38.43:438][322]LogInit: XAudio2 using 'Speakers (Sound Blaster Recon3Di)' : 2 channels at 48 kHz using 32 bits per sample (channel mask 0x3)
[2016.11.18-00.38.43:447][322]LogInit: FAudioDevice initialized.
[2016.11.18-00.38.43:507][322]LogWorld: Game class is 'SideScrollerGameMode_C'
[2016.11.18-00.38.43:511][322]LogWorld: Bringing World /Game/SideScrollerBP/Maps/UEDPIE_0_SideScrollerExampleMap.SideScrollerExampleMap up for play (max tick rate 60) at 2016.11.17-21.38.43
[2016.11.18-00.38.43:511][322]LogWorld: Bringing up level for play took: 0.003074
[2016.11.18-00.38.43:512][322]PIE: Info Play in editor start time for /Game/SideScrollerBP/Maps/UEDPIE_0_SideScrollerExampleMap 0.926
[2016.11.18-00.38.43:512][322]LogBlueprintUserMessages: Late PlayInEditor Detection: Level '/Game/SideScrollerBP/Maps/SideScrollerExampleMap.SideScrollerExampleMap:PersistentLevel' has LevelScriptBlueprint '/Game/SideScrollerBP/Maps/SideScrollerExampleMap.SideScrollerExampleMap:PersistentLevel.SideScrollerExampleMap' with GeneratedClass '/Game/SideScrollerBP/Maps/SideScrollerExampleMap.SideScrollerExampleMap_C' with ClassGeneratedBy '/Game/SideScrollerBP/Maps/SideScrollerExampleMap.SideScrollerExampleMap:PersistentLevel.SideScrollerExampleMap'
[2016.11.18-00.38.50:629][748]LogBlueprintUserMessages: Early EndPlayMap Detection: Level '/Game/SideScrollerBP/Maps/SideScrollerExampleMap.SideScrollerExampleMap:PersistentLevel' has LevelScriptBlueprint '/Game/SideScrollerBP/Maps/SideScrollerExampleMap.SideScrollerExampleMap:PersistentLevel.SideScrollerExampleMap' with GeneratedClass '/Game/SideScrollerBP/Maps/SideScrollerExampleMap.SideScrollerExampleMap_C' with ClassGeneratedBy '/Game/SideScrollerBP/Maps/SideScrollerExampleMap.SideScrollerExampleMap:PersistentLevel.SideScrollerExampleMap'
[2016.11.18-00.38.50:696][748]LogBlueprintUserMessages: Late EndPlayMap Detection: Level '/Game/SideScrollerBP/Maps/SideScrollerExampleMap.SideScrollerExampleMap:PersistentLevel' has LevelScriptBlueprint '/Game/SideScrollerBP/Maps/SideScrollerExampleMap.SideScrollerExampleMap:PersistentLevel.SideScrollerExampleMap' with GeneratedClass '/Game/SideScrollerBP/Maps/SideScrollerExampleMap.SideScrollerExampleMap_C' with ClassGeneratedBy '/Game/SideScrollerBP/Maps/SideScrollerExampleMap.SideScrollerExampleMap:PersistentLevel.SideScrollerExampleMap'
[2016.11.18-00.38.54:806][983]LogSavePackage: Save=107.78ms
[2016.11.18-00.38.54:806][983]LogSavePackage: Moving 'D:/Unreal Projects/Plataformero/Saved/SideScrollerExampleMapB0B0E16B4E3DC5820A7C9DB36BCBE7B3.tmp' to 'D:/Unreal Projects/Plataformero/Content/SideScrollerBP/Maps/SideScrollerExampleMap.umap'
[2016.11.18-00.38.54:806][983]LogFileManager:Warning: DeleteFile was unable to delete 'D:/Unreal Projects/Plataformero/Content/SideScrollerBP/Maps/SideScrollerExampleMap.umap', retrying in .5s...
[2016.11.18-00.38.55:307][983]LogFileManager:Error: Error deleting file 'D:/Unreal Projects/Plataformero/Content/SideScrollerBP/Maps/SideScrollerExampleMap.umap'.
[2016.11.18-00.38.55:307][983]LogSavePackage:Error: Error saving 'D:/Unreal Projects/Plataformero/Content/SideScrollerBP/Maps/SideScrollerExampleMap.umap'
[2016.11.18-00.38.55:310][983]LogSavePackage:Display: Finished SavePackage D:/Unreal Projects/Plataformero/Content/SideScrollerBP/Maps/SideScrollerExampleMap.umap
[2016.11.18-00.38.55:312][983]EditorErrors: New page: Save Output
[2016.11.18-00.38.55:312][983]EditorErrors:Warning: Warning Error saving 'D:/Unreal Projects/Plataformero/Content/SideScrollerBP/Maps/SideScrollerExampleMap.umap'
[2016.11.18-00.40.28:334][446]Cmd: OBJ SAVEPACKAGE PACKAGE="/Game/SideScrollerBP/Blueprints/CubeBP_v2" FILE="D:/Unreal Projects/Plataformero/Content/SideScrollerBP/Blueprints/CubeBP_v2.uasset" SILENT=true
[2016.11.18-00.40.28:634][446]LogSavePackage: Save=297.39ms
[2016.11.18-00.40.28:634][446]LogSavePackage: Moving 'D:/Unreal Projects/Plataformero/Saved/CubeBP_v2B07B001E4B2FC02B4280339C66E5BCE6.tmp' to 'D:/Unreal Projects/Plataformero/Content/SideScrollerBP/Blueprints/CubeBP_v2.uasset'
[2016.11.18-00.40.28:634][446]LogFileManager:Warning: DeleteFile was unable to delete 'D:/Unreal Projects/Plataformero/Content/SideScrollerBP/Blueprints/CubeBP_v2.uasset', retrying in .5s...
[2016.11.18-00.40.29:135][446]LogFileManager:Error: Error deleting file 'D:/Unreal Projects/Plataformero/Content/SideScrollerBP/Blueprints/CubeBP_v2.uasset'.
[2016.11.18-00.40.29:135][446]LogSavePackage:Error: Error saving 'D:/Unreal Projects/Plataformero/Content/SideScrollerBP/Blueprints/CubeBP_v2.uasset'
[2016.11.18-00.40.29:138][446]LogSavePackage:Display: Finished SavePackage D:/Unreal Projects/Plataformero/Content/SideScrollerBP/Blueprints/CubeBP_v2.uasset
[2016.11.18-00.40.30:372][446]Cmd: OBJ SAVEPACKAGE PACKAGE="/Game/SideScrollerBP/Blueprints/CubeBP_v2" FILE="D:/Unreal Projects/Plataformero/Content/SideScrollerBP/Blueprints/CubeBP_v2.uasset" SILENT=true
[2016.11.18-00.40.30:391][446]LogSavePackage: Save=16.16ms
[2016.11.18-00.40.30:391][446]LogSavePackage: Moving 'D:/Unreal Projects/Plataformero/Saved/CubeBP_v2EC57E07342BDD230F3176093F4FB11CE.tmp' to 'D:/Unreal Projects/Plataformero/Content/SideScrollerBP/Blueprints/CubeBP_v2.uasset'
[2016.11.18-00.40.30:391][446]LogFileManager:Warning: DeleteFile was unable to delete 'D:/Unreal Projects/Plataformero/Content/SideScrollerBP/Blueprints/CubeBP_v2.uasset', retrying in .5s...
[2016.11.18-00.40.30:892][446]LogFileManager:Error: Error deleting file 'D:/Unreal Projects/Plataformero/Content/SideScrollerBP/Blueprints/CubeBP_v2.uasset'.
[2016.11.18-00.40.30:892][446]LogSavePackage:Error: Error saving 'D:/Unreal Projects/Plataformero/Content/SideScrollerBP/Blueprints/CubeBP_v2.uasset'
[2016.11.18-00.40.30:894][446]LogSavePackage:Display: Finished SavePackage D:/Unreal Projects/Plataformero/Content/SideScrollerBP/Blueprints/CubeBP_v2.uasset
[2016.11.18-00.40.36:189][446]Cmd: OBJ SAVEPACKAGE PACKAGE="/Game/SideScrollerBP/Blueprints/CubeBP_v2" FILE="D:/Unreal Projects/Plataformero/Content/SideScrollerBP/Blueprints/CubeBP_v2.uasset" SILENT=true
[2016.11.18-00.40.36:208][446]LogSavePackage: Save=15.01ms
[2016.11.18-00.40.36:208][446]LogSavePackage: Moving 'D:/Unreal Projects/Plataformero/Saved/CubeBP_v2CD8377524CBE39B806FFC98DAE6AE38E.tmp' to 'D:/Unreal Projects/Plataformero/Content/SideScrollerBP/Blueprints/CubeBP_v2.uasset'
[2016.11.18-00.40.36:208][446]LogFileManager:Warning: DeleteFile was unable to delete 'D:/Unreal Projects/Plataformero/Content/SideScrollerBP/Blueprints/CubeBP_v2.uasset', retrying in .5s...
[2016.11.18-00.40.36:709][446]LogFileManager:Error: Error deleting file 'D:/Unreal Projects/Plataformero/Content/SideScrollerBP/Blueprints/CubeBP_v2.uasset'.
[2016.11.18-00.40.36:709][446]LogSavePackage:Error: Error saving 'D:/Unreal Projects/Plataformero/Content/SideScrollerBP/Blueprints/CubeBP_v2.uasset'
[2016.11.18-00.40.36:711][446]LogSavePackage:Display: Finished SavePackage D:/Unreal Projects/Plataformero/Content/SideScrollerBP/Blueprints/CubeBP_v2.uasset
[2016.11.18-00.42.19:123][446]EditorErrors: New page: Save Output
[2016.11.18-00.42.19:123][446]EditorErrors:Warning: Warning Error saving 'D:/Unreal Projects/Plataformero/Content/SideScrollerBP/Blueprints/CubeBP_v2.uasset'
[2016.11.18-00.42.19:123][446]EditorErrors:Warning: Warning Error saving 'D:/Unreal Projects/Plataformero/Content/SideScrollerBP/Blueprints/CubeBP_v2.uasset'
[2016.11.18-00.42.19:123][446]EditorErrors:Warning: Warning Error saving 'D:/Unreal Projects/Plataformero/Content/SideScrollerBP/Blueprints/CubeBP_v2.uasset'
[2016.11.18-00.42.22:598][564]Cmd: QUIT_EDITOR
[2016.11.18-00.42.23:232][564]LogWindowsTextInputMethodSystem:Display: IME system now deactivated.
[2016.11.18-00.42.23:265][564]LogExit: Preparing to exit.
[2016.11.18-00.42.24:401][564]LogExit: Editor shut down
[2016.11.18-00.42.24:402][564]LogExit: Transaction tracking system shut down
[2016.11.18-00.42.24:550][564]LogObj: Freed 0b from 0 cluster array pools.
[2016.11.18-00.42.24:550][564]LogExit: Object subsystem successfully closed.
[2016.11.18-00.42.24:565][564]LogD3D11RHI: Shutdown
[2016.11.18-00.42.24:565][564]LogD3D11RHI: CleanupD3DDevice
[2016.11.18-00.42.24:653][564]LogD3D11RHI: ~FD3D11DynamicRHI
[2016.11.18-00.42.24:667][564]LogModuleManager: Shutting down and abandoning module ExternalImagePicker (216)
[2016.11.18-00.42.24:667][564]LogModuleManager: Shutting down and abandoning module MovieSceneCapture (215)
[2016.11.18-00.42.24:667][564]LogModuleManager: Shutting down and abandoning module BlueprintGraph (214)
[2016.11.18-00.42.24:667][564]LogModuleManager: Shutting down and abandoning module HierarchicalLODOutliner (213)
[2016.11.18-00.42.24:667][564]LogModuleManager: Shutting down and abandoning module CrashTracker (212)
[2016.11.18-00.42.24:667][564]LogModuleManager: Shutting down and abandoning module SceneOutliner (211)
[2016.11.18-00.42.24:667][564]LogModuleManager: Shutting down and abandoning module WidgetCarousel (210)
[2016.11.18-00.42.24:667][564]LogModuleManager: Shutting down and abandoning module AddContentDialog (209)
[2016.11.18-00.42.24:668][564]LogModuleManager: Shutting down and abandoning module GameplayTags (208)
[2016.11.18-00.42.24:668][564]LogModuleManager: Shutting down and abandoning module EditorWidgets (207)
[2016.11.18-00.42.24:668][564]LogModuleManager: Shutting down and abandoning module CollectionManager (206)
[2016.11.18-00.42.24:669][564]LogModuleManager: Shutting down and abandoning module StatsViewer (205)
[2016.11.18-00.42.24:669][564]LogModuleManager: Shutting down and abandoning module FoliageEdit (204)
[2016.11.18-00.42.24:669][564]LogModuleManager: Shutting down and abandoning module LandscapeEditor (203)
[2016.11.18-00.42.24:669][564]LogModuleManager: Shutting down and abandoning module SceneDepthPickerMode (202)
[2016.11.18-00.42.24:669][564]LogModuleManager: Shutting down and abandoning module ActorPickerMode (201)
[2016.11.18-00.42.24:669][564]LogModuleManager: Shutting down and abandoning module GeometryMode (200)
[2016.11.18-00.42.24:669][564]LogModuleManager: Shutting down and abandoning module TextureAlignMode (199)
[2016.11.18-00.42.24:669][564]LogModuleManager: Shutting down and abandoning module BspMode (198)
[2016.11.18-00.42.24:669][564]LogModuleManager: Shutting down and abandoning module HardwareSurvey (197)
[2016.11.18-00.42.24:669][564]LogModuleManager: Shutting down and abandoning module SequenceRecorderSections (196)
[2016.11.18-00.42.24:669][564]LogModuleManager: Shutting down and abandoning module SequenceRecorder (195)
[2016.11.18-00.42.24:669][564]LogModuleManager: Shutting down and abandoning module AutomationWorker (194)
[2016.11.18-00.42.24:669][564]LogModuleManager: Shutting down and abandoning module MatineeToLevelSequence (193)
[2016.11.18-00.42.24:669][564]LogModuleManager: Shutting down and abandoning module PlacementMode (192)
[2016.11.18-00.42.24:669][564]LogModuleManager: Shutting down and abandoning module LevelSequenceEditor (191)
[2016.11.18-00.42.24:669][564]LogModuleManager: Shutting down and abandoning module CharacterAI (190)
[2016.11.18-00.42.24:669][564]LogModuleManager: Shutting down and abandoning module SmartSnapping (189)
[2016.11.18-00.42.24:669][564]LogModuleManager: Shutting down and abandoning module SessionServices (188)
[2016.11.18-00.42.24:669][564]LogModuleManager: Shutting down and abandoning module ViewportSnapping (187)
[2016.11.18-00.42.24:669][564]LogModuleManager: Shutting down and abandoning module LogVisualizer (186)
[2016.11.18-00.42.24:670][564]LogModuleManager: Shutting down and abandoning module GameProjectGeneration (185)
[2016.11.18-00.42.24:670][564]LogModuleManager: Shutting down and abandoning module IntroTutorials (184)
[2016.11.18-00.42.24:670][564]LogModuleManager: Shutting down and abandoning module EditorLiveStreaming (183)
[2016.11.18-00.42.24:670][564]LogModuleManager: Shutting down and abandoning module IOSPlatformEditor (182)
[2016.11.18-00.42.24:670][564]LogModuleManager: Shutting down and abandoning module HTML5PlatformEditor (181)
[2016.11.18-00.42.24:670][564]LogModuleManager: Shutting down and abandoning module AndroidDeviceDetection (180)
[2016.11.18-00.42.25:120][564]LogModuleManager: Shutting down and abandoning module AndroidPlatformEditor (179)
[2016.11.18-00.42.25:120][564]LogModuleManager: Shutting down and abandoning module IOSRuntimeSettings (178)
[2016.11.18-00.42.25:120][564]LogModuleManager: Shutting down and abandoning module AndroidRuntimeSettings (177)
[2016.11.18-00.42.25:120][564]LogModuleManager: Shutting down and abandoning module MergeActors (176)
[2016.11.18-00.42.25:120][564]LogModuleManager: Shutting down and abandoning module SizeMap (175)
[2016.11.18-00.42.25:120][564]LogModuleManager: Shutting down and abandoning module TreeMap (174)
[2016.11.18-00.42.25:120][564]LogModuleManager: Shutting down and abandoning module ReferenceViewer (173)
[2016.11.18-00.42.25:120][564]LogModuleManager: Shutting down and abandoning module LocalizationService (172)
[2016.11.18-00.42.25:120][564]LogModuleManager: Shutting down and abandoning module LocalizationDashboard (171)
[2016.11.18-00.42.25:120][564]LogModuleManager: Shutting down and abandoning module HardwareTargeting (170)
[2016.11.18-00.42.25:120][564]LogModuleManager: Shutting down and abandoning module DeviceProfileEditor (169)
[2016.11.18-00.42.25:120][564]LogModuleManager: Shutting down and abandoning module UndoHistory (168)
[2016.11.18-00.42.25:120][564]LogModuleManager: Shutting down and abandoning module UserFeedback (167)
[2016.11.18-00.42.25:120][564]LogModuleManager: Shutting down and abandoning module XmlParser (166)
[2016.11.18-00.42.25:120][564]LogModuleManager: Shutting down and abandoning module Blutility (165)
[2016.11.18-00.42.25:120][564]LogModuleManager: Shutting down and abandoning module ProjectTargetPlatformEditor (164)
[2016.11.18-00.42.25:121][564]LogModuleManager: Shutting down and abandoning module ProjectSettingsViewer (163)
[2016.11.18-00.42.25:121][564]LogModuleManager: Shutting down and abandoning module InputBindingEditor (162)
[2016.11.18-00.42.25:121][564]LogModuleManager: Shutting down and abandoning module EditorSettingsViewer (161)
[2016.11.18-00.42.25:121][564]LogModuleManager: Shutting down and abandoning module SettingsEditor (160)
[2016.11.18-00.42.25:121][564]LogModuleManager: Shutting down and abandoning module ProjectLauncher (159)
[2016.11.18-00.42.25:121][564]LogModuleManager: Shutting down and abandoning module SessionFrontend (158)
[2016.11.18-00.42.25:121][564]LogModuleManager: Shutting down and abandoning module ProfilerClient (157)
[2016.11.18-00.42.25:121][564]LogModuleManager: Shutting down and abandoning module TargetDeviceServices (156)
[2016.11.18-00.42.25:121][564]LogModuleManager: Shutting down and abandoning module DeviceManager (155)
[2016.11.18-00.42.25:174][564]LogModuleManager: Shutting down and abandoning module AutomationController (154)
[2016.11.18-00.42.25:174][564]LogModuleManager: Shutting down and abandoning module AutomationWindow (153)
[2016.11.18-00.42.25:174][564]LogModuleManager: Shutting down and abandoning module Layers (152)
[2016.11.18-00.42.25:174][564]LogModuleManager: Shutting down and abandoning module ComponentVisualizers (151)
[2016.11.18-00.42.25:174][564]LogModuleManager: Shutting down and abandoning module DetailCustomizations (150)
[2016.11.18-00.42.25:174][564]LogModuleManager: Shutting down and abandoning module PackagesDialog (149)
[2016.11.18-00.42.25:175][564]LogModuleManager: Shutting down and abandoning module Persona (148)
[2016.11.18-00.42.25:175][564]LogModuleManager: Shutting down and abandoning module Kismet (147)
[2016.11.18-00.42.25:175][564]LogModuleManager: Shutting down and abandoning module GraphEditor (146)
[2016.11.18-00.42.25:175][564]LogModuleManager: Shutting down and abandoning module ClassViewer (145)
[2016.11.18-00.42.25:175][564]LogModuleManager: Shutting down and abandoning module Toolbox (144)
[2016.11.18-00.42.25:175][564]LogModuleManager: Shutting down and abandoning module ModuleUI (143)
[2016.11.18-00.42.25:175][564]LogModuleManager: Shutting down and abandoning module MovieSceneTools (142)
[2016.11.18-00.42.25:175][564]LogModuleManager: Shutting down and abandoning module OutputLog (141)
[2016.11.18-00.42.25:175][564]LogModuleManager: Shutting down and abandoning module GammaUI (140)
[2016.11.18-00.42.25:175][564]LogModuleManager: Shutting down and abandoning module Documentation (139)
[2016.11.18-00.42.25:175][564]LogModuleManager: Shutting down and abandoning module StreamingPauseRendering (138)
[2016.11.18-00.42.25:175][564]LogModuleManager: Shutting down and abandoning module AnalyticsET (137)
[2016.11.18-00.42.25:175][564]LogModuleManager: Shutting down and abandoning module Analytics (136)
[2016.11.18-00.42.25:175][564]LogModuleManager: Shutting down and abandoning module PortalServices (135)
[2016.11.18-00.42.25:175][564]LogModuleManager: Shutting down and abandoning module PortalRpc (134)
[2016.11.18-00.42.25:175][564]LogModuleManager: Shutting down and abandoning module MessagingRpc (133)
[2016.11.18-00.42.25:175][564]LogModuleManager: Shutting down and abandoning module GameplayDebugger (132)
[2016.11.18-00.42.25:175][564]LogModuleManager: Shutting down and abandoning module AITestSuite (131)
[2016.11.18-00.42.25:175][564]LogModuleManager: Shutting down and abandoning module AIModule (130)
[2016.11.18-00.42.25:175][564]LogModuleManager: Shutting down and abandoning module ProfilerService (129)
[2016.11.18-00.42.25:226][564]LogModuleManager: Shutting down and abandoning module TaskGraph (128)
[2016.11.18-00.42.25:226][564]LogModuleManager: Shutting down and abandoning module SlateRemote (127)
[2016.11.18-00.42.25:226][564]LogModuleManager: Shutting down and abandoning module SteamVRController (126)
[2016.11.18-00.42.25:226][564]LogModuleManager: Shutting down and abandoning module SteamVR (125)
[2016.11.18-00.42.25:226][564]LogModuleManager: Shutting down and abandoning module ProceduralMeshComponent (124)
[2016.11.18-00.42.25:226][564]LogModuleManager: Shutting down and abandoning module OculusLibrary (123)
[2016.11.18-00.42.25:226][564]LogModuleManager: Shutting down and abandoning module OculusInput (122)
[2016.11.18-00.42.25:226][564]LogModuleManager: Shutting down and abandoning module CustomMeshComponent (121)
[2016.11.18-00.42.25:226][564]LogModuleManager: Shutting down and abandoning module CableComponent (120)
[2016.11.18-00.42.25:226][564]LogModuleManager: Shutting down and abandoning module ArchVisCharacter (119)
[2016.11.18-00.42.25:226][564]LogModuleManager: Shutting down and abandoning module MediaPlayerEditor (118)
[2016.11.18-00.42.25:226][564]LogModuleManager: Shutting down and abandoning module HTML5Networking (117)
[2016.11.18-00.42.25:226][564]LogModuleManager: Shutting down and abandoning module SuperSearch (116)
[2016.11.18-00.42.25:226][564]LogModuleManager: Shutting down and abandoning module SuperSearchEditor (115)
[2016.11.18-00.42.25:226][564]LogModuleManager: Shutting down and abandoning module SpeedTreeImporter (114)
[2016.11.18-00.42.25:226][564]LogModuleManager: Shutting down and abandoning module PluginBrowser (113)
[2016.11.18-00.42.25:226][564]LogModuleManager: Shutting down and abandoning module EpicSurvey (112)
[2016.11.18-00.42.25:226][564]LogModuleManager: Shutting down and abandoning module DesktopPlatform (111)
[2016.11.18-00.42.25:226][564]LogModuleManager: Shutting down and abandoning module VisualStudioSourceCodeAccess (110)
[2016.11.18-00.42.25:226][564]LogModuleManager: Shutting down and abandoning module UObjectPlugin (109)
[2016.11.18-00.42.25:226][564]LogModuleManager: Shutting down and abandoning module SubversionSourceControl (108)
[2016.11.18-00.42.25:226][564]LogModuleManager: Shutting down and abandoning module PerforceSourceControl (107)
[2016.11.18-00.42.25:226][564]LogModuleManager: Shutting down and abandoning module SourceControl (106)
[2016.11.18-00.42.25:226][564]LogModuleManager: Shutting down and abandoning module GitSourceControl (105)
[2016.11.18-00.42.25:226][564]LogModuleManager: Shutting down and abandoning module LightPropagationVolumeEditor (104)
[2016.11.18-00.42.25:226][564]LogModuleManager: Shutting down and abandoning module PaperTiledImporter (103)
[2016.11.18-00.42.25:226][564]LogModuleManager: Shutting down and abandoning module PaperSpriteSheetImporter (102)
[2016.11.18-00.42.25:226][564]LogModuleManager: Shutting down and abandoning module MeshPaint (101)
[2016.11.18-00.42.25:226][564]LogModuleManager: Shutting down and abandoning module PixelInspectorModule (100)
[2016.11.18-00.42.25:226][564]LogModuleManager: Shutting down and abandoning module HotReload (99)
[2016.11.18-00.42.25:227][564]LogModuleManager: Shutting down and abandoning module MainFrame (98)
[2016.11.18-00.42.25:227][564]LogModuleManager: Shutting down and abandoning module LevelEditor (97)
[2016.11.18-00.42.25:228][564]LogModuleManager: Shutting down and abandoning module ContentBrowser (96)
[2016.11.18-00.42.25:228][564]LogModuleManager: Shutting down and abandoning module Paper2DEditor (95)
[2016.11.18-00.42.25:228][564]LogModuleManager: Shutting down and abandoning module UdpMessaging (94)
[2016.11.18-00.42.25:329][564]LogModuleManager: Shutting down and abandoning module LightPropagationVolumeRuntime (93)
[2016.11.18-00.42.25:329][564]LogModuleManager: Shutting down and abandoning module Paper2D (92)
[2016.11.18-00.42.25:329][564]LogModuleManager: Shutting down and abandoning module WindowsMoviePlayer (91)
[2016.11.18-00.42.25:329][564]LogModuleManager: Shutting down and abandoning module Media (90)
[2016.11.18-00.42.25:329][564]LogModuleManager: Shutting down and abandoning module WmfMedia (89)
[2016.11.18-00.42.25:329][564]LogModuleManager: Shutting down and abandoning module MediaAssets (88)
[2016.11.18-00.42.25:330][564]LogModuleManager: Shutting down and abandoning module GameLiveStreaming (87)
[2016.11.18-00.42.25:330][564]LogModuleManager: Shutting down and abandoning module GameplayTagsEditor (86)
[2016.11.18-00.42.25:330][564]LogModuleManager: Shutting down and abandoning module OnlineBlueprintSupport (85)
[2016.11.18-00.42.25:330][564]LogModuleManager: Shutting down and abandoning module VREditor (84)
[2016.11.18-00.42.25:330][564]LogModuleManager: Shutting down and abandoning module GameplayTasksEditor (83)
[2016.11.18-00.42.25:330][564]LogModuleManager: Shutting down and abandoning module PropertyEditor (82)
[2016.11.18-00.42.25:330][564]LogModuleManager: Shutting down and abandoning module BehaviorTreeEditor (81)
[2016.11.18-00.42.25:330][564]LogModuleManager: Shutting down and abandoning module FunctionalTesting (80)
[2016.11.18-00.42.25:330][564]LogModuleManager: Shutting down and abandoning module CollisionAnalyzer (79)
[2016.11.18-00.42.25:330][564]LogModuleManager: Shutting down and abandoning module Sequencer (78)
[2016.11.18-00.42.25:330][564]LogModuleManager: Shutting down and abandoning module WorkspaceMenuStructure (77)
[2016.11.18-00.42.25:330][564]LogModuleManager: Shutting down and abandoning module MessageLog (76)
[2016.11.18-00.42.25:330][564]LogModuleManager: Shutting down and abandoning module AssetTools (75)
[2016.11.18-00.42.25:330][564]LogModuleManager: Shutting down and abandoning module UMGEditor (74)
[2016.11.18-00.42.25:330][564]LogModuleManager: Shutting down and abandoning module UMG (73)
[2016.11.18-00.42.25:330][564]LogModuleManager: Shutting down and abandoning module SlateReflector (72)
[2016.11.18-00.42.25:330][564]LogModuleManager: Shutting down and abandoning module Slate (71)
[2016.11.18-00.42.25:330][564]LogModuleManager: Shutting down and abandoning module EditorStyle (70)
[2016.11.18-00.42.25:333][564]LogModuleManager: Shutting down and abandoning module SourceCodeAccess (69)
[2016.11.18-00.42.25:333][564]LogModuleManager: Shutting down and abandoning module HeadMountedDisplay (68)
[2016.11.18-00.42.25:333][564]LogModuleManager: Shutting down and abandoning module XAudio2 (67)
[2016.11.18-00.42.25:333][564]LogModuleManager: Shutting down and abandoning module Networking (65)
[2016.11.18-00.42.25:333][564]LogModuleManager: Shutting down and abandoning module Core (64)
[2016.11.18-00.42.25:333][564]LogModuleManager: Shutting down and abandoning module DirectoryWatcher (63)
[2016.11.18-00.42.25:333][564]LogModuleManager: Shutting down and abandoning module AssetRegistry (62)
[2016.11.18-00.42.25:473][564]LogModuleManager: Shutting down and abandoning module KismetCompiler (61)
[2016.11.18-00.42.25:473][564]LogModuleManager: Shutting down and abandoning module PhysXFormats (60)
[2016.11.18-00.42.25:474][564]LogModuleManager: Shutting down and abandoning module MeshUtilities (59)
[2016.11.18-00.42.25:474][564]LogModuleManager: Shutting down and abandoning module DerivedDataCache (58)
[2016.11.18-00.42.25:545][564]LogDerivedDataCache: Shutdown
[2016.11.18-00.42.25:545][564]LogModuleManager: Shutting down and abandoning module VulkanShaderFormat (57)
[2016.11.18-00.42.25:546][564]LogModuleManager: Shutting down and abandoning module ShaderFormatOpenGL (56)
[2016.11.18-00.42.25:546][564]LogModuleManager: Shutting down and abandoning module ShaderFormatD3D (55)
[2016.11.18-00.42.25:546][564]LogModuleManager: Shutting down and abandoning module MetalShaderFormat (54)
[2016.11.18-00.42.25:546][564]LogModuleManager: Shutting down and abandoning module TextureFormatUncompressed (53)
[2016.11.18-00.42.25:546][564]LogModuleManager: Shutting down and abandoning module TextureFormatPVR (52)
[2016.11.18-00.42.25:546][564]LogModuleManager: Shutting down and abandoning module TextureFormatIntelISPCTexComp (51)
[2016.11.18-00.42.25:546][564]LogModuleManager: Shutting down and abandoning module TextureFormatDXT (50)
[2016.11.18-00.42.25:546][564]LogModuleManager: Shutting down and abandoning module ImageWrapper (49)
[2016.11.18-00.42.25:546][564]LogModuleManager: Shutting down and abandoning module TextureFormatASTC (48)
[2016.11.18-00.42.25:546][564]LogModuleManager: Shutting down and abandoning module TextureFormatAndroid (47)
[2016.11.18-00.42.25:546][564]LogModuleManager: Shutting down and abandoning module AudioFormatOpus (46)
[2016.11.18-00.42.25:546][564]LogModuleManager: Shutting down and abandoning module AudioFormatOgg (45)
[2016.11.18-00.42.25:546][564]LogModuleManager: Shutting down and abandoning module AudioFormatADPCM (44)
[2016.11.18-00.42.25:546][564]LogModuleManager: Shutting down and abandoning module LinuxTargetPlatform (43)
[2016.11.18-00.42.25:546][564]LogModuleManager: Shutting down and abandoning module LinuxServerTargetPlatform (42)
[2016.11.18-00.42.25:546][564]LogModuleManager: Shutting down and abandoning module LinuxNoEditorTargetPlatform (41)
[2016.11.18-00.42.25:546][564]LogModuleManager: Shutting down and abandoning module TVOSTargetPlatform (40)
[2016.11.18-00.42.25:546][564]LogModuleManager: Shutting down and abandoning module Messaging (39)
[2016.11.18-00.42.25:546][564]LogModuleManager: Shutting down and abandoning module IOSTargetPlatform (38)
[2016.11.18-00.42.25:546][564]LogModuleManager: Shutting down and abandoning module HTML5TargetPlatform (37)
[2016.11.18-00.42.25:546][564]LogModuleManager: Shutting down and abandoning module Android_PVRTCTargetPlatform (36)
[2016.11.18-00.42.25:546][564]LogModuleManager: Shutting down and abandoning module Android_MultiTargetPlatform (35)
[2016.11.18-00.42.25:546][564]LogModuleManager: Shutting down and abandoning module Android_ETC2TargetPlatform (34)
[2016.11.18-00.42.25:546][564]LogModuleManager: Shutting down and abandoning module Android_ETC1TargetPlatform (33)
[2016.11.18-00.42.25:546][564]LogModuleManager: Shutting down and abandoning module Android_DXTTargetPlatform (32)
[2016.11.18-00.42.25:546][564]LogModuleManager: Shutting down and abandoning module Android_ATCTargetPlatform (31)
[2016.11.18-00.42.25:546][564]LogModuleManager: Shutting down and abandoning module Android_ASTCTargetPlatform (30)
[2016.11.18-00.42.25:546][564]LogModuleManager: Shutting down and abandoning module AndroidTargetPlatform (29)
[2016.11.18-00.42.25:546][564]LogModuleManager: Shutting down and abandoning module WindowsTargetPlatform (28)
[2016.11.18-00.42.25:546][564]LogModuleManager: Shutting down and abandoning module WindowsServerTargetPlatform (27)
[2016.11.18-00.42.25:546][564]LogModuleManager: Shutting down and abandoning module WindowsNoEditorTargetPlatform (26)
[2016.11.18-00.42.25:546][564]LogModuleManager: Shutting down and abandoning module WindowsClientTargetPlatform (25)
[2016.11.18-00.42.25:546][564]LogModuleManager: Shutting down and abandoning module AllDesktopTargetPlatform (24)
[2016.11.18-00.42.25:546][564]LogModuleManager: Shutting down and abandoning module TargetPlatform (23)
[2016.11.18-00.42.25:546][564]LogModuleManager: Shutting down and abandoning module InputCore (22)
[2016.11.18-00.42.25:546][564]LogModuleManager: Shutting down and abandoning module Settings (21)
[2016.11.18-00.42.25:546][564]LogModuleManager: Shutting down and abandoning module OnlineSubsystem (19)
[2016.11.18-00.42.25:546][564]LogModuleManager: Shutting down and abandoning module HTTP (18)
[2016.11.18-00.42.28:551][564]LogModuleManager: Shutting down and abandoning module XMPP (17)
[2016.11.18-00.42.28:551][564]LogModuleManager: Shutting down and abandoning module OculusRift (16)
[2016.11.18-00.42.28:551][564]LogModuleManager: Shutting down and abandoning module ExampleDeviceProfileSelector (15)
[2016.11.18-00.42.28:551][564]LogModuleManager: Shutting down and abandoning module TextureCompressor (14)
[2016.11.18-00.42.28:551][564]LogModuleManager: Shutting down and abandoning module ShaderCore (13)
[2016.11.18-00.42.28:551][564]LogModuleManager: Shutting down and abandoning module Landscape (12)
[2016.11.18-00.42.28:551][564]LogModuleManager: Shutting down and abandoning module SlateRHIRenderer (11)
[2016.11.18-00.42.28:552][564]LogModuleManager: Shutting down and abandoning module OpenGLDrv (10)
[2016.11.18-00.42.28:552][564]LogModuleManager: Shutting down and abandoning module D3D11RHI (9)
[2016.11.18-00.42.28:552][564]LogModuleManager: Shutting down and abandoning module AnimGraphRuntime (8)
[2016.11.18-00.42.28:552][564]LogModuleManager: Shutting down and abandoning module Renderer (7)
[2016.11.18-00.42.28:552][564]LogModuleManager: Shutting down and abandoning module Engine (6)
[2016.11.18-00.42.28:552][564]LogModuleManager: Shutting down and abandoning module CoreUObject (5)
[2016.11.18-00.42.28:552][564]LogModuleManager: Shutting down and abandoning module NetworkFile (4)
[2016.11.18-00.42.28:552][564]LogModuleManager: Shutting down and abandoning module StreamingFile (3)
[2016.11.18-00.42.28:552][564]LogModuleManager: Shutting down and abandoning module SandboxFile (2)
[2016.11.18-00.42.28:552][564]LogModuleManager: Shutting down and abandoning module PakFile (1)
[2016.11.18-00.42.28:554][564]LogExit: Exiting.
[2016.11.18-00.42.28:556][564]Log file closed, 11/17/16 21:42:28
