Log file open, 11/14/16 11:39:35
LogInit:Display: Running engine for game: Plataformero
LogPlatformFile: Not using cached read wrapper
LogInit:Display: RandInit(1514609158) SRandInit(1514609160).
LogTaskGraph: Started task graph with 4 named threads and 7 total threads with 1 sets of task threads.
LogStats: Stats thread started at 0.084746
LogInit: Version: 4.12.5-3039270+++UE4+Release-4.12
LogInit: API Version: 2992821
LogInit: Net Version: 3039270
LogDevObjectVersion: Number of dev versions registered: 13
LogDevObjectVersion:   Dev-Blueprints (B0D832E4-1F89-4F0D-ACCF-7EB736FD4AA2): 3
LogDevObjectVersion:   Dev-Build (E1C64328-A22C-4D53-A36C-8E866417BD8C): 0
LogDevObjectVersion:   Dev-Core (375EC13C-06E4-48FB-B500-84F0262A717E): 1
LogDevObjectVersion:   Dev-Editor (E4B068ED-F494-42E9-A231-DA0B2E46BB41): 2
LogDevObjectVersion:   Dev-Framework (CFFC743F-43B0-4480-9391-14DF171D2073): 6
LogDevObjectVersion:   Dev-Mobile (B02B49B5-BB20-44E9-A304-32B752E40360): 0
LogDevObjectVersion:   Dev-Networking (A4E4105C-59A1-49B5-A7C5-40C4547EDFEE): 0
LogDevObjectVersion:   Dev-Online (39C831C9-5AE6-47DC-9A44-9C173E1C8E7C): 0
LogDevObjectVersion:   Dev-Physics (78F01B33-EBEA-4F98-B9B4-84EACCB95AA2): 0
LogDevObjectVersion:   Dev-Platform (6631380F-2D4D-43E0-8009-CF276956A95A): 0
LogDevObjectVersion:   Dev-Rendering (12F88B9F-8875-4AFC-A67C-D90C383ABD29): 2
LogDevObjectVersion:   Dev-Sequencer (7B5AE74C-D270-4C10-A958-57980B212A5A): 0
LogDevObjectVersion:   Dev-VR (D7296918-1DD6-4BDD-9DE2-64A83CC13884): 0
LogInit: Compiled (64-bit): Jul  6 2016 09:09:46
LogInit: Compiled with Visual C++: 19.00.23026.00
LogInit: Build Configuration: Development
LogInit: Branch Name: ++UE4+Release-4.12
LogInit: Command line: 
LogInit: Base directory: C:/Program Files (x86)/Epic Games/4.12/Engine/Binaries/Win64/
LogInit: Installed Engine Build: 1
LogInit: Using libcurl 7.41.0
LogInit:  - built for x86_64-pc-win32
LogInit:  - supports SSL with WinSSL
LogInit:  - other features:
LogInit:      CURL_VERSION_SSL
LogInit:      CURL_VERSION_IPV6
LogInit:      CURL_VERSION_ASYNCHDNS
LogInit:      CURL_VERSION_LARGEFILE
LogInit:      CURL_VERSION_IDN
LogInit:  CurlRequestOptions (configurable via config and command line):
LogInit:  - bVerifyPeer = true  - Libcurl will verify peer certificate
LogInit:  - bUseHttpProxy = false  - Libcurl will NOT use HTTP proxy
LogInit:  - bDontReuseConnections = false  - Libcurl will reuse connections
LogInit:  - CertBundlePath = nullptr  - Libcurl will use whatever was configured at build time.
LogInit: Presizing for max 8388607 objects, including 0 objects not considered by GC, pre-allocating 0 bytes for permanent pool.
LogInit: Object subsystem initialized
[2016.11.14-14.39.35:170][  0]LogInit: Selected Device Profile: [Windows]
[2016.11.14-14.39.35:170][  0]LogInit: Applying CVar settings loaded from the selected device profile: [Windows]
[2016.11.14-14.39.35:193][  0]LogInit: Computer: GUEKIVAC
[2016.11.14-14.39.35:193][  0]LogInit: User: Guekaware
[2016.11.14-14.39.35:193][  0]LogInit: CPU Page size=65536, Cores=4
[2016.11.14-14.39.35:193][  0]LogInit: High frequency timer resolution =2.531251 MHz
[2016.11.14-14.39.35:194][  0]LogMemory: Memory total: Physical=15.9GB (16GB approx)
[2016.11.14-14.39.35:194][  0]LogMemory: Platform Memory Stats for Windows
[2016.11.14-14.39.35:194][  0]LogMemory: Process Physical Memory: 190.45 MB used, 190.45 MB peak
[2016.11.14-14.39.35:194][  0]LogMemory: Process Virtual Memory: 195.36 MB used, 195.36 MB peak
[2016.11.14-14.39.35:194][  0]LogMemory: Physical Memory: 8105.30 MB used, 16283.44 MB total
[2016.11.14-14.39.35:194][  0]LogMemory: Virtual Memory: 539.41 MB used, 134217728.00 MB total
[2016.11.14-14.39.35:229][  0]LogTextLocalizationManager: No specific translations for ('en-US') exist, so ('en') translations will be used.
[2016.11.14-14.39.35:624][  0]LogD3D11RHI: D3D11 adapters:
[2016.11.14-14.39.35:661][  0]LogD3D11RHI:    0. 'NVIDIA GeForce GTX 970M' (Feature Level 11_0)
[2016.11.14-14.39.35:661][  0]LogD3D11RHI:       3037/0/8141 MB DedicatedVideo/DedicatedSystem/SharedSystem, Outputs:2, VendorId:0x10de
[2016.11.14-14.39.35:666][  0]LogD3D11RHI:    1. 'Intel(R) HD Graphics 530' (Feature Level 11_0)
[2016.11.14-14.39.35:666][  0]LogD3D11RHI:       128/0/8141 MB DedicatedVideo/DedicatedSystem/SharedSystem, Outputs:0, VendorId:0x8086
[2016.11.14-14.39.35:667][  0]LogD3D11RHI:    2. 'Microsoft Basic Render Driver' (Feature Level 11_0)
[2016.11.14-14.39.35:667][  0]LogD3D11RHI:       0/0/8141 MB DedicatedVideo/DedicatedSystem/SharedSystem, Outputs:0, VendorId:0x1414
[2016.11.14-14.39.35:667][  0]LogD3D11RHI: Chosen D3D11 Adapter: 0
[2016.11.14-14.39.35:674][  0]LogD3D11RHI: Creating new Direct3DDevice
[2016.11.14-14.39.35:674][  0]LogD3D11RHI:     GPU DeviceId: 0x13d8 (for the marketing name, search the web for "GPU Device Id")
[2016.11.14-14.39.35:674][  0]LogWindows: EnumDisplayDevices:
[2016.11.14-14.39.35:674][  0]LogWindows:    0. 'Intel(R) HD Graphics 530' (P:1 D:1)
[2016.11.14-14.39.35:675][  0]LogWindows:    1. 'Intel(R) HD Graphics 530' (P:0 D:0)
[2016.11.14-14.39.35:675][  0]LogWindows:    2. 'Intel(R) HD Graphics 530' (P:0 D:0)
[2016.11.14-14.39.35:675][  0]LogWindows:    3. 'NVIDIA GeForce GTX 970M' (P:0 D:1)
[2016.11.14-14.39.35:676][  0]LogWindows: DebugString: PrimaryIsNotTheChoosenAdapter PrimaryIsNotTheChoosenAdapter PrimaryIsNotTheChoosenAdapter 
[2016.11.14-14.39.35:676][  0]LogD3D11RHI:     Adapter Name: NVIDIA GeForce GTX 970M
[2016.11.14-14.39.35:676][  0]LogD3D11RHI:   Driver Version: 372.54 (internal:21.21.13.7254, unified:372.54)
[2016.11.14-14.39.35:676][  0]LogD3D11RHI:      Driver Date: 8-11-2016
[2016.11.14-14.39.35:676][  0]LogRHI: Texture pool is 1361 MB (70% of 1945 MB)
[2016.11.14-14.39.35:692][  0]LogD3D11RHI: Async texture creation enabled
[2016.11.14-14.39.35:702][  0]LogD3D11RHI: GPU Timing Frequency: 1000.000000 (Debug: 2 1)
[2016.11.14-14.39.35:702][  0]LogShaderCompilers: Guid format shader working directory is 18 characters bigger than the processId version (D:/Unreal Projects/Plataformero/Intermediate/Shaders/WorkingDirectory/6432/).
[2016.11.14-14.39.35:703][  0]LogShaderCompilers: Cleaned the shader compiler working directory 'C:/Users/GUEKAW~1/AppData/Local/Temp/UnrealShaderWorkingDir/66A0F0354FE101808FBCBBA873C3274C/'.
[2016.11.14-14.39.35:703][  0]LogShaderCompilers:Display: Using Local Shader Compiler.
[2016.11.14-14.39.36:702][  0]LogTemp:Display: Loaded TP AllDesktopTargetPlatform
[2016.11.14-14.39.36:712][  0]LogTemp:Display: Loaded TP WindowsClientTargetPlatform
[2016.11.14-14.39.36:723][  0]LogTemp:Display: Loaded TP WindowsNoEditorTargetPlatform
[2016.11.14-14.39.36:734][  0]LogTemp:Display: Loaded TP WindowsServerTargetPlatform
[2016.11.14-14.39.36:747][  0]LogTemp:Display: Loaded TP WindowsTargetPlatform
[2016.11.14-14.39.36:755][  0]LogTemp:Display: Loaded TP AndroidTargetPlatform
[2016.11.14-14.39.36:766][  0]LogTemp:Display: Loaded TP Android_ASTCTargetPlatform
[2016.11.14-14.39.36:779][  0]LogTemp:Display: Loaded TP Android_ATCTargetPlatform
[2016.11.14-14.39.36:791][  0]LogTemp:Display: Loaded TP Android_DXTTargetPlatform
[2016.11.14-14.39.36:799][  0]LogTemp:Display: Loaded TP Android_ETC1TargetPlatform
[2016.11.14-14.39.36:810][  0]LogTemp:Display: Loaded TP Android_ETC2TargetPlatform
[2016.11.14-14.39.36:826][  0]LogTemp:Display: Loaded TP Android_MultiTargetPlatform
[2016.11.14-14.39.36:826][  0]LogTemp:Display: Loaded TP Android_PVRTCTargetPlatform
[2016.11.14-14.39.36:827][  0]LogTemp:Display: Loaded TP HTML5TargetPlatform
[2016.11.14-14.39.36:851][  0]LogTemp:Display: Loaded TP IOSTargetPlatform
[2016.11.14-14.39.36:859][  0]LogTemp:Display: Loaded TP TVOSTargetPlatform
[2016.11.14-14.39.36:867][  0]LogTemp:Display: Loaded TP LinuxNoEditorTargetPlatform
[2016.11.14-14.39.36:878][  0]LogTemp:Display: Loaded TP LinuxServerTargetPlatform
[2016.11.14-14.39.36:886][  0]LogTemp:Display: Loaded TP LinuxTargetPlatform
[2016.11.14-14.39.36:886][  0]LogTargetPlatformManager:Display: Building Assets For Windows
[2016.11.14-14.39.36:978][  0]LogDerivedDataCache:Display: Max Cache Size: 512 MB
[2016.11.14-14.39.37:031][  0]LogDerivedDataCache: Loaded boot cache 0.05s 48MB C:/Users/Guekaware/AppData/Local/UnrealEngine/4.12/DerivedDataCache/Boot.ddc.
[2016.11.14-14.39.37:032][  0]LogDerivedDataCache:Display: Loaded Boot cache: C:/Users/Guekaware/AppData/Local/UnrealEngine/4.12/DerivedDataCache/Boot.ddc
[2016.11.14-14.39.37:032][  0]LogDerivedDataCache: FDerivedDataBackendGraph:  Pak pak cache file D:/Unreal Projects/Plataformero/DerivedDataCache/DDC.ddp not found, will not use a pak cache.
[2016.11.14-14.39.37:032][  0]LogDerivedDataCache: Unable to find inner node Pak for hierarchical cache Hierarchy.
[2016.11.14-14.39.37:032][  0]LogDerivedDataCache: FDerivedDataBackendGraph:  CompressedPak pak cache file D:/Unreal Projects/Plataformero/DerivedDataCache/Compressed.ddp not found, will not use a pak cache.
[2016.11.14-14.39.37:032][  0]LogDerivedDataCache: Unable to find inner node CompressedPak for hierarchical cache Hierarchy.
[2016.11.14-14.39.37:050][  0]LogDerivedDataCache:Display: Pak cache opened for reading ../../../Engine/DerivedDataCache/Compressed.ddp.
[2016.11.14-14.39.37:063][  0]LogDerivedDataCache: Using Local data cache path C:/Users/Guekaware/AppData/Local/UnrealEngine/Common/DerivedDataCache: Writable
[2016.11.14-14.39.37:237][  0]LogInit: Selected Device Profile: [Windows]
[2016.11.14-14.39.37:238][  0]LogContentStreaming: Texture pool size is 0.00 MB
[2016.11.14-14.39.37:450][  0]LogMeshUtilities: No automatic mesh reduction module available
[2016.11.14-14.39.37:450][  0]LogMeshUtilities: No automatic mesh merging module available
[2016.11.14-14.39.37:450][  0]LogMeshUtilities: No distributed automatic mesh merging module available
[2016.11.14-14.39.37:711][  0]LogAssetRegistry: FAssetRegistry took 0.0221 seconds to start up
[2016.11.14-14.39.37:781][  0]LogPackageLocalizationCache: Processed 3 localized package path(s) for 2 prioritized culture(s) in 0.065922 seconds
[2016.11.14-14.39.37:787][  0]LogUObjectArray: 28739 objects as part of root set at end of initial load.
[2016.11.14-14.39.37:787][  0]LogUObjectAllocator: 5855632 out of 0 bytes used by permanent object pool.
[2016.11.14-14.39.37:787][  0]LogUObjectArray: CloseDisregardForGC: 0/0 objects in disregard for GC pool
[2016.11.14-14.39.37:795][  0]LogInit: WinSock: version 1.1 (2.2), MaxSocks=32767, MaxUdp=65467
[2016.11.14-14.39.37:990][  0]LogSlate: SlateFontCache - WITH_FREETYPE: 1, WITH_HARFBUZZ: 1
[2016.11.14-14.39.37:990][  0]LogSlate: SlateFontCache - WITH_FREETYPE: 1, WITH_HARFBUZZ: 1
[2016.11.14-14.39.38:643][  0]LogUdpMessaging: Initializing bridge on interface 0.0.0.0:0 to multicast group 230.0.0.1:6666.
[2016.11.14-14.39.38:907][  0]SourceControl: Info Source control is disabled
[2016.11.14-14.39.38:975][  0]SourceControl: Info Source control is disabled
[2016.11.14-14.39.38:984][  0]SourceControl: Info Source control is disabled
[2016.11.14-14.39.38:993][  0]SourceControl: Info Source control is disabled
[2016.11.14-14.39.39:277][  0]LogEngine: Initializing Engine...
[2016.11.14-14.39.39:278][  0]LogHMD: SteamVR failed to initialize.  Err: 110
[2016.11.14-14.39.39:279][  0]LogHMD: SteamVR failed to initialize.  Err: 110
[2016.11.14-14.39.39:431][  0]LogAIModule: Creating AISystem for world NewWorld
[2016.11.14-14.39.39:448][  0]LogInit: XAudio2 using 'Speakers (Logitech USB Headset)' : 2 channels at 44.1 kHz using 16 bits per sample (channel mask 0x3)
[2016.11.14-14.39.39:461][  0]LogInit: FAudioDevice initialized.
[2016.11.14-14.39.39:487][  0]LogDerivedDataCache: Saved boot cache 0.03s 48MB C:/Users/Guekaware/AppData/Local/UnrealEngine/4.12/DerivedDataCache/Boot.ddc.
[2016.11.14-14.39.39:492][  0]LogInit: Texture streaming: Enabled
[2016.11.14-14.39.39:520][  0]LogInit: Transaction tracking system initialized
[2016.11.14-14.39.39:548][  0]BlueprintLog: New page: Editor Load
[2016.11.14-14.39.39:649][  0]LocalizationService: Info Localization service is disabled
[2016.11.14-14.39.39:718][  0]LogConsoleResponse:Display: 
[2016.11.14-14.39.39:831][  0]LogCook:Display: Max memory allowance for cook 8192mb
[2016.11.14-14.39.39:831][  0]LogCook:Display: Mobile HDR setting 1
[2016.11.14-14.39.39:940][  0]LogFileCache: Scanning file cache for directory 'D:/Unreal Projects/Plataformero/Content/' took 0.02s
[2016.11.14-14.39.39:941][  0]SourceControl: Info Source control is disabled
[2016.11.14-14.39.40:034][  0]LogWindowsTextInputMethodSystem:Display: IME system now deactivated.
[2016.11.14-14.39.59:243][  0]LogWindowsTextInputMethodSystem:Display: IME system now deactivated.
[2016.11.14-14.39.59:252][  0]LogWindowsTextInputMethodSystem:Display: IME system now deactivated.
[2016.11.14-14.39.59:253][  0]Cmd: MAP LOAD FILE="D:/Unreal Projects/Plataformero/Content/SideScrollerBP/Maps/SideScrollerExampleMap.umap" TEMPLATE=0 SHOWPROGRESS=1 FEATURELEVEL=3
[2016.11.14-14.39.59:300][  0]LightingResults: New page: Lighting Build
[2016.11.14-14.39.59:306][  0]MapCheck: New page: Map Check
[2016.11.14-14.39.59:306][  0]LightingResults: New page: Lighting Build
[2016.11.14-14.40.00:131][  0]LogAIModule: Creating AISystem for world SideScrollerExampleMap
[2016.11.14-14.40.00:153][  0]LogEditorServer: Finished looking for orphan Actors (0.000 secs)
[2016.11.14-14.40.00:155][  0]Cmd: MAP CHECKDEP NOCLEARLOG
[2016.11.14-14.40.00:224][  0]MapCheck: Info Map check complete: 0 Error(s), 0 Warning(s), took 69.035ms to complete.
[2016.11.14-14.40.00:225][  0]LogFileHelpers: Loading map 'SideScrollerExampleMap' took 0.972
[2016.11.14-14.40.00:282][  0]LogStats:Warning: MetaData mismatch. Did you assign a stat to two groups? New //STATGROUP_Threads//SplashScreenThread///Thread_9ac_0///####STATCAT_Advanced#### old //STATGROUP_Threads//SplashScreenThread///Thread_23fc_0///####STATCAT_Advanced####
[2016.11.14-14.40.00:282][  0]LogCollectionManager: Loaded 0 collections in 0.003170 seconds
[2016.11.14-14.40.00:339][  0]LogFileCache: Scanning file cache for directory 'D:/Unreal Projects/Plataformero/Saved/Collections/' took 0.01s
[2016.11.14-14.40.00:339][  0]LogFileCache: Scanning file cache for directory 'D:/Unreal Projects/Plataformero/Content/Developers/Guekaware/Collections/' took 0.01s
[2016.11.14-14.40.00:339][  0]LogFileCache: Scanning file cache for directory 'D:/Unreal Projects/Plataformero/Content/Collections/' took 0.01s
[2016.11.14-14.40.00:339][  0]LogCollectionManager: Rebuilt the GUID cache for 0 collections in 0.000002 seconds
[2016.11.14-14.40.00:351][  0]LogContentBrowser: Native class hierarchy populated in 0.0094 seconds. Added 2047 classes and 369 folders.
[2016.11.14-14.40.00:359][  0]LogStats: UGameplayTagsManager::ConstructGameplayTagTree: Construct from data asset -  0.000 s
[2016.11.14-14.40.00:359][  0]LogStats: UGameplayTagsManager::ConstructGameplayTagTree: GameplayTagTreeChangedEvent.Broadcast -  0.000 s
[2016.11.14-14.40.00:360][  0]LogContentBrowser: Native class hierarchy updated for 'GameplayTags' in 0.0004 seconds. Added 12 classes and 0 folders.
[2016.11.14-14.40.00:369][  0]LogContentBrowser: Native class hierarchy updated for 'WidgetCarousel' in 0.0004 seconds. Added 0 classes and 0 folders.
[2016.11.14-14.40.00:492][  0]LogContentBrowser: Native class hierarchy updated for 'AddContentDialog' in 0.0004 seconds. Added 0 classes and 0 folders.
[2016.11.14-14.40.00:550][  0]LogContentBrowser: Native class hierarchy updated for 'SceneOutliner' in 0.0005 seconds. Added 1 classes and 2 folders.
[2016.11.14-14.40.00:691][  0]LogCrashTracker: Crashtracker disabled due to settings.
[2016.11.14-14.40.00:707][  0]LogUObjectGlobals:Warning: Failed to find object 'Class None.'
[2016.11.14-14.40.00:734][  0]LogContentBrowser: Native class hierarchy updated for 'HierarchicalLODOutliner' in 0.0004 seconds. Added 1 classes and 2 folders.
[2016.11.14-14.40.00:735][  0]LogLoad: Full Startup: 26.63 seconds (BP compile: 0.10 seconds)
[2016.11.14-14.40.00:735][  0]LogExternalProfiler: Found external profiler: VSPerf
[2016.11.14-14.40.00:735][  0]LogExternalProfiler: Using external profiler: VSPerf
[2016.11.14-14.40.00:752][  0]LogOcInput: OculusInput pre-init called
[2016.11.14-14.40.00:775][  0]LogContentStreaming: Texture pool size now 1000 MB
[2016.11.14-14.40.00:999][  0]LogRenderer: Reallocating scene render targets to support 984x1012 (Frame:2).
[2016.11.14-14.40.01:200][  1]LogAssetRegistry: Asset discovery search completed in 23.5103 seconds
[2016.11.14-14.40.01:200][  1]LogCollectionManager: Rebuilt the object cache for 0 collections in 0.000000 seconds (found 0 objects)
[2016.11.14-14.40.01:200][  1]LogCollectionManager: Fixed up redirectors for 0 collections in 0.000023 seconds (updated 0 objects)
[2016.11.14-14.40.05:725][260]LogBlueprintUserMessages: Early PlayInEditor Detection: Level '/Game/SideScrollerBP/Maps/SideScrollerExampleMap.SideScrollerExampleMap:PersistentLevel' has LevelScriptBlueprint '/Game/SideScrollerBP/Maps/SideScrollerExampleMap.SideScrollerExampleMap:PersistentLevel.SideScrollerExampleMap' with GeneratedClass '/Game/SideScrollerBP/Maps/SideScrollerExampleMap.SideScrollerExampleMap_C' with ClassGeneratedBy '/Game/SideScrollerBP/Maps/SideScrollerExampleMap.SideScrollerExampleMap:PersistentLevel.SideScrollerExampleMap'
[2016.11.14-14.40.05:726][260]LogPlayLevel: PlayLevel: No blueprints needed recompiling
[2016.11.14-14.40.05:732][260]PIE: New page: PIE session: SideScrollerExampleMap (Nov 14, 2016, 8:40:05 AM)
[2016.11.14-14.40.05:732][260]LogPlayLevel: Creating play world package: /Game/SideScrollerBP/Maps/UEDPIE_0_SideScrollerExampleMap
[2016.11.14-14.40.05:762][260]LogPlayLevel: PIE: StaticDuplicateObject took: (0.029444s)
[2016.11.14-14.40.05:763][260]LogAIModule: Creating AISystem for world SideScrollerExampleMap
[2016.11.14-14.40.05:763][260]LogPlayLevel: PIE: World Init took: (0.001458s)
[2016.11.14-14.40.05:763][260]LogPlayLevel: PIE: Created PIE world by copying editor world from /Game/SideScrollerBP/Maps/SideScrollerExampleMap.SideScrollerExampleMap to /Game/SideScrollerBP/Maps/UEDPIE_0_SideScrollerExampleMap.SideScrollerExampleMap (0.031285s)
[2016.11.14-14.40.05:791][260]LogInit: XAudio2 using 'Speakers (Logitech USB Headset)' : 2 channels at 44.1 kHz using 16 bits per sample (channel mask 0x3)
[2016.11.14-14.40.05:801][260]LogInit: FAudioDevice initialized.
[2016.11.14-14.40.05:877][260]LogWorld: Game class is 'SideScrollerGameMode_C'
[2016.11.14-14.40.05:881][260]LogWorld: Bringing World /Game/SideScrollerBP/Maps/UEDPIE_0_SideScrollerExampleMap.SideScrollerExampleMap up for play (max tick rate 60) at 2016.11.14-11.40.05
[2016.11.14-14.40.05:883][260]LogWorld: Bringing up level for play took: 0.003781
[2016.11.14-14.40.05:889][260]LogContentBrowser: Native class hierarchy updated for 'MovieSceneCapture' in 0.0004 seconds. Added 11 classes and 0 folders.
[2016.11.14-14.40.05:889][260]PIE: Info Play in editor start time for /Game/SideScrollerBP/Maps/UEDPIE_0_SideScrollerExampleMap 0.882
[2016.11.14-14.40.05:889][260]LogBlueprintUserMessages: Late PlayInEditor Detection: Level '/Game/SideScrollerBP/Maps/SideScrollerExampleMap.SideScrollerExampleMap:PersistentLevel' has LevelScriptBlueprint '/Game/SideScrollerBP/Maps/SideScrollerExampleMap.SideScrollerExampleMap:PersistentLevel.SideScrollerExampleMap' with GeneratedClass '/Game/SideScrollerBP/Maps/SideScrollerExampleMap.SideScrollerExampleMap_C' with ClassGeneratedBy '/Game/SideScrollerBP/Maps/SideScrollerExampleMap.SideScrollerExampleMap:PersistentLevel.SideScrollerExampleMap'
[2016.11.14-14.40.09:909][499]LogBlueprintUserMessages: Early EndPlayMap Detection: Level '/Game/SideScrollerBP/Maps/SideScrollerExampleMap.SideScrollerExampleMap:PersistentLevel' has LevelScriptBlueprint '/Game/SideScrollerBP/Maps/SideScrollerExampleMap.SideScrollerExampleMap:PersistentLevel.SideScrollerExampleMap' with GeneratedClass '/Game/SideScrollerBP/Maps/SideScrollerExampleMap.SideScrollerExampleMap_C' with ClassGeneratedBy '/Game/SideScrollerBP/Maps/SideScrollerExampleMap.SideScrollerExampleMap:PersistentLevel.SideScrollerExampleMap'
[2016.11.14-14.40.09:950][499]LogBlueprintUserMessages: Late EndPlayMap Detection: Level '/Game/SideScrollerBP/Maps/SideScrollerExampleMap.SideScrollerExampleMap:PersistentLevel' has LevelScriptBlueprint '/Game/SideScrollerBP/Maps/SideScrollerExampleMap.SideScrollerExampleMap:PersistentLevel.SideScrollerExampleMap' with GeneratedClass '/Game/SideScrollerBP/Maps/SideScrollerExampleMap.SideScrollerExampleMap_C' with ClassGeneratedBy '/Game/SideScrollerBP/Maps/SideScrollerExampleMap.SideScrollerExampleMap:PersistentLevel.SideScrollerExampleMap'
[2016.11.14-14.40.11:534][592]LogBlueprintUserMessages: Early PlayInEditor Detection: Level '/Game/SideScrollerBP/Maps/SideScrollerExampleMap.SideScrollerExampleMap:PersistentLevel' has LevelScriptBlueprint '/Game/SideScrollerBP/Maps/SideScrollerExampleMap.SideScrollerExampleMap:PersistentLevel.SideScrollerExampleMap' with GeneratedClass '/Game/SideScrollerBP/Maps/SideScrollerExampleMap.SideScrollerExampleMap_C' with ClassGeneratedBy '/Game/SideScrollerBP/Maps/SideScrollerExampleMap.SideScrollerExampleMap:PersistentLevel.SideScrollerExampleMap'
[2016.11.14-14.40.11:534][592]LogPlayLevel: PlayLevel: No blueprints needed recompiling
[2016.11.14-14.40.11:534][592]PIE: New page: PIE session: SideScrollerExampleMap (Nov 14, 2016, 8:40:11 AM)
[2016.11.14-14.40.11:534][592]LogPlayLevel: Creating play world package: /Game/SideScrollerBP/Maps/UEDPIE_0_SideScrollerExampleMap
[2016.11.14-14.40.11:561][592]LogPlayLevel: PIE: StaticDuplicateObject took: (0.027157s)
[2016.11.14-14.40.11:562][592]LogAIModule: Creating AISystem for world SideScrollerExampleMap
[2016.11.14-14.40.11:562][592]LogPlayLevel: PIE: World Init took: (0.000693s)
[2016.11.14-14.40.11:562][592]LogPlayLevel: PIE: Created PIE world by copying editor world from /Game/SideScrollerBP/Maps/SideScrollerExampleMap.SideScrollerExampleMap to /Game/SideScrollerBP/Maps/UEDPIE_0_SideScrollerExampleMap.SideScrollerExampleMap (0.028156s)
[2016.11.14-14.40.11:587][592]LogInit: XAudio2 using 'Speakers (Logitech USB Headset)' : 2 channels at 44.1 kHz using 16 bits per sample (channel mask 0x3)
[2016.11.14-14.40.11:595][592]LogInit: FAudioDevice initialized.
[2016.11.14-14.40.11:646][592]LogWorld: Game class is 'SideScrollerGameMode_C'
[2016.11.14-14.40.11:650][592]LogWorld: Bringing World /Game/SideScrollerBP/Maps/UEDPIE_0_SideScrollerExampleMap.SideScrollerExampleMap up for play (max tick rate 60) at 2016.11.14-11.40.11
[2016.11.14-14.40.11:651][592]LogWorld: Bringing up level for play took: 0.003842
[2016.11.14-14.40.11:652][592]PIE: Info Play in editor start time for /Game/SideScrollerBP/Maps/UEDPIE_0_SideScrollerExampleMap 0.645
[2016.11.14-14.40.11:652][592]LogBlueprintUserMessages: Late PlayInEditor Detection: Level '/Game/SideScrollerBP/Maps/SideScrollerExampleMap.SideScrollerExampleMap:PersistentLevel' has LevelScriptBlueprint '/Game/SideScrollerBP/Maps/SideScrollerExampleMap.SideScrollerExampleMap:PersistentLevel.SideScrollerExampleMap' with GeneratedClass '/Game/SideScrollerBP/Maps/SideScrollerExampleMap.SideScrollerExampleMap_C' with ClassGeneratedBy '/Game/SideScrollerBP/Maps/SideScrollerExampleMap.SideScrollerExampleMap:PersistentLevel.SideScrollerExampleMap'
[2016.11.14-14.40.20:271][108]LogBlueprintUserMessages: Early EndPlayMap Detection: Level '/Game/SideScrollerBP/Maps/SideScrollerExampleMap.SideScrollerExampleMap:PersistentLevel' has LevelScriptBlueprint '/Game/SideScrollerBP/Maps/SideScrollerExampleMap.SideScrollerExampleMap:PersistentLevel.SideScrollerExampleMap' with GeneratedClass '/Game/SideScrollerBP/Maps/SideScrollerExampleMap.SideScrollerExampleMap_C' with ClassGeneratedBy '/Game/SideScrollerBP/Maps/SideScrollerExampleMap.SideScrollerExampleMap:PersistentLevel.SideScrollerExampleMap'
[2016.11.14-14.40.20:308][108]LogBlueprintUserMessages: Late EndPlayMap Detection: Level '/Game/SideScrollerBP/Maps/SideScrollerExampleMap.SideScrollerExampleMap:PersistentLevel' has LevelScriptBlueprint '/Game/SideScrollerBP/Maps/SideScrollerExampleMap.SideScrollerExampleMap:PersistentLevel.SideScrollerExampleMap' with GeneratedClass '/Game/SideScrollerBP/Maps/SideScrollerExampleMap.SideScrollerExampleMap_C' with ClassGeneratedBy '/Game/SideScrollerBP/Maps/SideScrollerExampleMap.SideScrollerExampleMap:PersistentLevel.SideScrollerExampleMap'
[2016.11.14-14.40.29:489][657]LogText:Warning: Failed to parse argument "GameModeName" as a number (using "0" as a fallback). Please check your format string for errors: "GameMode: Edit {GameModeName}".
[2016.11.14-14.40.32:896][825]LogContentBrowser: Native class hierarchy updated for 'BlueprintGraph' in 0.0008 seconds. Added 111 classes and 0 folders.
[2016.11.14-14.45.03:257][ 49]BlueprintLog: New page: Compile SideScrollerExampleMap
[2016.11.14-14.45.03:370][ 49]BlueprintEditorCompileResults: Info [0329.26] Compile of PersistentLevel.SideScrollerExampleMap successful! [in 112 ms] (/Game/SideScrollerBP/Maps/SideScrollerExampleMap.SideScrollerExampleMap:PersistentLevel.SideScrollerExampleMap)
[2016.11.14-14.45.21:024][852]LogRenderer: Reallocating scene render targets to support 1144x1012 (Frame:13909).
[2016.11.14-14.48.21:926][658]BlueprintLog: New page: Compile CubeBP_v2
[2016.11.14-14.48.22:042][658]BlueprintEditorCompileResults: Info [0527.94] Compile of CubeBP_v2 successful! [in 116 ms] (/Game/SideScrollerBP/Blueprints/CubeBP_v2.CubeBP_v2)
[2016.11.14-14.48.22:788][700]Cmd: OBJ SAVEPACKAGE PACKAGE="/Game/SideScrollerBP/Blueprints/CubeBP_v2" FILE="D:/Unreal Projects/Plataformero/Content/SideScrollerBP/Blueprints/CubeBP_v2.uasset" SILENT=true
[2016.11.14-14.48.23:193][700]LogSavePackage: Save=24.68ms
[2016.11.14-14.48.23:193][700]LogSavePackage: Moving 'D:/Unreal Projects/Plataformero/Saved/CubeBP_v2FC5521794DE24224F2D89AACC42907AC.tmp' to 'D:/Unreal Projects/Plataformero/Content/SideScrollerBP/Blueprints/CubeBP_v2.uasset'
[2016.11.14-14.48.23:194][700]LogSavePackage:Display: Finished SavePackage D:/Unreal Projects/Plataformero/Content/SideScrollerBP/Blueprints/CubeBP_v2.uasset
[2016.11.14-14.48.25:608][844]BlueprintLog: New page: Compile SideScrollerExampleMap
[2016.11.14-14.48.25:692][844]BlueprintEditorCompileResults: Info [0531.59] Compile of PersistentLevel.SideScrollerExampleMap successful! [in 83 ms] (/Game/SideScrollerBP/Maps/SideScrollerExampleMap.SideScrollerExampleMap:PersistentLevel.SideScrollerExampleMap)
[2016.11.14-14.48.27:287][924]LogSavePackage: Save=108.23ms
[2016.11.14-14.48.27:287][924]LogSavePackage: Moving 'D:/Unreal Projects/Plataformero/Saved/SideScrollerExampleMap3BDD681B48C9109C889C5994FABBD72F.tmp' to 'D:/Unreal Projects/Plataformero/Content/SideScrollerBP/Maps/SideScrollerExampleMap.umap'
[2016.11.14-14.48.27:290][924]LogSavePackage:Display: Finished SavePackage D:/Unreal Projects/Plataformero/Content/SideScrollerBP/Maps/SideScrollerExampleMap.umap
[2016.11.14-14.48.27:308][924]LogFileHelpers: Saving map 'SideScrollerExampleMap' took 0.249
[2016.11.14-14.48.30:763][110]LogBlueprintUserMessages: Early PlayInEditor Detection: Level '/Game/SideScrollerBP/Maps/SideScrollerExampleMap.SideScrollerExampleMap:PersistentLevel' has LevelScriptBlueprint '/Game/SideScrollerBP/Maps/SideScrollerExampleMap.SideScrollerExampleMap:PersistentLevel.SideScrollerExampleMap' with GeneratedClass '/Game/SideScrollerBP/Maps/SideScrollerExampleMap.SideScrollerExampleMap_C' with ClassGeneratedBy '/Game/SideScrollerBP/Maps/SideScrollerExampleMap.SideScrollerExampleMap:PersistentLevel.SideScrollerExampleMap'
[2016.11.14-14.48.30:763][110]LogPlayLevel: PlayLevel: No blueprints needed recompiling
[2016.11.14-14.48.30:763][110]PIE: New page: PIE session: SideScrollerExampleMap (Nov 14, 2016, 8:48:30 AM)
[2016.11.14-14.48.30:763][110]LogPlayLevel: Creating play world package: /Game/SideScrollerBP/Maps/UEDPIE_0_SideScrollerExampleMap
[2016.11.14-14.48.30:784][110]LogPlayLevel: PIE: StaticDuplicateObject took: (0.020568s)
[2016.11.14-14.48.30:785][110]LogAIModule: Creating AISystem for world SideScrollerExampleMap
[2016.11.14-14.48.30:785][110]LogPlayLevel: PIE: World Init took: (0.000815s)
[2016.11.14-14.48.30:785][110]LogPlayLevel: PIE: Created PIE world by copying editor world from /Game/SideScrollerBP/Maps/SideScrollerExampleMap.SideScrollerExampleMap to /Game/SideScrollerBP/Maps/UEDPIE_0_SideScrollerExampleMap.SideScrollerExampleMap (0.021653s)
[2016.11.14-14.48.30:823][110]LogInit: XAudio2 using 'Speakers (Logitech USB Headset)' : 2 channels at 44.1 kHz using 16 bits per sample (channel mask 0x3)
[2016.11.14-14.48.30:833][110]LogInit: FAudioDevice initialized.
[2016.11.14-14.48.30:884][110]LogWorld: Game class is 'SideScrollerGameMode_C'
[2016.11.14-14.48.30:887][110]LogWorld: Bringing World /Game/SideScrollerBP/Maps/UEDPIE_0_SideScrollerExampleMap.SideScrollerExampleMap up for play (max tick rate 60) at 2016.11.14-11.48.30
[2016.11.14-14.48.30:888][110]LogWorld: Bringing up level for play took: 0.002803
[2016.11.14-14.48.30:889][110]PIE: Info Play in editor start time for /Game/SideScrollerBP/Maps/UEDPIE_0_SideScrollerExampleMap -0.119
[2016.11.14-14.48.30:889][110]LogBlueprintUserMessages: Late PlayInEditor Detection: Level '/Game/SideScrollerBP/Maps/SideScrollerExampleMap.SideScrollerExampleMap:PersistentLevel' has LevelScriptBlueprint '/Game/SideScrollerBP/Maps/SideScrollerExampleMap.SideScrollerExampleMap:PersistentLevel.SideScrollerExampleMap' with GeneratedClass '/Game/SideScrollerBP/Maps/SideScrollerExampleMap.SideScrollerExampleMap_C' with ClassGeneratedBy '/Game/SideScrollerBP/Maps/SideScrollerExampleMap.SideScrollerExampleMap:PersistentLevel.SideScrollerExampleMap'
[2016.11.14-14.48.33:181][246]LogBlueprintUserMessages: Early EndPlayMap Detection: Level '/Game/SideScrollerBP/Maps/SideScrollerExampleMap.SideScrollerExampleMap:PersistentLevel' has LevelScriptBlueprint '/Game/SideScrollerBP/Maps/SideScrollerExampleMap.SideScrollerExampleMap:PersistentLevel.SideScrollerExampleMap' with GeneratedClass '/Game/SideScrollerBP/Maps/SideScrollerExampleMap.SideScrollerExampleMap_C' with ClassGeneratedBy '/Game/SideScrollerBP/Maps/SideScrollerExampleMap.SideScrollerExampleMap:PersistentLevel.SideScrollerExampleMap'
[2016.11.14-14.48.33:220][246]LogBlueprintUserMessages: Late EndPlayMap Detection: Level '/Game/SideScrollerBP/Maps/SideScrollerExampleMap.SideScrollerExampleMap:PersistentLevel' has LevelScriptBlueprint '/Game/SideScrollerBP/Maps/SideScrollerExampleMap.SideScrollerExampleMap:PersistentLevel.SideScrollerExampleMap' with GeneratedClass '/Game/SideScrollerBP/Maps/SideScrollerExampleMap.SideScrollerExampleMap_C' with ClassGeneratedBy '/Game/SideScrollerBP/Maps/SideScrollerExampleMap.SideScrollerExampleMap:PersistentLevel.SideScrollerExampleMap'
[2016.11.14-14.48.35:547][352]LogBlueprintUserMessages: Early PlayInEditor Detection: Level '/Game/SideScrollerBP/Maps/SideScrollerExampleMap.SideScrollerExampleMap:PersistentLevel' has LevelScriptBlueprint '/Game/SideScrollerBP/Maps/SideScrollerExampleMap.SideScrollerExampleMap:PersistentLevel.SideScrollerExampleMap' with GeneratedClass '/Game/SideScrollerBP/Maps/SideScrollerExampleMap.SideScrollerExampleMap_C' with ClassGeneratedBy '/Game/SideScrollerBP/Maps/SideScrollerExampleMap.SideScrollerExampleMap:PersistentLevel.SideScrollerExampleMap'
[2016.11.14-14.48.35:547][352]LogPlayLevel: PlayLevel: No blueprints needed recompiling
[2016.11.14-14.48.35:547][352]PIE: New page: PIE session: SideScrollerExampleMap (Nov 14, 2016, 8:48:35 AM)
[2016.11.14-14.48.35:547][352]LogPlayLevel: Creating play world package: /Game/SideScrollerBP/Maps/UEDPIE_0_SideScrollerExampleMap
[2016.11.14-14.48.35:570][352]LogPlayLevel: PIE: StaticDuplicateObject took: (0.022889s)
[2016.11.14-14.48.35:571][352]LogAIModule: Creating AISystem for world SideScrollerExampleMap
[2016.11.14-14.48.35:571][352]LogPlayLevel: PIE: World Init took: (0.000733s)
[2016.11.14-14.48.35:571][352]LogPlayLevel: PIE: Created PIE world by copying editor world from /Game/SideScrollerBP/Maps/SideScrollerExampleMap.SideScrollerExampleMap to /Game/SideScrollerBP/Maps/UEDPIE_0_SideScrollerExampleMap.SideScrollerExampleMap (0.023876s)
[2016.11.14-14.48.35:604][352]LogInit: XAudio2 using 'Speakers (Logitech USB Headset)' : 2 channels at 44.1 kHz using 16 bits per sample (channel mask 0x3)
[2016.11.14-14.48.35:612][352]LogInit: FAudioDevice initialized.
[2016.11.14-14.48.35:661][352]LogWorld: Game class is 'SideScrollerGameMode_C'
[2016.11.14-14.48.35:666][352]LogWorld: Bringing World /Game/SideScrollerBP/Maps/UEDPIE_0_SideScrollerExampleMap.SideScrollerExampleMap up for play (max tick rate 60) at 2016.11.14-11.48.35
[2016.11.14-14.48.35:667][352]LogWorld: Bringing up level for play took: 0.002585
[2016.11.14-14.48.35:668][352]PIE: Info Play in editor start time for /Game/SideScrollerBP/Maps/UEDPIE_0_SideScrollerExampleMap 0.66
[2016.11.14-14.48.35:668][352]LogBlueprintUserMessages: Late PlayInEditor Detection: Level '/Game/SideScrollerBP/Maps/SideScrollerExampleMap.SideScrollerExampleMap:PersistentLevel' has LevelScriptBlueprint '/Game/SideScrollerBP/Maps/SideScrollerExampleMap.SideScrollerExampleMap:PersistentLevel.SideScrollerExampleMap' with GeneratedClass '/Game/SideScrollerBP/Maps/SideScrollerExampleMap.SideScrollerExampleMap_C' with ClassGeneratedBy '/Game/SideScrollerBP/Maps/SideScrollerExampleMap.SideScrollerExampleMap:PersistentLevel.SideScrollerExampleMap'
[2016.11.14-14.48.45:308][929]LogBlueprintUserMessages: Early EndPlayMap Detection: Level '/Game/SideScrollerBP/Maps/SideScrollerExampleMap.SideScrollerExampleMap:PersistentLevel' has LevelScriptBlueprint '/Game/SideScrollerBP/Maps/SideScrollerExampleMap.SideScrollerExampleMap:PersistentLevel.SideScrollerExampleMap' with GeneratedClass '/Game/SideScrollerBP/Maps/SideScrollerExampleMap.SideScrollerExampleMap_C' with ClassGeneratedBy '/Game/SideScrollerBP/Maps/SideScrollerExampleMap.SideScrollerExampleMap:PersistentLevel.SideScrollerExampleMap'
[2016.11.14-14.48.45:351][929]LogBlueprintUserMessages: Late EndPlayMap Detection: Level '/Game/SideScrollerBP/Maps/SideScrollerExampleMap.SideScrollerExampleMap:PersistentLevel' has LevelScriptBlueprint '/Game/SideScrollerBP/Maps/SideScrollerExampleMap.SideScrollerExampleMap:PersistentLevel.SideScrollerExampleMap' with GeneratedClass '/Game/SideScrollerBP/Maps/SideScrollerExampleMap.SideScrollerExampleMap_C' with ClassGeneratedBy '/Game/SideScrollerBP/Maps/SideScrollerExampleMap.SideScrollerExampleMap:PersistentLevel.SideScrollerExampleMap'
[2016.11.14-14.49.09:331][258]LogWindowsTextInputMethodSystem:Display: IME system now deactivated.
[2016.11.14-14.49.09:435][259]Cmd: QUIT_EDITOR
[2016.11.14-14.49.09:879][259]LogExit: Preparing to exit.
[2016.11.14-14.49.11:079][259]LogExit: Editor shut down
[2016.11.14-14.49.11:079][259]LogExit: Transaction tracking system shut down
[2016.11.14-14.49.11:207][259]LogObj: Freed 0b from 0 cluster array pools.
[2016.11.14-14.49.11:207][259]LogExit: Object subsystem successfully closed.
[2016.11.14-14.49.11:219][259]LogD3D11RHI: Shutdown
[2016.11.14-14.49.11:219][259]LogD3D11RHI: CleanupD3DDevice
[2016.11.14-14.49.11:294][259]LogD3D11RHI: ~FD3D11DynamicRHI
[2016.11.14-14.49.11:307][259]LogModuleManager: Shutting down and abandoning module BlueprintGraph (215)
[2016.11.14-14.49.11:307][259]LogModuleManager: Shutting down and abandoning module MovieSceneCapture (214)
[2016.11.14-14.49.11:307][259]LogModuleManager: Shutting down and abandoning module HierarchicalLODOutliner (213)
[2016.11.14-14.49.11:307][259]LogModuleManager: Shutting down and abandoning module CrashTracker (212)
[2016.11.14-14.49.11:307][259]LogModuleManager: Shutting down and abandoning module SceneOutliner (211)
[2016.11.14-14.49.11:307][259]LogModuleManager: Shutting down and abandoning module WidgetCarousel (210)
[2016.11.14-14.49.11:307][259]LogModuleManager: Shutting down and abandoning module AddContentDialog (209)
[2016.11.14-14.49.11:308][259]LogModuleManager: Shutting down and abandoning module GameplayTags (208)
[2016.11.14-14.49.11:308][259]LogModuleManager: Shutting down and abandoning module EditorWidgets (207)
[2016.11.14-14.49.11:308][259]LogModuleManager: Shutting down and abandoning module CollectionManager (206)
[2016.11.14-14.49.11:308][259]LogModuleManager: Shutting down and abandoning module StatsViewer (205)
[2016.11.14-14.49.11:308][259]LogModuleManager: Shutting down and abandoning module FoliageEdit (204)
[2016.11.14-14.49.11:310][259]LogModuleManager: Shutting down and abandoning module LandscapeEditor (203)
[2016.11.14-14.49.11:310][259]LogModuleManager: Shutting down and abandoning module SceneDepthPickerMode (202)
[2016.11.14-14.49.11:310][259]LogModuleManager: Shutting down and abandoning module ActorPickerMode (201)
[2016.11.14-14.49.11:310][259]LogModuleManager: Shutting down and abandoning module GeometryMode (200)
[2016.11.14-14.49.11:310][259]LogModuleManager: Shutting down and abandoning module TextureAlignMode (199)
[2016.11.14-14.49.11:310][259]LogModuleManager: Shutting down and abandoning module BspMode (198)
[2016.11.14-14.49.11:310][259]LogModuleManager: Shutting down and abandoning module HardwareSurvey (197)
[2016.11.14-14.49.11:310][259]LogModuleManager: Shutting down and abandoning module SequenceRecorderSections (196)
[2016.11.14-14.49.11:310][259]LogModuleManager: Shutting down and abandoning module SequenceRecorder (195)
[2016.11.14-14.49.11:310][259]LogModuleManager: Shutting down and abandoning module AutomationWorker (194)
[2016.11.14-14.49.11:310][259]LogModuleManager: Shutting down and abandoning module MatineeToLevelSequence (193)
[2016.11.14-14.49.11:310][259]LogModuleManager: Shutting down and abandoning module PlacementMode (192)
[2016.11.14-14.49.11:310][259]LogModuleManager: Shutting down and abandoning module LevelSequenceEditor (191)
[2016.11.14-14.49.11:310][259]LogModuleManager: Shutting down and abandoning module CharacterAI (190)
[2016.11.14-14.49.11:310][259]LogModuleManager: Shutting down and abandoning module SmartSnapping (189)
[2016.11.14-14.49.11:310][259]LogModuleManager: Shutting down and abandoning module SessionServices (188)
[2016.11.14-14.49.11:310][259]LogModuleManager: Shutting down and abandoning module ViewportSnapping (187)
[2016.11.14-14.49.11:310][259]LogModuleManager: Shutting down and abandoning module LogVisualizer (186)
[2016.11.14-14.49.11:310][259]LogModuleManager: Shutting down and abandoning module GameProjectGeneration (185)
[2016.11.14-14.49.11:310][259]LogModuleManager: Shutting down and abandoning module IntroTutorials (184)
[2016.11.14-14.49.11:310][259]LogModuleManager: Shutting down and abandoning module EditorLiveStreaming (183)
[2016.11.14-14.49.11:310][259]LogModuleManager: Shutting down and abandoning module IOSPlatformEditor (182)
[2016.11.14-14.49.11:310][259]LogModuleManager: Shutting down and abandoning module HTML5PlatformEditor (181)
[2016.11.14-14.49.11:310][259]LogModuleManager: Shutting down and abandoning module AndroidDeviceDetection (180)
[2016.11.14-14.49.11:903][259]LogModuleManager: Shutting down and abandoning module AndroidPlatformEditor (179)
[2016.11.14-14.49.11:903][259]LogModuleManager: Shutting down and abandoning module IOSRuntimeSettings (178)
[2016.11.14-14.49.11:903][259]LogModuleManager: Shutting down and abandoning module AndroidRuntimeSettings (177)
[2016.11.14-14.49.11:903][259]LogModuleManager: Shutting down and abandoning module MergeActors (176)
[2016.11.14-14.49.11:903][259]LogModuleManager: Shutting down and abandoning module SizeMap (175)
[2016.11.14-14.49.11:903][259]LogModuleManager: Shutting down and abandoning module TreeMap (174)
[2016.11.14-14.49.11:903][259]LogModuleManager: Shutting down and abandoning module ReferenceViewer (173)
[2016.11.14-14.49.11:904][259]LogModuleManager: Shutting down and abandoning module LocalizationService (172)
[2016.11.14-14.49.11:904][259]LogModuleManager: Shutting down and abandoning module LocalizationDashboard (171)
[2016.11.14-14.49.11:904][259]LogModuleManager: Shutting down and abandoning module HardwareTargeting (170)
[2016.11.14-14.49.11:904][259]LogModuleManager: Shutting down and abandoning module DeviceProfileEditor (169)
[2016.11.14-14.49.11:904][259]LogModuleManager: Shutting down and abandoning module UndoHistory (168)
[2016.11.14-14.49.11:904][259]LogModuleManager: Shutting down and abandoning module UserFeedback (167)
[2016.11.14-14.49.11:904][259]LogModuleManager: Shutting down and abandoning module XmlParser (166)
[2016.11.14-14.49.11:904][259]LogModuleManager: Shutting down and abandoning module Blutility (165)
[2016.11.14-14.49.11:904][259]LogModuleManager: Shutting down and abandoning module ProjectTargetPlatformEditor (164)
[2016.11.14-14.49.11:904][259]LogModuleManager: Shutting down and abandoning module ProjectSettingsViewer (163)
[2016.11.14-14.49.11:904][259]LogModuleManager: Shutting down and abandoning module InputBindingEditor (162)
[2016.11.14-14.49.11:905][259]LogModuleManager: Shutting down and abandoning module EditorSettingsViewer (161)
[2016.11.14-14.49.11:905][259]LogModuleManager: Shutting down and abandoning module SettingsEditor (160)
[2016.11.14-14.49.11:905][259]LogModuleManager: Shutting down and abandoning module ProjectLauncher (159)
[2016.11.14-14.49.11:905][259]LogModuleManager: Shutting down and abandoning module SessionFrontend (158)
[2016.11.14-14.49.11:905][259]LogModuleManager: Shutting down and abandoning module ProfilerClient (157)
[2016.11.14-14.49.11:905][259]LogModuleManager: Shutting down and abandoning module TargetDeviceServices (156)
[2016.11.14-14.49.11:905][259]LogModuleManager: Shutting down and abandoning module DeviceManager (155)
[2016.11.14-14.49.11:957][259]LogModuleManager: Shutting down and abandoning module AutomationController (154)
[2016.11.14-14.49.11:957][259]LogModuleManager: Shutting down and abandoning module AutomationWindow (153)
[2016.11.14-14.49.11:957][259]LogModuleManager: Shutting down and abandoning module Layers (152)
[2016.11.14-14.49.11:957][259]LogModuleManager: Shutting down and abandoning module ComponentVisualizers (151)
[2016.11.14-14.49.11:957][259]LogModuleManager: Shutting down and abandoning module DetailCustomizations (150)
[2016.11.14-14.49.11:957][259]LogModuleManager: Shutting down and abandoning module PackagesDialog (149)
[2016.11.14-14.49.11:957][259]LogModuleManager: Shutting down and abandoning module Persona (148)
[2016.11.14-14.49.11:957][259]LogModuleManager: Shutting down and abandoning module Kismet (147)
[2016.11.14-14.49.11:957][259]LogModuleManager: Shutting down and abandoning module GraphEditor (146)
[2016.11.14-14.49.11:958][259]LogModuleManager: Shutting down and abandoning module ClassViewer (145)
[2016.11.14-14.49.11:958][259]LogModuleManager: Shutting down and abandoning module Toolbox (144)
[2016.11.14-14.49.11:958][259]LogModuleManager: Shutting down and abandoning module ModuleUI (143)
[2016.11.14-14.49.11:958][259]LogModuleManager: Shutting down and abandoning module MovieSceneTools (142)
[2016.11.14-14.49.11:958][259]LogModuleManager: Shutting down and abandoning module OutputLog (141)
[2016.11.14-14.49.11:958][259]LogModuleManager: Shutting down and abandoning module GammaUI (140)
[2016.11.14-14.49.11:958][259]LogModuleManager: Shutting down and abandoning module Documentation (139)
[2016.11.14-14.49.11:959][259]LogModuleManager: Shutting down and abandoning module StreamingPauseRendering (138)
[2016.11.14-14.49.11:959][259]LogModuleManager: Shutting down and abandoning module AnalyticsET (137)
[2016.11.14-14.49.11:959][259]LogModuleManager: Shutting down and abandoning module Analytics (136)
[2016.11.14-14.49.11:959][259]LogModuleManager: Shutting down and abandoning module PortalServices (135)
[2016.11.14-14.49.11:959][259]LogModuleManager: Shutting down and abandoning module PortalRpc (134)
[2016.11.14-14.49.11:959][259]LogModuleManager: Shutting down and abandoning module MessagingRpc (133)
[2016.11.14-14.49.11:959][259]LogModuleManager: Shutting down and abandoning module GameplayDebugger (132)
[2016.11.14-14.49.11:959][259]LogModuleManager: Shutting down and abandoning module AITestSuite (131)
[2016.11.14-14.49.11:959][259]LogModuleManager: Shutting down and abandoning module AIModule (130)
[2016.11.14-14.49.11:959][259]LogModuleManager: Shutting down and abandoning module ProfilerService (129)
[2016.11.14-14.49.11:974][259]LogModuleManager: Shutting down and abandoning module TaskGraph (128)
[2016.11.14-14.49.11:974][259]LogModuleManager: Shutting down and abandoning module SlateRemote (127)
[2016.11.14-14.49.11:974][259]LogModuleManager: Shutting down and abandoning module SteamVRController (126)
[2016.11.14-14.49.11:974][259]LogModuleManager: Shutting down and abandoning module SteamVR (125)
[2016.11.14-14.49.11:974][259]LogModuleManager: Shutting down and abandoning module ProceduralMeshComponent (124)
[2016.11.14-14.49.11:974][259]LogModuleManager: Shutting down and abandoning module OculusLibrary (123)
[2016.11.14-14.49.11:974][259]LogModuleManager: Shutting down and abandoning module OculusInput (122)
[2016.11.14-14.49.11:974][259]LogModuleManager: Shutting down and abandoning module CustomMeshComponent (121)
[2016.11.14-14.49.11:974][259]LogModuleManager: Shutting down and abandoning module CableComponent (120)
[2016.11.14-14.49.11:974][259]LogModuleManager: Shutting down and abandoning module ArchVisCharacter (119)
[2016.11.14-14.49.11:974][259]LogModuleManager: Shutting down and abandoning module MediaPlayerEditor (118)
[2016.11.14-14.49.11:974][259]LogModuleManager: Shutting down and abandoning module HTML5Networking (117)
[2016.11.14-14.49.11:974][259]LogModuleManager: Shutting down and abandoning module SuperSearch (116)
[2016.11.14-14.49.11:974][259]LogModuleManager: Shutting down and abandoning module SuperSearchEditor (115)
[2016.11.14-14.49.11:974][259]LogModuleManager: Shutting down and abandoning module SpeedTreeImporter (114)
[2016.11.14-14.49.11:974][259]LogModuleManager: Shutting down and abandoning module PluginBrowser (113)
[2016.11.14-14.49.11:974][259]LogModuleManager: Shutting down and abandoning module EpicSurvey (112)
[2016.11.14-14.49.11:974][259]LogModuleManager: Shutting down and abandoning module DesktopPlatform (111)
[2016.11.14-14.49.11:974][259]LogModuleManager: Shutting down and abandoning module VisualStudioSourceCodeAccess (110)
[2016.11.14-14.49.11:974][259]LogModuleManager: Shutting down and abandoning module UObjectPlugin (109)
[2016.11.14-14.49.11:974][259]LogModuleManager: Shutting down and abandoning module SubversionSourceControl (108)
[2016.11.14-14.49.11:975][259]LogModuleManager: Shutting down and abandoning module PerforceSourceControl (107)
[2016.11.14-14.49.11:975][259]LogModuleManager: Shutting down and abandoning module SourceControl (106)
[2016.11.14-14.49.11:975][259]LogModuleManager: Shutting down and abandoning module GitSourceControl (105)
[2016.11.14-14.49.11:975][259]LogModuleManager: Shutting down and abandoning module LightPropagationVolumeEditor (104)
[2016.11.14-14.49.11:975][259]LogModuleManager: Shutting down and abandoning module PaperTiledImporter (103)
[2016.11.14-14.49.11:975][259]LogModuleManager: Shutting down and abandoning module PaperSpriteSheetImporter (102)
[2016.11.14-14.49.11:975][259]LogModuleManager: Shutting down and abandoning module MeshPaint (101)
[2016.11.14-14.49.11:975][259]LogModuleManager: Shutting down and abandoning module PixelInspectorModule (100)
[2016.11.14-14.49.11:975][259]LogModuleManager: Shutting down and abandoning module HotReload (99)
[2016.11.14-14.49.11:975][259]LogModuleManager: Shutting down and abandoning module MainFrame (98)
[2016.11.14-14.49.11:975][259]LogModuleManager: Shutting down and abandoning module LevelEditor (97)
[2016.11.14-14.49.11:976][259]LogModuleManager: Shutting down and abandoning module ContentBrowser (96)
[2016.11.14-14.49.11:976][259]LogModuleManager: Shutting down and abandoning module Paper2DEditor (95)
[2016.11.14-14.49.11:976][259]LogModuleManager: Shutting down and abandoning module UdpMessaging (94)
[2016.11.14-14.49.12:077][259]LogModuleManager: Shutting down and abandoning module LightPropagationVolumeRuntime (93)
[2016.11.14-14.49.12:077][259]LogModuleManager: Shutting down and abandoning module Paper2D (92)
[2016.11.14-14.49.12:077][259]LogModuleManager: Shutting down and abandoning module WindowsMoviePlayer (91)
[2016.11.14-14.49.12:077][259]LogModuleManager: Shutting down and abandoning module Media (90)
[2016.11.14-14.49.12:077][259]LogModuleManager: Shutting down and abandoning module WmfMedia (89)
[2016.11.14-14.49.12:077][259]LogModuleManager: Shutting down and abandoning module MediaAssets (88)
[2016.11.14-14.49.12:077][259]LogModuleManager: Shutting down and abandoning module GameLiveStreaming (87)
[2016.11.14-14.49.12:077][259]LogModuleManager: Shutting down and abandoning module GameplayTagsEditor (86)
[2016.11.14-14.49.12:077][259]LogModuleManager: Shutting down and abandoning module OnlineBlueprintSupport (85)
[2016.11.14-14.49.12:077][259]LogModuleManager: Shutting down and abandoning module VREditor (84)
[2016.11.14-14.49.12:077][259]LogModuleManager: Shutting down and abandoning module GameplayTasksEditor (83)
[2016.11.14-14.49.12:077][259]LogModuleManager: Shutting down and abandoning module PropertyEditor (82)
[2016.11.14-14.49.12:077][259]LogModuleManager: Shutting down and abandoning module BehaviorTreeEditor (81)
[2016.11.14-14.49.12:077][259]LogModuleManager: Shutting down and abandoning module FunctionalTesting (80)
[2016.11.14-14.49.12:077][259]LogModuleManager: Shutting down and abandoning module CollisionAnalyzer (79)
[2016.11.14-14.49.12:077][259]LogModuleManager: Shutting down and abandoning module Sequencer (78)
[2016.11.14-14.49.12:077][259]LogModuleManager: Shutting down and abandoning module WorkspaceMenuStructure (77)
[2016.11.14-14.49.12:077][259]LogModuleManager: Shutting down and abandoning module MessageLog (76)
[2016.11.14-14.49.12:077][259]LogModuleManager: Shutting down and abandoning module AssetTools (75)
[2016.11.14-14.49.12:077][259]LogModuleManager: Shutting down and abandoning module UMGEditor (74)
[2016.11.14-14.49.12:077][259]LogModuleManager: Shutting down and abandoning module UMG (73)
[2016.11.14-14.49.12:077][259]LogModuleManager: Shutting down and abandoning module SlateReflector (72)
[2016.11.14-14.49.12:078][259]LogModuleManager: Shutting down and abandoning module Slate (71)
[2016.11.14-14.49.12:078][259]LogModuleManager: Shutting down and abandoning module EditorStyle (70)
[2016.11.14-14.49.12:080][259]LogModuleManager: Shutting down and abandoning module SourceCodeAccess (69)
[2016.11.14-14.49.12:080][259]LogModuleManager: Shutting down and abandoning module HeadMountedDisplay (68)
[2016.11.14-14.49.12:080][259]LogModuleManager: Shutting down and abandoning module XAudio2 (67)
[2016.11.14-14.49.12:080][259]LogModuleManager: Shutting down and abandoning module Networking (65)
[2016.11.14-14.49.12:080][259]LogModuleManager: Shutting down and abandoning module Core (64)
[2016.11.14-14.49.12:080][259]LogModuleManager: Shutting down and abandoning module DirectoryWatcher (63)
[2016.11.14-14.49.12:080][259]LogModuleManager: Shutting down and abandoning module AssetRegistry (62)
[2016.11.14-14.49.12:241][259]LogModuleManager: Shutting down and abandoning module KismetCompiler (61)
[2016.11.14-14.49.12:241][259]LogModuleManager: Shutting down and abandoning module PhysXFormats (60)
[2016.11.14-14.49.12:241][259]LogModuleManager: Shutting down and abandoning module MeshUtilities (59)
[2016.11.14-14.49.12:241][259]LogModuleManager: Shutting down and abandoning module DerivedDataCache (58)
[2016.11.14-14.49.12:294][259]LogDerivedDataCache: Shutdown
[2016.11.14-14.49.12:294][259]LogModuleManager: Shutting down and abandoning module VulkanShaderFormat (57)
[2016.11.14-14.49.12:294][259]LogModuleManager: Shutting down and abandoning module ShaderFormatOpenGL (56)
[2016.11.14-14.49.12:294][259]LogModuleManager: Shutting down and abandoning module ShaderFormatD3D (55)
[2016.11.14-14.49.12:294][259]LogModuleManager: Shutting down and abandoning module MetalShaderFormat (54)
[2016.11.14-14.49.12:294][259]LogModuleManager: Shutting down and abandoning module TextureFormatUncompressed (53)
[2016.11.14-14.49.12:294][259]LogModuleManager: Shutting down and abandoning module TextureFormatPVR (52)
[2016.11.14-14.49.12:294][259]LogModuleManager: Shutting down and abandoning module TextureFormatIntelISPCTexComp (51)
[2016.11.14-14.49.12:294][259]LogModuleManager: Shutting down and abandoning module TextureFormatDXT (50)
[2016.11.14-14.49.12:294][259]LogModuleManager: Shutting down and abandoning module ImageWrapper (49)
[2016.11.14-14.49.12:294][259]LogModuleManager: Shutting down and abandoning module TextureFormatASTC (48)
[2016.11.14-14.49.12:294][259]LogModuleManager: Shutting down and abandoning module TextureFormatAndroid (47)
[2016.11.14-14.49.12:294][259]LogModuleManager: Shutting down and abandoning module AudioFormatOpus (46)
[2016.11.14-14.49.12:295][259]LogModuleManager: Shutting down and abandoning module AudioFormatOgg (45)
[2016.11.14-14.49.12:295][259]LogModuleManager: Shutting down and abandoning module AudioFormatADPCM (44)
[2016.11.14-14.49.12:295][259]LogModuleManager: Shutting down and abandoning module LinuxTargetPlatform (43)
[2016.11.14-14.49.12:295][259]LogModuleManager: Shutting down and abandoning module LinuxServerTargetPlatform (42)
[2016.11.14-14.49.12:295][259]LogModuleManager: Shutting down and abandoning module LinuxNoEditorTargetPlatform (41)
[2016.11.14-14.49.12:295][259]LogModuleManager: Shutting down and abandoning module TVOSTargetPlatform (40)
[2016.11.14-14.49.12:295][259]LogModuleManager: Shutting down and abandoning module Messaging (39)
[2016.11.14-14.49.12:295][259]LogModuleManager: Shutting down and abandoning module IOSTargetPlatform (38)
[2016.11.14-14.49.12:295][259]LogModuleManager: Shutting down and abandoning module HTML5TargetPlatform (37)
[2016.11.14-14.49.12:295][259]LogModuleManager: Shutting down and abandoning module Android_PVRTCTargetPlatform (36)
[2016.11.14-14.49.12:295][259]LogModuleManager: Shutting down and abandoning module Android_MultiTargetPlatform (35)
[2016.11.14-14.49.12:295][259]LogModuleManager: Shutting down and abandoning module Android_ETC2TargetPlatform (34)
[2016.11.14-14.49.12:295][259]LogModuleManager: Shutting down and abandoning module Android_ETC1TargetPlatform (33)
[2016.11.14-14.49.12:295][259]LogModuleManager: Shutting down and abandoning module Android_DXTTargetPlatform (32)
[2016.11.14-14.49.12:295][259]LogModuleManager: Shutting down and abandoning module Android_ATCTargetPlatform (31)
[2016.11.14-14.49.12:295][259]LogModuleManager: Shutting down and abandoning module Android_ASTCTargetPlatform (30)
[2016.11.14-14.49.12:295][259]LogModuleManager: Shutting down and abandoning module AndroidTargetPlatform (29)
[2016.11.14-14.49.12:295][259]LogModuleManager: Shutting down and abandoning module WindowsTargetPlatform (28)
[2016.11.14-14.49.12:295][259]LogModuleManager: Shutting down and abandoning module WindowsServerTargetPlatform (27)
[2016.11.14-14.49.12:295][259]LogModuleManager: Shutting down and abandoning module WindowsNoEditorTargetPlatform (26)
[2016.11.14-14.49.12:295][259]LogModuleManager: Shutting down and abandoning module WindowsClientTargetPlatform (25)
[2016.11.14-14.49.12:295][259]LogModuleManager: Shutting down and abandoning module AllDesktopTargetPlatform (24)
[2016.11.14-14.49.12:295][259]LogModuleManager: Shutting down and abandoning module TargetPlatform (23)
[2016.11.14-14.49.12:295][259]LogModuleManager: Shutting down and abandoning module InputCore (22)
[2016.11.14-14.49.12:295][259]LogModuleManager: Shutting down and abandoning module Settings (21)
[2016.11.14-14.49.12:295][259]LogModuleManager: Shutting down and abandoning module OnlineSubsystem (19)
[2016.11.14-14.49.12:295][259]LogModuleManager: Shutting down and abandoning module HTTP (18)
[2016.11.14-14.49.13:799][259]LogModuleManager: Shutting down and abandoning module XMPP (17)
[2016.11.14-14.49.13:799][259]LogModuleManager: Shutting down and abandoning module OculusRift (16)
[2016.11.14-14.49.13:799][259]LogModuleManager: Shutting down and abandoning module ExampleDeviceProfileSelector (15)
[2016.11.14-14.49.13:799][259]LogModuleManager: Shutting down and abandoning module TextureCompressor (14)
[2016.11.14-14.49.13:799][259]LogModuleManager: Shutting down and abandoning module ShaderCore (13)
[2016.11.14-14.49.13:799][259]LogModuleManager: Shutting down and abandoning module Landscape (12)
[2016.11.14-14.49.13:799][259]LogModuleManager: Shutting down and abandoning module SlateRHIRenderer (11)
[2016.11.14-14.49.13:801][259]LogModuleManager: Shutting down and abandoning module OpenGLDrv (10)
[2016.11.14-14.49.13:801][259]LogModuleManager: Shutting down and abandoning module D3D11RHI (9)
[2016.11.14-14.49.13:801][259]LogModuleManager: Shutting down and abandoning module AnimGraphRuntime (8)
[2016.11.14-14.49.13:801][259]LogModuleManager: Shutting down and abandoning module Renderer (7)
[2016.11.14-14.49.13:801][259]LogModuleManager: Shutting down and abandoning module Engine (6)
[2016.11.14-14.49.13:801][259]LogModuleManager: Shutting down and abandoning module CoreUObject (5)
[2016.11.14-14.49.13:801][259]LogModuleManager: Shutting down and abandoning module NetworkFile (4)
[2016.11.14-14.49.13:801][259]LogModuleManager: Shutting down and abandoning module StreamingFile (3)
[2016.11.14-14.49.13:801][259]LogModuleManager: Shutting down and abandoning module SandboxFile (2)
[2016.11.14-14.49.13:801][259]LogModuleManager: Shutting down and abandoning module PakFile (1)
[2016.11.14-14.49.13:804][259]LogExit: Exiting.
[2016.11.14-14.49.13:806][259]Log file closed, 11/14/16 11:49:13
